2026-03-25 21:20:20 | INFO     | ======================================================================
2026-03-25 21:20:20 | INFO     | 🛰️  [결측치 채우기] Pivot 기반 Imputation 적용 시작 (v10 - Pivot 모드)
2026-03-25 21:20:20 | INFO     |   - 데이터 소스: ODAM
2026-03-25 21:20:20 | INFO     |   - 입력 경로 (HOURLY_DATA): C:\Users\USER\Documents\GitHub\COMS-KMA.AI\Data\1.outliers_rm
2026-03-25 21:20:20 | INFO     |   - Imputer 경로: C:\Users\USER\Documents\GitHub\COMS-KMA.AI\Imputers
2026-03-25 21:20:20 | INFO     |   - 출력 경로 (IMPUTED_DATA): C:\Users\USER\Documents\GitHub\COMS-KMA.AI\Data\2.imputed
2026-03-25 21:20:20 | INFO     |   - First Pivot: 2026-02-04
2026-03-25 21:20:20 | INFO     |   - Pivot Interval: 1일
2026-03-25 21:20:20 | INFO     |   - [v10] 처리 범위: 2025-12-14 부터 2026-02-11 까지
2026-03-25 21:20:20 | INFO     |   - 모드: 🔄 Resume
2026-03-25 21:20:20 | INFO     |   - 로그 파일: C:\Users\USER\Documents\GitHub\COMS-KMA.AI\Data\2.imputed\logs\impute_data_ODAM_20251214_to_20260211_20260325_212020.log
2026-03-25 21:20:20 | INFO     | ======================================================================
2026-03-25 21:20:20 | INFO     | 📂 스캔 중 (Pivot 기반, Interval: 1일): C:\Users\USER\Documents\GitHub\COMS-KMA.AI\Data\1.outliers_rm\WEATHER_ODAM
2026-03-25 21:20:20 | INFO     |   → First Pivot: 2026-02-04
2026-03-25 21:20:20 | INFO     |   → 50개 날짜 데이터 발견. (범위: 2025-12-14~2026-02-11)
2026-03-25 21:20:20 | INFO     | --- 2025-12-14 Imputation 적용 시작 ---
2026-03-25 21:20:20 | INFO     |     → 讀 Imputer 로드 중: odam_imputer_2026-02-04.pkl (Pivot: 2026-02-04)
2026-03-25 21:20:21 | INFO     |     → ✓ Pivot 2026-02-04 Imputer 로드 완료.
2026-03-25 21:20:21 | INFO     |   → 讀 2025-12-14 데이터 로드 중 (2개 파일)...
2026-03-25 21:20:21 | INFO     |     → ✓ 로드 및 병합 완료 (총 214200행)
2026-03-25 21:20:21 | INFO     |     → ⚙️ Imputation 적용 데이터 분리 중...
2026-03-25 21:20:21 | INFO     |       - 제거된 컬럼: 4개
2026-03-25 21:20:21 | INFO     |       - 적용 대상 컬럼: 16개
2026-03-25 21:20:21 | INFO     |     → ✨ Imputation 적용 중 (transform)...
2026-03-25 21:20:21 | INFO     |     → ✓ 적용 완료 (0.3초)
2026-03-25 21:20:21 | INFO     |     → 🧩 데이터 재조립 중...
2026-03-25 21:20:21 | INFO     |       - key_df 컬럼: 4개 (['geoId', 'geo_lon', 'geo_lat', 'dateTime'])
2026-03-25 21:20:21 | INFO     |       - imputed_df_data_part 컬럼: 16개
2026-03-25 21:20:21 | INFO     |       - final_imputed_df 컬럼: 20개
2026-03-25 21:20:21 | INFO     |     → ✓ 재조립 완료.
2026-03-25 21:20:21 | INFO     |     → 💾 Imputed 데이터 시간별 저장 중...
2026-03-25 21:20:23 | INFO     |     → ✓ 2개 시간별 파일 저장 완료.
2026-03-25 21:20:23 | INFO     | --- 2025-12-15 Imputation 적용 시작 ---
2026-03-25 21:20:23 | INFO     |   → 讀 2025-12-15 데이터 로드 중 (22개 파일)...
2026-03-25 21:20:25 | INFO     |     → ✓ 로드 및 병합 완료 (총 2356200행)
2026-03-25 21:20:25 | INFO     |     → ⚙️ Imputation 적용 데이터 분리 중...
2026-03-25 21:20:25 | INFO     |       - 제거된 컬럼: 4개
2026-03-25 21:20:25 | INFO     |       - 적용 대상 컬럼: 16개
2026-03-25 21:20:25 | INFO     |     → ✨ Imputation 적용 중 (transform)...
2026-03-25 21:20:27 | INFO     |     → ✓ 적용 완료 (2.5초)
2026-03-25 21:20:27 | INFO     |     → 🧩 데이터 재조립 중...
2026-03-25 21:20:27 | INFO     |       - key_df 컬럼: 4개 (['geoId', 'geo_lon', 'geo_lat', 'dateTime'])
2026-03-25 21:20:27 | INFO     |       - imputed_df_data_part 컬럼: 16개
2026-03-25 21:20:27 | INFO     |       - final_imputed_df 컬럼: 20개
2026-03-25 21:20:27 | INFO     |     → ✓ 재조립 완료.
2026-03-25 21:20:27 | INFO     |     → 💾 Imputed 데이터 시간별 저장 중...
2026-03-25 21:20:39 | INFO     |     → ✓ 22개 시간별 파일 저장 완료.
2026-03-25 21:20:39 | INFO     | --- 2025-12-16 Imputation 적용 시작 ---
2026-03-25 21:20:39 | INFO     |   → 讀 2025-12-16 데이터 로드 중 (24개 파일)...
2026-03-25 21:20:41 | INFO     |     → ✓ 로드 및 병합 완료 (총 2570400행)
2026-03-25 21:20:41 | INFO     |     → ⚙️ Imputation 적용 데이터 분리 중...
2026-03-25 21:20:41 | INFO     |       - 제거된 컬럼: 4개
2026-03-25 21:20:41 | INFO     |       - 적용 대상 컬럼: 16개
2026-03-25 21:20:41 | INFO     |     → ✨ Imputation 적용 중 (transform)...
2026-03-25 21:20:44 | INFO     |     → ✓ 적용 완료 (2.8초)
2026-03-25 21:20:44 | INFO     |     → 🧩 데이터 재조립 중...
2026-03-25 21:20:44 | INFO     |       - key_df 컬럼: 4개 (['geoId', 'geo_lon', 'geo_lat', 'dateTime'])
2026-03-25 21:20:44 | INFO     |       - imputed_df_data_part 컬럼: 16개
2026-03-25 21:20:44 | INFO     |       - final_imputed_df 컬럼: 20개
2026-03-25 21:20:44 | INFO     |     → ✓ 재조립 완료.
2026-03-25 21:20:44 | INFO     |     → 💾 Imputed 데이터 시간별 저장 중...
2026-03-25 21:20:57 | INFO     |     → ✓ 24개 시간별 파일 저장 완료.
2026-03-25 21:20:57 | INFO     | --- 2025-12-17 Imputation 적용 시작 ---
2026-03-25 21:20:57 | INFO     |   → 讀 2025-12-17 데이터 로드 중 (24개 파일)...
2026-03-25 21:20:59 | INFO     |     → ✓ 로드 및 병합 완료 (총 2570400행)
2026-03-25 21:20:59 | INFO     |     → ⚙️ Imputation 적용 데이터 분리 중...
2026-03-25 21:20:59 | INFO     |       - 제거된 컬럼: 4개
2026-03-25 21:20:59 | INFO     |       - 적용 대상 컬럼: 16개
2026-03-25 21:20:59 | INFO     |     → ✨ Imputation 적용 중 (transform)...
2026-03-25 21:21:03 | INFO     |     → ✓ 적용 완료 (3.6초)
2026-03-25 21:21:03 | INFO     |     → 🧩 데이터 재조립 중...
2026-03-25 21:21:03 | INFO     |       - key_df 컬럼: 4개 (['geoId', 'geo_lon', 'geo_lat', 'dateTime'])
2026-03-25 21:21:03 | INFO     |       - imputed_df_data_part 컬럼: 16개
2026-03-25 21:21:03 | INFO     |       - final_imputed_df 컬럼: 20개
2026-03-25 21:21:03 | INFO     |     → ✓ 재조립 완료.
2026-03-25 21:21:03 | INFO     |     → 💾 Imputed 데이터 시간별 저장 중...
2026-03-25 21:21:16 | INFO     |     → ✓ 24개 시간별 파일 저장 완료.
2026-03-25 21:21:16 | INFO     | --- 2025-12-18 Imputation 적용 시작 ---
2026-03-25 21:21:16 | INFO     |   → 讀 2025-12-18 데이터 로드 중 (24개 파일)...
2026-03-25 21:21:19 | INFO     |     → ✓ 로드 및 병합 완료 (총 2570400행)
2026-03-25 21:21:19 | INFO     |     → ⚙️ Imputation 적용 데이터 분리 중...
2026-03-25 21:21:19 | INFO     |       - 제거된 컬럼: 4개
2026-03-25 21:21:19 | INFO     |       - 적용 대상 컬럼: 16개
2026-03-25 21:21:19 | INFO     |     → ✨ Imputation 적용 중 (transform)...
2026-03-25 21:21:23 | INFO     |     → ✓ 적용 완료 (3.8초)
2026-03-25 21:21:23 | INFO     |     → 🧩 데이터 재조립 중...
2026-03-25 21:21:23 | INFO     |       - key_df 컬럼: 4개 (['geoId', 'geo_lon', 'geo_lat', 'dateTime'])
2026-03-25 21:21:23 | INFO     |       - imputed_df_data_part 컬럼: 16개
2026-03-25 21:21:23 | INFO     |       - final_imputed_df 컬럼: 20개
2026-03-25 21:21:23 | INFO     |     → ✓ 재조립 완료.
2026-03-25 21:21:23 | INFO     |     → 💾 Imputed 데이터 시간별 저장 중...
2026-03-25 21:21:36 | INFO     |     → ✓ 24개 시간별 파일 저장 완료.
2026-03-25 21:21:36 | INFO     | --- 2025-12-19 Imputation 적용 시작 ---
2026-03-25 21:21:36 | INFO     |   → 讀 2025-12-19 데이터 로드 중 (24개 파일)...
2026-03-25 21:21:38 | INFO     |     → ✓ 로드 및 병합 완료 (총 2570400행)
2026-03-25 21:21:38 | INFO     |     → ⚙️ Imputation 적용 데이터 분리 중...
2026-03-25 21:21:38 | INFO     |       - 제거된 컬럼: 4개
2026-03-25 21:21:38 | INFO     |       - 적용 대상 컬럼: 16개
2026-03-25 21:21:38 | INFO     |     → ✨ Imputation 적용 중 (transform)...
2026-03-25 21:21:41 | INFO     |     → ✓ 적용 완료 (2.9초)
2026-03-25 21:21:41 | INFO     |     → 🧩 데이터 재조립 중...
2026-03-25 21:21:41 | INFO     |       - key_df 컬럼: 4개 (['geoId', 'geo_lon', 'geo_lat', 'dateTime'])
2026-03-25 21:21:41 | INFO     |       - imputed_df_data_part 컬럼: 16개
2026-03-25 21:21:41 | INFO     |       - final_imputed_df 컬럼: 20개
2026-03-25 21:21:41 | INFO     |     → ✓ 재조립 완료.
2026-03-25 21:21:41 | INFO     |     → 💾 Imputed 데이터 시간별 저장 중...
2026-03-25 21:21:54 | INFO     |     → ✓ 24개 시간별 파일 저장 완료.
2026-03-25 21:21:54 | INFO     | --- 2025-12-20 Imputation 적용 시작 ---
2026-03-25 21:21:54 | INFO     |   → 讀 2025-12-20 데이터 로드 중 (21개 파일)...
2026-03-25 21:21:56 | INFO     |     → ✓ 로드 및 병합 완료 (총 2249100행)
2026-03-25 21:21:56 | INFO     |     → ⚙️ Imputation 적용 데이터 분리 중...
2026-03-25 21:21:56 | INFO     |       - 제거된 컬럼: 4개
2026-03-25 21:21:56 | INFO     |       - 적용 대상 컬럼: 16개
2026-03-25 21:21:56 | INFO     |     → ✨ Imputation 적용 중 (transform)...
2026-03-25 21:22:00 | INFO     |     → ✓ 적용 완료 (3.3초)
2026-03-25 21:22:00 | INFO     |     → 🧩 데이터 재조립 중...
2026-03-25 21:22:00 | INFO     |       - key_df 컬럼: 4개 (['geoId', 'geo_lon', 'geo_lat', 'dateTime'])
2026-03-25 21:22:00 | INFO     |       - imputed_df_data_part 컬럼: 16개
2026-03-25 21:22:00 | INFO     |       - final_imputed_df 컬럼: 20개
2026-03-25 21:22:00 | INFO     |     → ✓ 재조립 완료.
2026-03-25 21:22:00 | INFO     |     → 💾 Imputed 데이터 시간별 저장 중...
2026-03-25 21:22:11 | INFO     |     → ✓ 21개 시간별 파일 저장 완료.
2026-03-25 21:22:11 | INFO     | --- 2025-12-21 Imputation 적용 시작 ---
2026-03-25 21:22:11 | INFO     |   → 讀 2025-12-21 데이터 로드 중 (21개 파일)...
2026-03-25 21:22:13 | INFO     |     → ✓ 로드 및 병합 완료 (총 2249100행)
2026-03-25 21:22:13 | INFO     |     → ⚙️ Imputation 적용 데이터 분리 중...
2026-03-25 21:22:13 | INFO     |       - 제거된 컬럼: 4개
2026-03-25 21:22:13 | INFO     |       - 적용 대상 컬럼: 16개
2026-03-25 21:22:13 | INFO     |     → ✨ Imputation 적용 중 (transform)...
2026-03-25 21:22:16 | INFO     |     → ✓ 적용 완료 (2.5초)
2026-03-25 21:22:16 | INFO     |     → 🧩 데이터 재조립 중...
2026-03-25 21:22:16 | INFO     |       - key_df 컬럼: 4개 (['geoId', 'geo_lon', 'geo_lat', 'dateTime'])
2026-03-25 21:22:16 | INFO     |       - imputed_df_data_part 컬럼: 16개
2026-03-25 21:22:16 | INFO     |       - final_imputed_df 컬럼: 20개
2026-03-25 21:22:16 | INFO     |     → ✓ 재조립 완료.
2026-03-25 21:22:16 | INFO     |     → 💾 Imputed 데이터 시간별 저장 중...
2026-03-25 21:22:27 | INFO     |     → ✓ 21개 시간별 파일 저장 완료.
2026-03-25 21:22:28 | INFO     | --- 2025-12-22 Imputation 적용 시작 ---
2026-03-25 21:22:28 | INFO     |   → 讀 2025-12-22 데이터 로드 중 (24개 파일)...
2026-03-25 21:22:30 | INFO     |     → ✓ 로드 및 병합 완료 (총 2570400행)
2026-03-25 21:22:30 | INFO     |     → ⚙️ Imputation 적용 데이터 분리 중...
2026-03-25 21:22:30 | INFO     |       - 제거된 컬럼: 4개
2026-03-25 21:22:30 | INFO     |       - 적용 대상 컬럼: 16개
2026-03-25 21:22:30 | INFO     |     → ✨ Imputation 적용 중 (transform)...
2026-03-25 21:22:33 | INFO     |     → ✓ 적용 완료 (2.8초)
2026-03-25 21:22:33 | INFO     |     → 🧩 데이터 재조립 중...
2026-03-25 21:22:33 | INFO     |       - key_df 컬럼: 4개 (['geoId', 'geo_lon', 'geo_lat', 'dateTime'])
2026-03-25 21:22:33 | INFO     |       - imputed_df_data_part 컬럼: 16개
2026-03-25 21:22:33 | INFO     |       - final_imputed_df 컬럼: 20개
2026-03-25 21:22:33 | INFO     |     → ✓ 재조립 완료.
2026-03-25 21:22:33 | INFO     |     → 💾 Imputed 데이터 시간별 저장 중...
2026-03-25 21:22:46 | INFO     |     → ✓ 24개 시간별 파일 저장 완료.
2026-03-25 21:22:46 | INFO     | --- 2025-12-23 Imputation 적용 시작 ---
2026-03-25 21:22:46 | INFO     |   → 讀 2025-12-23 데이터 로드 중 (24개 파일)...
2026-03-25 21:22:48 | INFO     |     → ✓ 로드 및 병합 완료 (총 2570400행)
2026-03-25 21:22:48 | INFO     |     → ⚙️ Imputation 적용 데이터 분리 중...
2026-03-25 21:22:48 | INFO     |       - 제거된 컬럼: 4개
2026-03-25 21:22:48 | INFO     |       - 적용 대상 컬럼: 16개
2026-03-25 21:22:48 | INFO     |     → ✨ Imputation 적용 중 (transform)...
2026-03-25 21:22:51 | INFO     |     → ✓ 적용 완료 (2.8초)
2026-03-25 21:22:51 | INFO     |     → 🧩 데이터 재조립 중...
2026-03-25 21:22:51 | INFO     |       - key_df 컬럼: 4개 (['geoId', 'geo_lon', 'geo_lat', 'dateTime'])
2026-03-25 21:22:51 | INFO     |       - imputed_df_data_part 컬럼: 16개
2026-03-25 21:22:51 | INFO     |       - final_imputed_df 컬럼: 20개
2026-03-25 21:22:51 | INFO     |     → ✓ 재조립 완료.
2026-03-25 21:22:51 | INFO     |     → 💾 Imputed 데이터 시간별 저장 중...
2026-03-25 21:23:04 | INFO     |     → ✓ 24개 시간별 파일 저장 완료.
2026-03-25 21:23:04 | INFO     | --- 2025-12-24 Imputation 적용 시작 ---
2026-03-25 21:23:04 | INFO     |   → 讀 2025-12-24 데이터 로드 중 (1개 파일)...
2026-03-25 21:23:04 | INFO     |     → ✓ 로드 및 병합 완료 (총 107100행)
2026-03-25 21:23:04 | INFO     |     → ⚙️ Imputation 적용 데이터 분리 중...
2026-03-25 21:23:04 | INFO     |       - 제거된 컬럼: 4개
2026-03-25 21:23:04 | INFO     |       - 적용 대상 컬럼: 16개
2026-03-25 21:23:04 | INFO     |     → ✨ Imputation 적용 중 (transform)...
2026-03-25 21:23:04 | INFO     |     → ✓ 적용 완료 (0.2초)
2026-03-25 21:23:04 | INFO     |     → 🧩 데이터 재조립 중...
2026-03-25 21:23:04 | INFO     |       - key_df 컬럼: 4개 (['geoId', 'geo_lon', 'geo_lat', 'dateTime'])
2026-03-25 21:23:04 | INFO     |       - imputed_df_data_part 컬럼: 16개
2026-03-25 21:23:04 | INFO     |       - final_imputed_df 컬럼: 20개
2026-03-25 21:23:04 | INFO     |     → ✓ 재조립 완료.
2026-03-25 21:23:04 | INFO     |     → 💾 Imputed 데이터 시간별 저장 중...
2026-03-25 21:23:05 | INFO     |     → ✓ 1개 시간별 파일 저장 완료.
2026-03-25 21:23:05 | INFO     | --- 2025-12-25 Imputation 적용 시작 ---
2026-03-25 21:23:05 | INFO     |   → 讀 2025-12-25 데이터 로드 중 (1개 파일)...
2026-03-25 21:23:05 | INFO     |     → ✓ 로드 및 병합 완료 (총 107100행)
2026-03-25 21:23:05 | INFO     |     → ⚙️ Imputation 적용 데이터 분리 중...
2026-03-25 21:23:05 | INFO     |       - 제거된 컬럼: 4개
2026-03-25 21:23:05 | INFO     |       - 적용 대상 컬럼: 16개
2026-03-25 21:23:05 | INFO     |     → ✨ Imputation 적용 중 (transform)...
2026-03-25 21:23:05 | INFO     |     → ✓ 적용 완료 (0.2초)
2026-03-25 21:23:05 | INFO     |     → 🧩 데이터 재조립 중...
2026-03-25 21:23:05 | INFO     |       - key_df 컬럼: 4개 (['geoId', 'geo_lon', 'geo_lat', 'dateTime'])
2026-03-25 21:23:05 | INFO     |       - imputed_df_data_part 컬럼: 16개
2026-03-25 21:23:05 | INFO     |       - final_imputed_df 컬럼: 20개
2026-03-25 21:23:05 | INFO     |     → ✓ 재조립 완료.
2026-03-25 21:23:05 | INFO     |     → 💾 Imputed 데이터 시간별 저장 중...
2026-03-25 21:23:06 | INFO     |     → ✓ 1개 시간별 파일 저장 완료.
2026-03-25 21:23:06 | INFO     | --- 2025-12-26 Imputation 적용 시작 ---
2026-03-25 21:23:06 | INFO     |   → 讀 2025-12-26 데이터 로드 중 (12개 파일)...
2026-03-25 21:23:07 | INFO     |     → ✓ 로드 및 병합 완료 (총 1285200행)
2026-03-25 21:23:07 | INFO     |     → ⚙️ Imputation 적용 데이터 분리 중...
2026-03-25 21:23:07 | INFO     |       - 제거된 컬럼: 4개
2026-03-25 21:23:07 | INFO     |       - 적용 대상 컬럼: 16개
2026-03-25 21:23:07 | INFO     |     → ✨ Imputation 적용 중 (transform)...
2026-03-25 21:23:09 | INFO     |     → ✓ 적용 완료 (1.5초)
2026-03-25 21:23:09 | INFO     |     → 🧩 데이터 재조립 중...
2026-03-25 21:23:09 | INFO     |       - key_df 컬럼: 4개 (['geoId', 'geo_lon', 'geo_lat', 'dateTime'])
2026-03-25 21:23:09 | INFO     |       - imputed_df_data_part 컬럼: 16개
2026-03-25 21:23:09 | INFO     |       - final_imputed_df 컬럼: 20개
2026-03-25 21:23:09 | INFO     |     → ✓ 재조립 완료.
2026-03-25 21:23:09 | INFO     |     → 💾 Imputed 데이터 시간별 저장 중...
2026-03-25 21:23:15 | INFO     |     → ✓ 12개 시간별 파일 저장 완료.
2026-03-25 21:23:15 | INFO     | --- 2025-12-27 Imputation 적용 시작 ---
2026-03-25 21:23:15 | INFO     |   → 讀 2025-12-27 데이터 로드 중 (19개 파일)...
2026-03-25 21:23:17 | INFO     |     → ✓ 로드 및 병합 완료 (총 2034900행)
2026-03-25 21:23:17 | INFO     |     → ⚙️ Imputation 적용 데이터 분리 중...
2026-03-25 21:23:17 | INFO     |       - 제거된 컬럼: 4개
2026-03-25 21:23:17 | INFO     |       - 적용 대상 컬럼: 16개
2026-03-25 21:23:17 | INFO     |     → ✨ Imputation 적용 중 (transform)...
2026-03-25 21:23:19 | INFO     |     → ✓ 적용 완료 (2.4초)
2026-03-25 21:23:19 | INFO     |     → 🧩 데이터 재조립 중...
2026-03-25 21:23:19 | INFO     |       - key_df 컬럼: 4개 (['geoId', 'geo_lon', 'geo_lat', 'dateTime'])
2026-03-25 21:23:19 | INFO     |       - imputed_df_data_part 컬럼: 16개
2026-03-25 21:23:20 | INFO     |       - final_imputed_df 컬럼: 20개
2026-03-25 21:23:20 | INFO     |     → ✓ 재조립 완료.
2026-03-25 21:23:20 | INFO     |     → 💾 Imputed 데이터 시간별 저장 중...
2026-03-25 21:23:30 | INFO     |     → ✓ 19개 시간별 파일 저장 완료.
2026-03-25 21:23:30 | INFO     | --- 2026-01-03 Imputation 적용 시작 ---
2026-03-25 21:23:30 | INFO     |   → 讀 2026-01-03 데이터 로드 중 (1개 파일)...
2026-03-25 21:23:30 | INFO     |     → ✓ 로드 및 병합 완료 (총 107100행)
2026-03-25 21:23:30 | INFO     |     → ⚙️ Imputation 적용 데이터 분리 중...
2026-03-25 21:23:30 | INFO     |       - 제거된 컬럼: 4개
2026-03-25 21:23:30 | INFO     |       - 적용 대상 컬럼: 16개
2026-03-25 21:23:30 | INFO     |     → ✨ Imputation 적용 중 (transform)...
2026-03-25 21:23:30 | INFO     |     → ✓ 적용 완료 (0.2초)
2026-03-25 21:23:30 | INFO     |     → 🧩 데이터 재조립 중...
2026-03-25 21:23:30 | INFO     |       - key_df 컬럼: 4개 (['geoId', 'geo_lon', 'geo_lat', 'dateTime'])
2026-03-25 21:23:30 | INFO     |       - imputed_df_data_part 컬럼: 16개
2026-03-25 21:23:30 | INFO     |       - final_imputed_df 컬럼: 20개
2026-03-25 21:23:30 | INFO     |     → ✓ 재조립 완료.
2026-03-25 21:23:30 | INFO     |     → 💾 Imputed 데이터 시간별 저장 중...
2026-03-25 21:23:31 | INFO     |     → ✓ 1개 시간별 파일 저장 완료.
2026-03-25 21:23:31 | INFO     | --- 2026-01-06 Imputation 적용 시작 ---
2026-03-25 21:23:31 | INFO     |   → 讀 2026-01-06 데이터 로드 중 (23개 파일)...
2026-03-25 21:23:33 | INFO     |     → ✓ 로드 및 병합 완료 (총 2463300행)
2026-03-25 21:23:33 | INFO     |     → ⚙️ Imputation 적용 데이터 분리 중...
2026-03-25 21:23:33 | INFO     |       - 제거된 컬럼: 4개
2026-03-25 21:23:33 | INFO     |       - 적용 대상 컬럼: 16개
2026-03-25 21:23:33 | INFO     |     → ✨ Imputation 적용 중 (transform)...
2026-03-25 21:23:36 | INFO     |     → ✓ 적용 완료 (2.7초)
2026-03-25 21:23:36 | INFO     |     → 🧩 데이터 재조립 중...
2026-03-25 21:23:36 | INFO     |       - key_df 컬럼: 4개 (['geoId', 'geo_lon', 'geo_lat', 'dateTime'])
2026-03-25 21:23:36 | INFO     |       - imputed_df_data_part 컬럼: 16개
2026-03-25 21:23:36 | INFO     |       - final_imputed_df 컬럼: 20개
2026-03-25 21:23:36 | INFO     |     → ✓ 재조립 완료.
2026-03-25 21:23:36 | INFO     |     → 💾 Imputed 데이터 시간별 저장 중...
2026-03-25 21:23:48 | INFO     |     → ✓ 23개 시간별 파일 저장 완료.
2026-03-25 21:23:48 | INFO     | --- 2026-01-07 Imputation 적용 시작 ---
2026-03-25 21:23:48 | INFO     |   → 讀 2026-01-07 데이터 로드 중 (24개 파일)...
2026-03-25 21:23:50 | INFO     |     → ✓ 로드 및 병합 완료 (총 2570400행)
2026-03-25 21:23:50 | INFO     |     → ⚙️ Imputation 적용 데이터 분리 중...
2026-03-25 21:23:50 | INFO     |       - 제거된 컬럼: 4개
2026-03-25 21:23:50 | INFO     |       - 적용 대상 컬럼: 16개
2026-03-25 21:23:50 | INFO     |     → ✨ Imputation 적용 중 (transform)...
2026-03-25 21:23:53 | INFO     |     → ✓ 적용 완료 (2.8초)
2026-03-25 21:23:53 | INFO     |     → 🧩 데이터 재조립 중...
2026-03-25 21:23:53 | INFO     |       - key_df 컬럼: 4개 (['geoId', 'geo_lon', 'geo_lat', 'dateTime'])
2026-03-25 21:23:53 | INFO     |       - imputed_df_data_part 컬럼: 16개
2026-03-25 21:23:53 | INFO     |       - final_imputed_df 컬럼: 20개
2026-03-25 21:23:53 | INFO     |     → ✓ 재조립 완료.
2026-03-25 21:23:53 | INFO     |     → 💾 Imputed 데이터 시간별 저장 중...
2026-03-25 21:24:06 | INFO     |     → ✓ 24개 시간별 파일 저장 완료.
2026-03-25 21:24:06 | INFO     | --- 2026-01-08 Imputation 적용 시작 ---
2026-03-25 21:24:06 | INFO     |   → 讀 2026-01-08 데이터 로드 중 (24개 파일)...
2026-03-25 21:24:08 | INFO     |     → ✓ 로드 및 병합 완료 (총 2570400행)
2026-03-25 21:24:09 | INFO     |     → ⚙️ Imputation 적용 데이터 분리 중...
2026-03-25 21:24:09 | INFO     |       - 제거된 컬럼: 4개
2026-03-25 21:24:09 | INFO     |       - 적용 대상 컬럼: 16개
2026-03-25 21:24:09 | INFO     |     → ✨ Imputation 적용 중 (transform)...
2026-03-25 21:24:11 | INFO     |     → ✓ 적용 완료 (2.8초)
2026-03-25 21:24:11 | INFO     |     → 🧩 데이터 재조립 중...
2026-03-25 21:24:11 | INFO     |       - key_df 컬럼: 4개 (['geoId', 'geo_lon', 'geo_lat', 'dateTime'])
2026-03-25 21:24:11 | INFO     |       - imputed_df_data_part 컬럼: 16개
2026-03-25 21:24:12 | INFO     |       - final_imputed_df 컬럼: 20개
2026-03-25 21:24:12 | INFO     |     → ✓ 재조립 완료.
2026-03-25 21:24:12 | INFO     |     → 💾 Imputed 데이터 시간별 저장 중...
2026-03-25 21:24:24 | INFO     |     → ✓ 24개 시간별 파일 저장 완료.
2026-03-25 21:24:24 | INFO     | --- 2026-01-09 Imputation 적용 시작 ---
2026-03-25 21:24:24 | INFO     |   → 讀 2026-01-09 데이터 로드 중 (24개 파일)...
2026-03-25 21:24:27 | INFO     |     → ✓ 로드 및 병합 완료 (총 2570400행)
2026-03-25 21:24:27 | INFO     |     → ⚙️ Imputation 적용 데이터 분리 중...
2026-03-25 21:24:27 | INFO     |       - 제거된 컬럼: 4개
2026-03-25 21:24:27 | INFO     |       - 적용 대상 컬럼: 16개
2026-03-25 21:24:27 | INFO     |     → ✨ Imputation 적용 중 (transform)...
2026-03-25 21:24:30 | INFO     |     → ✓ 적용 완료 (2.8초)
2026-03-25 21:24:30 | INFO     |     → 🧩 데이터 재조립 중...
2026-03-25 21:24:30 | INFO     |       - key_df 컬럼: 4개 (['geoId', 'geo_lon', 'geo_lat', 'dateTime'])
2026-03-25 21:24:30 | INFO     |       - imputed_df_data_part 컬럼: 16개
2026-03-25 21:24:30 | INFO     |       - final_imputed_df 컬럼: 20개
2026-03-25 21:24:30 | INFO     |     → ✓ 재조립 완료.
2026-03-25 21:24:30 | INFO     |     → 💾 Imputed 데이터 시간별 저장 중...
2026-03-25 21:24:43 | INFO     |     → ✓ 24개 시간별 파일 저장 완료.
2026-03-25 21:24:43 | INFO     | --- 2026-01-10 Imputation 적용 시작 ---
2026-03-25 21:24:43 | INFO     |   → 讀 2026-01-10 데이터 로드 중 (24개 파일)...
2026-03-25 21:24:45 | INFO     |     → ✓ 로드 및 병합 완료 (총 2570400행)
2026-03-25 21:24:45 | INFO     |     → ⚙️ Imputation 적용 데이터 분리 중...
2026-03-25 21:24:45 | INFO     |       - 제거된 컬럼: 4개
2026-03-25 21:24:45 | INFO     |       - 적용 대상 컬럼: 16개
2026-03-25 21:24:45 | INFO     |     → ✨ Imputation 적용 중 (transform)...
2026-03-25 21:24:48 | INFO     |     → ✓ 적용 완료 (2.9초)
2026-03-25 21:24:48 | INFO     |     → 🧩 데이터 재조립 중...
2026-03-25 21:24:48 | INFO     |       - key_df 컬럼: 4개 (['geoId', 'geo_lon', 'geo_lat', 'dateTime'])
2026-03-25 21:24:48 | INFO     |       - imputed_df_data_part 컬럼: 16개
2026-03-25 21:24:48 | INFO     |       - final_imputed_df 컬럼: 20개
2026-03-25 21:24:48 | INFO     |     → ✓ 재조립 완료.
2026-03-25 21:24:48 | INFO     |     → 💾 Imputed 데이터 시간별 저장 중...
2026-03-25 21:25:01 | INFO     |     → ✓ 24개 시간별 파일 저장 완료.
2026-03-25 21:25:01 | INFO     | --- 2026-01-11 Imputation 적용 시작 ---
2026-03-25 21:25:01 | INFO     |   → 讀 2026-01-11 데이터 로드 중 (24개 파일)...
2026-03-25 21:25:03 | INFO     |     → ✓ 로드 및 병합 완료 (총 2570400행)
2026-03-25 21:25:03 | INFO     |     → ⚙️ Imputation 적용 데이터 분리 중...
2026-03-25 21:25:03 | INFO     |       - 제거된 컬럼: 4개
2026-03-25 21:25:03 | INFO     |       - 적용 대상 컬럼: 16개
2026-03-25 21:25:03 | INFO     |     → ✨ Imputation 적용 중 (transform)...
2026-03-25 21:25:06 | INFO     |     → ✓ 적용 완료 (2.8초)
2026-03-25 21:25:06 | INFO     |     → 🧩 데이터 재조립 중...
2026-03-25 21:25:06 | INFO     |       - key_df 컬럼: 4개 (['geoId', 'geo_lon', 'geo_lat', 'dateTime'])
2026-03-25 21:25:06 | INFO     |       - imputed_df_data_part 컬럼: 16개
2026-03-25 21:25:06 | INFO     |       - final_imputed_df 컬럼: 20개
2026-03-25 21:25:06 | INFO     |     → ✓ 재조립 완료.
2026-03-25 21:25:06 | INFO     |     → 💾 Imputed 데이터 시간별 저장 중...
2026-03-25 21:25:19 | INFO     |     → ✓ 24개 시간별 파일 저장 완료.
2026-03-25 21:25:19 | INFO     | --- 2026-01-12 Imputation 적용 시작 ---
2026-03-25 21:25:19 | INFO     |   → 讀 2026-01-12 데이터 로드 중 (24개 파일)...
2026-03-25 21:25:21 | INFO     |     → ✓ 로드 및 병합 완료 (총 2570400행)
2026-03-25 21:25:21 | INFO     |     → ⚙️ Imputation 적용 데이터 분리 중...
2026-03-25 21:25:21 | INFO     |       - 제거된 컬럼: 4개
2026-03-25 21:25:21 | INFO     |       - 적용 대상 컬럼: 16개
2026-03-25 21:25:21 | INFO     |     → ✨ Imputation 적용 중 (transform)...
2026-03-25 21:25:24 | INFO     |     → ✓ 적용 완료 (2.8초)
2026-03-25 21:25:24 | INFO     |     → 🧩 데이터 재조립 중...
2026-03-25 21:25:24 | INFO     |       - key_df 컬럼: 4개 (['geoId', 'geo_lon', 'geo_lat', 'dateTime'])
2026-03-25 21:25:24 | INFO     |       - imputed_df_data_part 컬럼: 16개
2026-03-25 21:25:24 | INFO     |       - final_imputed_df 컬럼: 20개
2026-03-25 21:25:24 | INFO     |     → ✓ 재조립 완료.
2026-03-25 21:25:24 | INFO     |     → 💾 Imputed 데이터 시간별 저장 중...
2026-03-25 21:25:37 | INFO     |     → ✓ 24개 시간별 파일 저장 완료.
2026-03-25 21:25:37 | INFO     | --- 2026-01-13 Imputation 적용 시작 ---
2026-03-25 21:25:37 | INFO     |   → 讀 2026-01-13 데이터 로드 중 (24개 파일)...
2026-03-25 21:25:39 | INFO     |     → ✓ 로드 및 병합 완료 (총 2570400행)
2026-03-25 21:25:39 | INFO     |     → ⚙️ Imputation 적용 데이터 분리 중...
2026-03-25 21:25:39 | INFO     |       - 제거된 컬럼: 4개
2026-03-25 21:25:39 | INFO     |       - 적용 대상 컬럼: 16개
2026-03-25 21:25:39 | INFO     |     → ✨ Imputation 적용 중 (transform)...
2026-03-25 21:25:42 | INFO     |     → ✓ 적용 완료 (2.8초)
2026-03-25 21:25:42 | INFO     |     → 🧩 데이터 재조립 중...
2026-03-25 21:25:42 | INFO     |       - key_df 컬럼: 4개 (['geoId', 'geo_lon', 'geo_lat', 'dateTime'])
2026-03-25 21:25:42 | INFO     |       - imputed_df_data_part 컬럼: 16개
2026-03-25 21:25:42 | INFO     |       - final_imputed_df 컬럼: 20개
2026-03-25 21:25:43 | INFO     |     → ✓ 재조립 완료.
2026-03-25 21:25:43 | INFO     |     → 💾 Imputed 데이터 시간별 저장 중...
2026-03-25 21:25:55 | INFO     |     → ✓ 24개 시간별 파일 저장 완료.
2026-03-25 21:25:55 | INFO     | --- 2026-01-14 Imputation 적용 시작 ---
2026-03-25 21:25:55 | INFO     |   → 讀 2026-01-14 데이터 로드 중 (24개 파일)...
2026-03-25 21:25:58 | INFO     |     → ✓ 로드 및 병합 완료 (총 2570400행)
2026-03-25 21:25:58 | INFO     |     → ⚙️ Imputation 적용 데이터 분리 중...
2026-03-25 21:25:58 | INFO     |       - 제거된 컬럼: 4개
2026-03-25 21:25:58 | INFO     |       - 적용 대상 컬럼: 16개
2026-03-25 21:25:58 | INFO     |     → ✨ Imputation 적용 중 (transform)...
2026-03-25 21:26:00 | INFO     |     → ✓ 적용 완료 (2.9초)
2026-03-25 21:26:00 | INFO     |     → 🧩 데이터 재조립 중...
2026-03-25 21:26:00 | INFO     |       - key_df 컬럼: 4개 (['geoId', 'geo_lon', 'geo_lat', 'dateTime'])
2026-03-25 21:26:00 | INFO     |       - imputed_df_data_part 컬럼: 16개
2026-03-25 21:26:01 | INFO     |       - final_imputed_df 컬럼: 20개
2026-03-25 21:26:01 | INFO     |     → ✓ 재조립 완료.
2026-03-25 21:26:01 | INFO     |     → 💾 Imputed 데이터 시간별 저장 중...
2026-03-25 21:26:13 | INFO     |     → ✓ 24개 시간별 파일 저장 완료.
2026-03-25 21:26:13 | INFO     | --- 2026-01-15 Imputation 적용 시작 ---
2026-03-25 21:26:13 | INFO     |   → 讀 2026-01-15 데이터 로드 중 (24개 파일)...
2026-03-25 21:26:16 | INFO     |     → ✓ 로드 및 병합 완료 (총 2570400행)
2026-03-25 21:26:16 | INFO     |     → ⚙️ Imputation 적용 데이터 분리 중...
2026-03-25 21:26:16 | INFO     |       - 제거된 컬럼: 4개
2026-03-25 21:26:16 | INFO     |       - 적용 대상 컬럼: 16개
2026-03-25 21:26:16 | INFO     |     → ✨ Imputation 적용 중 (transform)...
2026-03-25 21:26:19 | INFO     |     → ✓ 적용 완료 (2.8초)
2026-03-25 21:26:19 | INFO     |     → 🧩 데이터 재조립 중...
2026-03-25 21:26:19 | INFO     |       - key_df 컬럼: 4개 (['geoId', 'geo_lon', 'geo_lat', 'dateTime'])
2026-03-25 21:26:19 | INFO     |       - imputed_df_data_part 컬럼: 16개
2026-03-25 21:26:19 | INFO     |       - final_imputed_df 컬럼: 20개
2026-03-25 21:26:19 | INFO     |     → ✓ 재조립 완료.
2026-03-25 21:26:19 | INFO     |     → 💾 Imputed 데이터 시간별 저장 중...
2026-03-25 21:26:31 | INFO     |     → ✓ 24개 시간별 파일 저장 완료.
2026-03-25 21:26:32 | INFO     | --- 2026-01-16 Imputation 적용 시작 ---
2026-03-25 21:26:32 | INFO     |   → 讀 2026-01-16 데이터 로드 중 (24개 파일)...
2026-03-25 21:26:34 | INFO     |     → ✓ 로드 및 병합 완료 (총 2570400행)
2026-03-25 21:26:34 | INFO     |     → ⚙️ Imputation 적용 데이터 분리 중...
2026-03-25 21:26:34 | INFO     |       - 제거된 컬럼: 4개
2026-03-25 21:26:34 | INFO     |       - 적용 대상 컬럼: 16개
2026-03-25 21:26:34 | INFO     |     → ✨ Imputation 적용 중 (transform)...
2026-03-25 21:26:37 | INFO     |     → ✓ 적용 완료 (2.8초)
2026-03-25 21:26:37 | INFO     |     → 🧩 데이터 재조립 중...
2026-03-25 21:26:37 | INFO     |       - key_df 컬럼: 4개 (['geoId', 'geo_lon', 'geo_lat', 'dateTime'])
2026-03-25 21:26:37 | INFO     |       - imputed_df_data_part 컬럼: 16개
2026-03-25 21:26:37 | INFO     |       - final_imputed_df 컬럼: 20개
2026-03-25 21:26:37 | INFO     |     → ✓ 재조립 완료.
2026-03-25 21:26:37 | INFO     |     → 💾 Imputed 데이터 시간별 저장 중...
2026-03-25 21:26:50 | INFO     |     → ✓ 24개 시간별 파일 저장 완료.
2026-03-25 21:26:50 | INFO     | --- 2026-01-17 Imputation 적용 시작 ---
2026-03-25 21:26:50 | INFO     |   → 讀 2026-01-17 데이터 로드 중 (24개 파일)...
2026-03-25 21:26:52 | INFO     |     → ✓ 로드 및 병합 완료 (총 2570400행)
2026-03-25 21:26:52 | INFO     |     → ⚙️ Imputation 적용 데이터 분리 중...
2026-03-25 21:26:52 | INFO     |       - 제거된 컬럼: 4개
2026-03-25 21:26:52 | INFO     |       - 적용 대상 컬럼: 16개
2026-03-25 21:26:52 | INFO     |     → ✨ Imputation 적용 중 (transform)...
2026-03-25 21:26:55 | INFO     |     → ✓ 적용 완료 (2.8초)
2026-03-25 21:26:55 | INFO     |     → 🧩 데이터 재조립 중...
2026-03-25 21:26:55 | INFO     |       - key_df 컬럼: 4개 (['geoId', 'geo_lon', 'geo_lat', 'dateTime'])
2026-03-25 21:26:55 | INFO     |       - imputed_df_data_part 컬럼: 16개
2026-03-25 21:26:55 | INFO     |       - final_imputed_df 컬럼: 20개
2026-03-25 21:26:55 | INFO     |     → ✓ 재조립 완료.
2026-03-25 21:26:55 | INFO     |     → 💾 Imputed 데이터 시간별 저장 중...
2026-03-25 21:27:08 | INFO     |     → ✓ 24개 시간별 파일 저장 완료.
2026-03-25 21:27:08 | INFO     | --- 2026-01-18 Imputation 적용 시작 ---
2026-03-25 21:27:08 | INFO     |   → 讀 2026-01-18 데이터 로드 중 (24개 파일)...
2026-03-25 21:27:10 | INFO     |     → ✓ 로드 및 병합 완료 (총 2570400행)
2026-03-25 21:27:10 | INFO     |     → ⚙️ Imputation 적용 데이터 분리 중...
2026-03-25 21:27:10 | INFO     |       - 제거된 컬럼: 4개
2026-03-25 21:27:10 | INFO     |       - 적용 대상 컬럼: 16개
2026-03-25 21:27:10 | INFO     |     → ✨ Imputation 적용 중 (transform)...
2026-03-25 21:27:13 | INFO     |     → ✓ 적용 완료 (2.8초)
2026-03-25 21:27:13 | INFO     |     → 🧩 데이터 재조립 중...
2026-03-25 21:27:13 | INFO     |       - key_df 컬럼: 4개 (['geoId', 'geo_lon', 'geo_lat', 'dateTime'])
2026-03-25 21:27:13 | INFO     |       - imputed_df_data_part 컬럼: 16개
2026-03-25 21:27:13 | INFO     |       - final_imputed_df 컬럼: 20개
2026-03-25 21:27:13 | INFO     |     → ✓ 재조립 완료.
2026-03-25 21:27:13 | INFO     |     → 💾 Imputed 데이터 시간별 저장 중...
2026-03-25 21:27:26 | INFO     |     → ✓ 24개 시간별 파일 저장 완료.
2026-03-25 21:27:26 | INFO     | --- 2026-01-19 Imputation 적용 시작 ---
2026-03-25 21:27:26 | INFO     |   → 讀 2026-01-19 데이터 로드 중 (18개 파일)...
2026-03-25 21:27:28 | INFO     |     → ✓ 로드 및 병합 완료 (총 1927800행)
2026-03-25 21:27:28 | INFO     |     → ⚙️ Imputation 적용 데이터 분리 중...
2026-03-25 21:27:28 | INFO     |       - 제거된 컬럼: 4개
2026-03-25 21:27:28 | INFO     |       - 적용 대상 컬럼: 16개
2026-03-25 21:27:28 | INFO     |     → ✨ Imputation 적용 중 (transform)...
2026-03-25 21:27:30 | INFO     |     → ✓ 적용 완료 (2.2초)
2026-03-25 21:27:30 | INFO     |     → 🧩 데이터 재조립 중...
2026-03-25 21:27:30 | INFO     |       - key_df 컬럼: 4개 (['geoId', 'geo_lon', 'geo_lat', 'dateTime'])
2026-03-25 21:27:30 | INFO     |       - imputed_df_data_part 컬럼: 16개
2026-03-25 21:27:30 | INFO     |       - final_imputed_df 컬럼: 20개
2026-03-25 21:27:30 | INFO     |     → ✓ 재조립 완료.
2026-03-25 21:27:30 | INFO     |     → 💾 Imputed 데이터 시간별 저장 중...
2026-03-25 21:27:40 | INFO     |     → ✓ 18개 시간별 파일 저장 완료.
2026-03-25 21:27:40 | INFO     | --- 2026-01-22 Imputation 적용 시작 ---
2026-03-25 21:27:40 | INFO     |   → 讀 2026-01-22 데이터 로드 중 (8개 파일)...
2026-03-25 21:27:40 | INFO     |     → ✓ 로드 및 병합 완료 (총 856800행)
2026-03-25 21:27:40 | INFO     |     → ⚙️ Imputation 적용 데이터 분리 중...
2026-03-25 21:27:40 | INFO     |       - 제거된 컬럼: 4개
2026-03-25 21:27:40 | INFO     |       - 적용 대상 컬럼: 16개
2026-03-25 21:27:40 | INFO     |     → ✨ Imputation 적용 중 (transform)...
2026-03-25 21:27:41 | INFO     |     → ✓ 적용 완료 (1.0초)
2026-03-25 21:27:41 | INFO     |     → 🧩 데이터 재조립 중...
2026-03-25 21:27:41 | INFO     |       - key_df 컬럼: 4개 (['geoId', 'geo_lon', 'geo_lat', 'dateTime'])
2026-03-25 21:27:41 | INFO     |       - imputed_df_data_part 컬럼: 16개
2026-03-25 21:27:42 | INFO     |       - final_imputed_df 컬럼: 20개
2026-03-25 21:27:42 | INFO     |     → ✓ 재조립 완료.
2026-03-25 21:27:42 | INFO     |     → 💾 Imputed 데이터 시간별 저장 중...
2026-03-25 21:27:46 | INFO     |     → ✓ 8개 시간별 파일 저장 완료.
2026-03-25 21:27:46 | INFO     | --- 2026-01-23 Imputation 적용 시작 ---
2026-03-25 21:27:46 | INFO     |   → 讀 2026-01-23 데이터 로드 중 (24개 파일)...
2026-03-25 21:27:48 | INFO     |     → ✓ 로드 및 병합 완료 (총 2570400행)
2026-03-25 21:27:48 | INFO     |     → ⚙️ Imputation 적용 데이터 분리 중...
2026-03-25 21:27:48 | INFO     |       - 제거된 컬럼: 4개
2026-03-25 21:27:48 | INFO     |       - 적용 대상 컬럼: 16개
2026-03-25 21:27:48 | INFO     |     → ✨ Imputation 적용 중 (transform)...
2026-03-25 21:27:51 | INFO     |     → ✓ 적용 완료 (2.9초)
2026-03-25 21:27:51 | INFO     |     → 🧩 데이터 재조립 중...
2026-03-25 21:27:51 | INFO     |       - key_df 컬럼: 4개 (['geoId', 'geo_lon', 'geo_lat', 'dateTime'])
2026-03-25 21:27:51 | INFO     |       - imputed_df_data_part 컬럼: 16개
2026-03-25 21:27:51 | INFO     |       - final_imputed_df 컬럼: 20개
2026-03-25 21:27:51 | INFO     |     → ✓ 재조립 완료.
2026-03-25 21:27:51 | INFO     |     → 💾 Imputed 데이터 시간별 저장 중...
2026-03-25 21:28:08 | INFO     |     → ✓ 24개 시간별 파일 저장 완료.
2026-03-25 21:28:08 | INFO     | --- 2026-01-24 Imputation 적용 시작 ---
2026-03-25 21:28:08 | INFO     |   → 讀 2026-01-24 데이터 로드 중 (24개 파일)...
2026-03-25 21:28:10 | INFO     |     → ✓ 로드 및 병합 완료 (총 2570400행)
2026-03-25 21:28:10 | INFO     |     → ⚙️ Imputation 적용 데이터 분리 중...
2026-03-25 21:28:10 | INFO     |       - 제거된 컬럼: 4개
2026-03-25 21:28:10 | INFO     |       - 적용 대상 컬럼: 16개
2026-03-25 21:28:10 | INFO     |     → ✨ Imputation 적용 중 (transform)...
2026-03-25 21:28:13 | INFO     |     → ✓ 적용 완료 (2.8초)
2026-03-25 21:28:13 | INFO     |     → 🧩 데이터 재조립 중...
2026-03-25 21:28:13 | INFO     |       - key_df 컬럼: 4개 (['geoId', 'geo_lon', 'geo_lat', 'dateTime'])
2026-03-25 21:28:13 | INFO     |       - imputed_df_data_part 컬럼: 16개
2026-03-25 21:28:13 | INFO     |       - final_imputed_df 컬럼: 20개
2026-03-25 21:28:14 | INFO     |     → ✓ 재조립 완료.
2026-03-25 21:28:14 | INFO     |     → 💾 Imputed 데이터 시간별 저장 중...
2026-03-25 21:28:26 | INFO     |     → ✓ 24개 시간별 파일 저장 완료.
2026-03-25 21:28:26 | INFO     | --- 2026-01-25 Imputation 적용 시작 ---
2026-03-25 21:28:26 | INFO     |   → 讀 2026-01-25 데이터 로드 중 (24개 파일)...
2026-03-25 21:28:28 | INFO     |     → ✓ 로드 및 병합 완료 (총 2570400행)
2026-03-25 21:28:28 | INFO     |     → ⚙️ Imputation 적용 데이터 분리 중...
2026-03-25 21:28:29 | INFO     |       - 제거된 컬럼: 4개
2026-03-25 21:28:29 | INFO     |       - 적용 대상 컬럼: 16개
2026-03-25 21:28:29 | INFO     |     → ✨ Imputation 적용 중 (transform)...
2026-03-25 21:28:31 | INFO     |     → ✓ 적용 완료 (2.8초)
2026-03-25 21:28:31 | INFO     |     → 🧩 데이터 재조립 중...
2026-03-25 21:28:31 | INFO     |       - key_df 컬럼: 4개 (['geoId', 'geo_lon', 'geo_lat', 'dateTime'])
2026-03-25 21:28:31 | INFO     |       - imputed_df_data_part 컬럼: 16개
2026-03-25 21:28:32 | INFO     |       - final_imputed_df 컬럼: 20개
2026-03-25 21:28:32 | INFO     |     → ✓ 재조립 완료.
2026-03-25 21:28:32 | INFO     |     → 💾 Imputed 데이터 시간별 저장 중...
2026-03-25 21:28:44 | INFO     |     → ✓ 24개 시간별 파일 저장 완료.
2026-03-25 21:28:44 | INFO     | --- 2026-01-26 Imputation 적용 시작 ---
2026-03-25 21:28:44 | INFO     |   → 讀 2026-01-26 데이터 로드 중 (23개 파일)...
2026-03-25 21:28:46 | INFO     |     → ✓ 로드 및 병합 완료 (총 2463300행)
2026-03-25 21:28:46 | INFO     |     → ⚙️ Imputation 적용 데이터 분리 중...
2026-03-25 21:28:46 | INFO     |       - 제거된 컬럼: 4개
2026-03-25 21:28:46 | INFO     |       - 적용 대상 컬럼: 16개
2026-03-25 21:28:47 | INFO     |     → ✨ Imputation 적용 중 (transform)...
2026-03-25 21:28:49 | INFO     |     → ✓ 적용 완료 (2.7초)
2026-03-25 21:28:49 | INFO     |     → 🧩 데이터 재조립 중...
2026-03-25 21:28:49 | INFO     |       - key_df 컬럼: 4개 (['geoId', 'geo_lon', 'geo_lat', 'dateTime'])
2026-03-25 21:28:49 | INFO     |       - imputed_df_data_part 컬럼: 16개
2026-03-25 21:28:49 | INFO     |       - final_imputed_df 컬럼: 20개
2026-03-25 21:28:49 | INFO     |     → ✓ 재조립 완료.
2026-03-25 21:28:49 | INFO     |     → 💾 Imputed 데이터 시간별 저장 중...
2026-03-25 21:29:02 | INFO     |     → ✓ 23개 시간별 파일 저장 완료.
2026-03-25 21:29:02 | INFO     | --- 2026-01-27 Imputation 적용 시작 ---
2026-03-25 21:29:02 | INFO     |   → 讀 2026-01-27 데이터 로드 중 (24개 파일)...
2026-03-25 21:29:04 | INFO     |     → ✓ 로드 및 병합 완료 (총 2570400행)
2026-03-25 21:29:04 | INFO     |     → ⚙️ Imputation 적용 데이터 분리 중...
2026-03-25 21:29:04 | INFO     |       - 제거된 컬럼: 4개
2026-03-25 21:29:04 | INFO     |       - 적용 대상 컬럼: 16개
2026-03-25 21:29:04 | INFO     |     → ✨ Imputation 적용 중 (transform)...
2026-03-25 21:29:07 | INFO     |     → ✓ 적용 완료 (2.8초)
2026-03-25 21:29:07 | INFO     |     → 🧩 데이터 재조립 중...
2026-03-25 21:29:07 | INFO     |       - key_df 컬럼: 4개 (['geoId', 'geo_lon', 'geo_lat', 'dateTime'])
2026-03-25 21:29:07 | INFO     |       - imputed_df_data_part 컬럼: 16개
2026-03-25 21:29:07 | INFO     |       - final_imputed_df 컬럼: 20개
2026-03-25 21:29:07 | INFO     |     → ✓ 재조립 완료.
2026-03-25 21:29:07 | INFO     |     → 💾 Imputed 데이터 시간별 저장 중...
2026-03-25 21:29:20 | INFO     |     → ✓ 24개 시간별 파일 저장 완료.
2026-03-25 21:29:20 | INFO     | --- 2026-01-28 Imputation 적용 시작 ---
2026-03-25 21:29:20 | INFO     |   → 讀 2026-01-28 데이터 로드 중 (24개 파일)...
2026-03-25 21:29:22 | INFO     |     → ✓ 로드 및 병합 완료 (총 2570400행)
2026-03-25 21:29:22 | INFO     |     → ⚙️ Imputation 적용 데이터 분리 중...
2026-03-25 21:29:22 | INFO     |       - 제거된 컬럼: 4개
2026-03-25 21:29:22 | INFO     |       - 적용 대상 컬럼: 16개
2026-03-25 21:29:22 | INFO     |     → ✨ Imputation 적용 중 (transform)...
2026-03-25 21:29:25 | INFO     |     → ✓ 적용 완료 (2.8초)
2026-03-25 21:29:25 | INFO     |     → 🧩 데이터 재조립 중...
2026-03-25 21:29:25 | INFO     |       - key_df 컬럼: 4개 (['geoId', 'geo_lon', 'geo_lat', 'dateTime'])
2026-03-25 21:29:25 | INFO     |       - imputed_df_data_part 컬럼: 16개
2026-03-25 21:29:25 | INFO     |       - final_imputed_df 컬럼: 20개
2026-03-25 21:29:25 | INFO     |     → ✓ 재조립 완료.
2026-03-25 21:29:25 | INFO     |     → 💾 Imputed 데이터 시간별 저장 중...
2026-03-25 21:29:38 | INFO     |     → ✓ 24개 시간별 파일 저장 완료.
2026-03-25 21:29:38 | INFO     | --- 2026-01-29 Imputation 적용 시작 ---
2026-03-25 21:29:38 | INFO     |   → 讀 2026-01-29 데이터 로드 중 (24개 파일)...
2026-03-25 21:29:40 | INFO     |     → ✓ 로드 및 병합 완료 (총 2570400행)
2026-03-25 21:29:40 | INFO     |     → ⚙️ Imputation 적용 데이터 분리 중...
2026-03-25 21:29:40 | INFO     |       - 제거된 컬럼: 4개
2026-03-25 21:29:40 | INFO     |       - 적용 대상 컬럼: 16개
2026-03-25 21:29:40 | INFO     |     → ✨ Imputation 적용 중 (transform)...
2026-03-25 21:29:43 | INFO     |     → ✓ 적용 완료 (2.8초)
2026-03-25 21:29:43 | INFO     |     → 🧩 데이터 재조립 중...
2026-03-25 21:29:43 | INFO     |       - key_df 컬럼: 4개 (['geoId', 'geo_lon', 'geo_lat', 'dateTime'])
2026-03-25 21:29:43 | INFO     |       - imputed_df_data_part 컬럼: 16개
2026-03-25 21:29:43 | INFO     |       - final_imputed_df 컬럼: 20개
2026-03-25 21:29:43 | INFO     |     → ✓ 재조립 완료.
2026-03-25 21:29:43 | INFO     |     → 💾 Imputed 데이터 시간별 저장 중...
2026-03-25 21:29:56 | INFO     |     → ✓ 24개 시간별 파일 저장 완료.
2026-03-25 21:29:56 | INFO     | --- 2026-01-30 Imputation 적용 시작 ---
2026-03-25 21:29:56 | INFO     |   → 讀 2026-01-30 데이터 로드 중 (24개 파일)...
2026-03-25 21:29:58 | INFO     |     → ✓ 로드 및 병합 완료 (총 2570400행)
2026-03-25 21:29:58 | INFO     |     → ⚙️ Imputation 적용 데이터 분리 중...
2026-03-25 21:29:58 | INFO     |       - 제거된 컬럼: 4개
2026-03-25 21:29:58 | INFO     |       - 적용 대상 컬럼: 16개
2026-03-25 21:29:58 | INFO     |     → ✨ Imputation 적용 중 (transform)...
2026-03-25 21:30:01 | INFO     |     → ✓ 적용 완료 (2.8초)
2026-03-25 21:30:01 | INFO     |     → 🧩 데이터 재조립 중...
2026-03-25 21:30:01 | INFO     |       - key_df 컬럼: 4개 (['geoId', 'geo_lon', 'geo_lat', 'dateTime'])
2026-03-25 21:30:01 | INFO     |       - imputed_df_data_part 컬럼: 16개
2026-03-25 21:30:02 | INFO     |       - final_imputed_df 컬럼: 20개
2026-03-25 21:30:02 | INFO     |     → ✓ 재조립 완료.
2026-03-25 21:30:02 | INFO     |     → 💾 Imputed 데이터 시간별 저장 중...
2026-03-25 21:30:14 | INFO     |     → ✓ 24개 시간별 파일 저장 완료.
2026-03-25 21:30:14 | INFO     | --- 2026-01-31 Imputation 적용 시작 ---
2026-03-25 21:30:14 | INFO     |   → 讀 2026-01-31 데이터 로드 중 (24개 파일)...
2026-03-25 21:30:17 | INFO     |     → ✓ 로드 및 병합 완료 (총 2570400행)
2026-03-25 21:30:17 | INFO     |     → ⚙️ Imputation 적용 데이터 분리 중...
2026-03-25 21:30:17 | INFO     |       - 제거된 컬럼: 4개
2026-03-25 21:30:17 | INFO     |       - 적용 대상 컬럼: 16개
2026-03-25 21:30:17 | INFO     |     → ✨ Imputation 적용 중 (transform)...
2026-03-25 21:30:20 | INFO     |     → ✓ 적용 완료 (2.9초)
2026-03-25 21:30:20 | INFO     |     → 🧩 데이터 재조립 중...
2026-03-25 21:30:20 | INFO     |       - key_df 컬럼: 4개 (['geoId', 'geo_lon', 'geo_lat', 'dateTime'])
2026-03-25 21:30:20 | INFO     |       - imputed_df_data_part 컬럼: 16개
2026-03-25 21:30:20 | INFO     |       - final_imputed_df 컬럼: 20개
2026-03-25 21:30:20 | INFO     |     → ✓ 재조립 완료.
2026-03-25 21:30:20 | INFO     |     → 💾 Imputed 데이터 시간별 저장 중...
2026-03-25 21:30:32 | INFO     |     → ✓ 24개 시간별 파일 저장 완료.
2026-03-25 21:30:33 | INFO     | --- 2026-02-01 Imputation 적용 시작 ---
2026-03-25 21:30:33 | INFO     |   → 讀 2026-02-01 데이터 로드 중 (24개 파일)...
2026-03-25 21:30:35 | INFO     |     → ✓ 로드 및 병합 완료 (총 2570400행)
2026-03-25 21:30:35 | INFO     |     → ⚙️ Imputation 적용 데이터 분리 중...
2026-03-25 21:30:35 | INFO     |       - 제거된 컬럼: 4개
2026-03-25 21:30:35 | INFO     |       - 적용 대상 컬럼: 16개
2026-03-25 21:30:35 | INFO     |     → ✨ Imputation 적용 중 (transform)...
2026-03-25 21:30:38 | INFO     |     → ✓ 적용 완료 (2.8초)
2026-03-25 21:30:38 | INFO     |     → 🧩 데이터 재조립 중...
2026-03-25 21:30:38 | INFO     |       - key_df 컬럼: 4개 (['geoId', 'geo_lon', 'geo_lat', 'dateTime'])
2026-03-25 21:30:38 | INFO     |       - imputed_df_data_part 컬럼: 16개
2026-03-25 21:30:38 | INFO     |       - final_imputed_df 컬럼: 20개
2026-03-25 21:30:38 | INFO     |     → ✓ 재조립 완료.
2026-03-25 21:30:38 | INFO     |     → 💾 Imputed 데이터 시간별 저장 중...
2026-03-25 21:30:51 | INFO     |     → ✓ 24개 시간별 파일 저장 완료.
2026-03-25 21:30:51 | INFO     | --- 2026-02-02 Imputation 적용 시작 ---
2026-03-25 21:30:51 | INFO     |   → 讀 2026-02-02 데이터 로드 중 (24개 파일)...
2026-03-25 21:30:53 | INFO     |     → ✓ 로드 및 병합 완료 (총 2570400행)
2026-03-25 21:30:53 | INFO     |     → ⚙️ Imputation 적용 데이터 분리 중...
2026-03-25 21:30:53 | INFO     |       - 제거된 컬럼: 4개
2026-03-25 21:30:53 | INFO     |       - 적용 대상 컬럼: 16개
2026-03-25 21:30:53 | INFO     |     → ✨ Imputation 적용 중 (transform)...
2026-03-25 21:30:56 | INFO     |     → ✓ 적용 완료 (2.8초)
2026-03-25 21:30:56 | INFO     |     → 🧩 데이터 재조립 중...
2026-03-25 21:30:56 | INFO     |       - key_df 컬럼: 4개 (['geoId', 'geo_lon', 'geo_lat', 'dateTime'])
2026-03-25 21:30:56 | INFO     |       - imputed_df_data_part 컬럼: 16개
2026-03-25 21:30:56 | INFO     |       - final_imputed_df 컬럼: 20개
2026-03-25 21:30:56 | INFO     |     → ✓ 재조립 완료.
2026-03-25 21:30:56 | INFO     |     → 💾 Imputed 데이터 시간별 저장 중...
2026-03-25 21:31:09 | INFO     |     → ✓ 24개 시간별 파일 저장 완료.
2026-03-25 21:31:09 | INFO     | --- 2026-02-03 Imputation 적용 시작 ---
2026-03-25 21:31:09 | INFO     |   → 讀 2026-02-03 데이터 로드 중 (24개 파일)...
2026-03-25 21:31:11 | INFO     |     → ✓ 로드 및 병합 완료 (총 2570400행)
2026-03-25 21:31:11 | INFO     |     → ⚙️ Imputation 적용 데이터 분리 중...
2026-03-25 21:31:11 | INFO     |       - 제거된 컬럼: 4개
2026-03-25 21:31:11 | INFO     |       - 적용 대상 컬럼: 16개
2026-03-25 21:31:11 | INFO     |     → ✨ Imputation 적용 중 (transform)...
2026-03-25 21:31:14 | INFO     |     → ✓ 적용 완료 (2.8초)
2026-03-25 21:31:14 | INFO     |     → 🧩 데이터 재조립 중...
2026-03-25 21:31:14 | INFO     |       - key_df 컬럼: 4개 (['geoId', 'geo_lon', 'geo_lat', 'dateTime'])
2026-03-25 21:31:14 | INFO     |       - imputed_df_data_part 컬럼: 16개
2026-03-25 21:31:14 | INFO     |       - final_imputed_df 컬럼: 20개
2026-03-25 21:31:14 | INFO     |     → ✓ 재조립 완료.
2026-03-25 21:31:14 | INFO     |     → 💾 Imputed 데이터 시간별 저장 중...
2026-03-25 21:31:27 | INFO     |     → ✓ 24개 시간별 파일 저장 완료.
2026-03-25 21:31:27 | INFO     | --- 2026-02-04 Imputation 적용 시작 ---
2026-03-25 21:31:27 | INFO     |   → 讀 2026-02-04 데이터 로드 중 (24개 파일)...
2026-03-25 21:31:29 | INFO     |     → ✓ 로드 및 병합 완료 (총 2570400행)
2026-03-25 21:31:29 | INFO     |     → ⚙️ Imputation 적용 데이터 분리 중...
2026-03-25 21:31:29 | INFO     |       - 제거된 컬럼: 4개
2026-03-25 21:31:29 | INFO     |       - 적용 대상 컬럼: 16개
2026-03-25 21:31:29 | INFO     |     → ✨ Imputation 적용 중 (transform)...
2026-03-25 21:31:32 | INFO     |     → ✓ 적용 완료 (2.8초)
2026-03-25 21:31:32 | INFO     |     → 🧩 데이터 재조립 중...
2026-03-25 21:31:32 | INFO     |       - key_df 컬럼: 4개 (['geoId', 'geo_lon', 'geo_lat', 'dateTime'])
2026-03-25 21:31:32 | INFO     |       - imputed_df_data_part 컬럼: 16개
2026-03-25 21:31:32 | INFO     |       - final_imputed_df 컬럼: 20개
2026-03-25 21:31:32 | INFO     |     → ✓ 재조립 완료.
2026-03-25 21:31:32 | INFO     |     → 💾 Imputed 데이터 시간별 저장 중...
2026-03-25 21:31:45 | INFO     |     → ✓ 24개 시간별 파일 저장 완료.
2026-03-25 21:31:45 | INFO     | --- 2026-02-05 Imputation 적용 시작 ---
2026-03-25 21:31:45 | INFO     |     → 讀 Imputer 로드 중: odam_imputer_2026-02-05.pkl (Pivot: 2026-02-05)
2026-03-25 21:31:45 | INFO     |     → ✓ Pivot 2026-02-05 Imputer 로드 완료.
2026-03-25 21:31:45 | INFO     |   → 讀 2026-02-05 데이터 로드 중 (24개 파일)...
2026-03-25 21:31:47 | INFO     |     → ✓ 로드 및 병합 완료 (총 2570400행)
2026-03-25 21:31:47 | INFO     |     → ⚙️ Imputation 적용 데이터 분리 중...
2026-03-25 21:31:47 | INFO     |       - 제거된 컬럼: 4개
2026-03-25 21:31:47 | INFO     |       - 적용 대상 컬럼: 16개
2026-03-25 21:31:47 | INFO     |     → ✨ Imputation 적용 중 (transform)...
2026-03-25 21:31:50 | INFO     |     → ✓ 적용 완료 (2.8초)
2026-03-25 21:31:50 | INFO     |     → 🧩 데이터 재조립 중...
2026-03-25 21:31:50 | INFO     |       - key_df 컬럼: 4개 (['geoId', 'geo_lon', 'geo_lat', 'dateTime'])
2026-03-25 21:31:50 | INFO     |       - imputed_df_data_part 컬럼: 16개
2026-03-25 21:31:50 | INFO     |       - final_imputed_df 컬럼: 20개
2026-03-25 21:31:50 | INFO     |     → ✓ 재조립 완료.
2026-03-25 21:31:50 | INFO     |     → 💾 Imputed 데이터 시간별 저장 중...
2026-03-25 21:32:03 | INFO     |     → ✓ 24개 시간별 파일 저장 완료.
2026-03-25 21:32:03 | INFO     | --- 2026-02-06 Imputation 적용 시작 ---
2026-03-25 21:32:03 | INFO     |     → 讀 Imputer 로드 중: odam_imputer_2026-02-06.pkl (Pivot: 2026-02-06)
2026-03-25 21:32:03 | INFO     |     → ✓ Pivot 2026-02-06 Imputer 로드 완료.
2026-03-25 21:32:03 | INFO     |   → 讀 2026-02-06 데이터 로드 중 (24개 파일)...
2026-03-25 21:32:06 | INFO     |     → ✓ 로드 및 병합 완료 (총 2570400행)
2026-03-25 21:32:06 | INFO     |     → ⚙️ Imputation 적용 데이터 분리 중...
2026-03-25 21:32:06 | INFO     |       - 제거된 컬럼: 4개
2026-03-25 21:32:06 | INFO     |       - 적용 대상 컬럼: 16개
2026-03-25 21:32:06 | INFO     |     → ✨ Imputation 적용 중 (transform)...
2026-03-25 21:32:08 | INFO     |     → ✓ 적용 완료 (2.8초)
2026-03-25 21:32:08 | INFO     |     → 🧩 데이터 재조립 중...
2026-03-25 21:32:08 | INFO     |       - key_df 컬럼: 4개 (['geoId', 'geo_lon', 'geo_lat', 'dateTime'])
2026-03-25 21:32:08 | INFO     |       - imputed_df_data_part 컬럼: 16개
2026-03-25 21:32:09 | INFO     |       - final_imputed_df 컬럼: 20개
2026-03-25 21:32:09 | INFO     |     → ✓ 재조립 완료.
2026-03-25 21:32:09 | INFO     |     → 💾 Imputed 데이터 시간별 저장 중...
2026-03-25 21:32:21 | INFO     |     → ✓ 24개 시간별 파일 저장 완료.
2026-03-25 21:32:21 | INFO     | --- 2026-02-07 Imputation 적용 시작 ---
2026-03-25 21:32:21 | INFO     |     → 讀 Imputer 로드 중: odam_imputer_2026-02-07.pkl (Pivot: 2026-02-07)
2026-03-25 21:32:21 | INFO     |     → ✓ Pivot 2026-02-07 Imputer 로드 완료.
2026-03-25 21:32:21 | INFO     |   → 讀 2026-02-07 데이터 로드 중 (24개 파일)...
2026-03-25 21:32:24 | INFO     |     → ✓ 로드 및 병합 완료 (총 2570400행)
2026-03-25 21:32:24 | INFO     |     → ⚙️ Imputation 적용 데이터 분리 중...
2026-03-25 21:32:24 | INFO     |       - 제거된 컬럼: 4개
2026-03-25 21:32:24 | INFO     |       - 적용 대상 컬럼: 16개
2026-03-25 21:32:24 | INFO     |     → ✨ Imputation 적용 중 (transform)...
2026-03-25 21:32:27 | INFO     |     → ✓ 적용 완료 (2.8초)
2026-03-25 21:32:27 | INFO     |     → 🧩 데이터 재조립 중...
2026-03-25 21:32:27 | INFO     |       - key_df 컬럼: 4개 (['geoId', 'geo_lon', 'geo_lat', 'dateTime'])
2026-03-25 21:32:27 | INFO     |       - imputed_df_data_part 컬럼: 16개
2026-03-25 21:32:27 | INFO     |       - final_imputed_df 컬럼: 20개
2026-03-25 21:32:27 | INFO     |     → ✓ 재조립 완료.
2026-03-25 21:32:27 | INFO     |     → 💾 Imputed 데이터 시간별 저장 중...
2026-03-25 21:32:40 | INFO     |     → ✓ 24개 시간별 파일 저장 완료.
2026-03-25 21:32:40 | INFO     | --- 2026-02-08 Imputation 적용 시작 ---
2026-03-25 21:32:40 | INFO     |     → 讀 Imputer 로드 중: odam_imputer_2026-02-08.pkl (Pivot: 2026-02-08)
2026-03-25 21:32:40 | INFO     |     → ✓ Pivot 2026-02-08 Imputer 로드 완료.
2026-03-25 21:32:40 | INFO     |   → 讀 2026-02-08 데이터 로드 중 (24개 파일)...
2026-03-25 21:32:42 | INFO     |     → ✓ 로드 및 병합 완료 (총 2570400행)
2026-03-25 21:32:42 | INFO     |     → ⚙️ Imputation 적용 데이터 분리 중...
2026-03-25 21:32:42 | INFO     |       - 제거된 컬럼: 4개
2026-03-25 21:32:42 | INFO     |       - 적용 대상 컬럼: 16개
2026-03-25 21:32:42 | INFO     |     → ✨ Imputation 적용 중 (transform)...
2026-03-25 21:32:45 | INFO     |     → ✓ 적용 완료 (2.8초)
2026-03-25 21:32:45 | INFO     |     → 🧩 데이터 재조립 중...
2026-03-25 21:32:45 | INFO     |       - key_df 컬럼: 4개 (['geoId', 'geo_lon', 'geo_lat', 'dateTime'])
2026-03-25 21:32:45 | INFO     |       - imputed_df_data_part 컬럼: 16개
2026-03-25 21:32:45 | INFO     |       - final_imputed_df 컬럼: 20개
2026-03-25 21:32:45 | INFO     |     → ✓ 재조립 완료.
2026-03-25 21:32:45 | INFO     |     → 💾 Imputed 데이터 시간별 저장 중...
2026-03-25 21:32:58 | INFO     |     → ✓ 24개 시간별 파일 저장 완료.
2026-03-25 21:32:58 | INFO     | --- 2026-02-09 Imputation 적용 시작 ---
2026-03-25 21:32:58 | INFO     |     → 讀 Imputer 로드 중: odam_imputer_2026-02-09.pkl (Pivot: 2026-02-09)
2026-03-25 21:32:58 | INFO     |     → ✓ Pivot 2026-02-09 Imputer 로드 완료.
2026-03-25 21:32:58 | INFO     |   → 讀 2026-02-09 데이터 로드 중 (24개 파일)...
2026-03-25 21:33:00 | INFO     |     → ✓ 로드 및 병합 완료 (총 2570400행)
2026-03-25 21:33:00 | INFO     |     → ⚙️ Imputation 적용 데이터 분리 중...
2026-03-25 21:33:00 | INFO     |       - 제거된 컬럼: 4개
2026-03-25 21:33:00 | INFO     |       - 적용 대상 컬럼: 16개
2026-03-25 21:33:00 | INFO     |     → ✨ Imputation 적용 중 (transform)...
2026-03-25 21:33:03 | INFO     |     → ✓ 적용 완료 (2.8초)
2026-03-25 21:33:03 | INFO     |     → 🧩 데이터 재조립 중...
2026-03-25 21:33:03 | INFO     |       - key_df 컬럼: 4개 (['geoId', 'geo_lon', 'geo_lat', 'dateTime'])
2026-03-25 21:33:03 | INFO     |       - imputed_df_data_part 컬럼: 16개
2026-03-25 21:33:03 | INFO     |       - final_imputed_df 컬럼: 20개
2026-03-25 21:33:03 | INFO     |     → ✓ 재조립 완료.
2026-03-25 21:33:03 | INFO     |     → 💾 Imputed 데이터 시간별 저장 중...
2026-03-25 21:33:16 | INFO     |     → ✓ 24개 시간별 파일 저장 완료.
2026-03-25 21:33:16 | INFO     | --- 2026-02-10 Imputation 적용 시작 ---
2026-03-25 21:33:16 | INFO     |     → 讀 Imputer 로드 중: odam_imputer_2026-02-10.pkl (Pivot: 2026-02-10)
2026-03-25 21:33:16 | INFO     |     → ✓ Pivot 2026-02-10 Imputer 로드 완료.
2026-03-25 21:33:16 | INFO     |   → 讀 2026-02-10 데이터 로드 중 (24개 파일)...
2026-03-25 21:33:18 | INFO     |     → ✓ 로드 및 병합 완료 (총 2570400행)
2026-03-25 21:33:18 | INFO     |     → ⚙️ Imputation 적용 데이터 분리 중...
2026-03-25 21:33:18 | INFO     |       - 제거된 컬럼: 4개
2026-03-25 21:33:18 | INFO     |       - 적용 대상 컬럼: 16개
2026-03-25 21:33:18 | INFO     |     → ✨ Imputation 적용 중 (transform)...
2026-03-25 21:33:21 | INFO     |     → ✓ 적용 완료 (2.9초)
2026-03-25 21:33:21 | INFO     |     → 🧩 데이터 재조립 중...
2026-03-25 21:33:21 | INFO     |       - key_df 컬럼: 4개 (['geoId', 'geo_lon', 'geo_lat', 'dateTime'])
2026-03-25 21:33:21 | INFO     |       - imputed_df_data_part 컬럼: 16개
2026-03-25 21:33:22 | INFO     |       - final_imputed_df 컬럼: 20개
2026-03-25 21:33:22 | INFO     |     → ✓ 재조립 완료.
2026-03-25 21:33:22 | INFO     |     → 💾 Imputed 데이터 시간별 저장 중...
2026-03-25 21:33:34 | INFO     |     → ✓ 24개 시간별 파일 저장 완료.
2026-03-25 21:33:34 | INFO     | --- 2026-02-11 Imputation 적용 시작 ---
2026-03-25 21:33:34 | INFO     |     → 讀 Imputer 로드 중: odam_imputer_2026-02-11.pkl (Pivot: 2026-02-11)
2026-03-25 21:33:34 | INFO     |     → ✓ Pivot 2026-02-11 Imputer 로드 완료.
2026-03-25 21:33:34 | INFO     |   → 讀 2026-02-11 데이터 로드 중 (24개 파일)...
2026-03-25 21:33:37 | INFO     |     → ✓ 로드 및 병합 완료 (총 2570400행)
2026-03-25 21:33:37 | INFO     |     → ⚙️ Imputation 적용 데이터 분리 중...
2026-03-25 21:33:37 | INFO     |       - 제거된 컬럼: 4개
2026-03-25 21:33:37 | INFO     |       - 적용 대상 컬럼: 16개
2026-03-25 21:33:37 | INFO     |     → ✨ Imputation 적용 중 (transform)...
2026-03-25 21:33:40 | INFO     |     → ✓ 적용 완료 (2.8초)
2026-03-25 21:33:40 | INFO     |     → 🧩 데이터 재조립 중...
2026-03-25 21:33:40 | INFO     |       - key_df 컬럼: 4개 (['geoId', 'geo_lon', 'geo_lat', 'dateTime'])
2026-03-25 21:33:40 | INFO     |       - imputed_df_data_part 컬럼: 16개
2026-03-25 21:33:40 | INFO     |       - final_imputed_df 컬럼: 20개
2026-03-25 21:33:40 | INFO     |     → ✓ 재조립 완료.
2026-03-25 21:33:40 | INFO     |     → 💾 Imputed 데이터 시간별 저장 중...
2026-03-25 21:33:53 | INFO     |     → ✓ 24개 시간별 파일 저장 완료.
2026-03-25 21:33:53 | INFO     | ======================================================================
2026-03-25 21:33:53 | INFO     | 🎉 [결측치 채우기] 작업이 완료되었습니다.
2026-03-25 21:33:53 | INFO     |   - 총 1060개의 시간별 파일이 생성/업데이트되었습니다.
2026-03-25 21:33:53 | INFO     |   - 총 0개 날짜를 건너뛰었습니다.
2026-03-25 21:33:53 | INFO     | 최종 Imputed 데이터는 C:\Users\USER\Documents\GitHub\COMS-KMA.AI\Data\2.imputed 에서 확인하세요.
2026-03-25 21:33:53 | INFO     | 상세 로그는 C:\Users\USER\Documents\GitHub\COMS-KMA.AI\Data\2.imputed\logs\impute_data_ODAM_20251214_to_20260211_20260325_212020.log 에서 확인하세요.
2026-03-25 21:33:53 | INFO     | ======================================================================
