2026-03-23 00:22:27 | INFO     | ======================================================================
2026-03-23 00:22:27 | INFO     | 🛰️  [결측치 채우기] Pivot 기반 Imputation 적용 시작 (v10 - Pivot 모드)
2026-03-23 00:22:27 | INFO     |   - 데이터 소스: GK2A
2026-03-23 00:22:27 | INFO     |   - 입력 경로 (HOURLY_DATA): C:\Users\USER\Documents\GitHub\COMS-KMA.AI\Data\1.outliers_rm
2026-03-23 00:22:27 | INFO     |   - Imputer 경로: C:\Users\USER\Documents\GitHub\COMS-KMA.AI\Imputers
2026-03-23 00:22:27 | INFO     |   - 출력 경로 (IMPUTED_DATA): C:\Users\USER\Documents\GitHub\COMS-KMA.AI\Data\2.imputed
2026-03-23 00:22:27 | INFO     |   - First Pivot: 2026-02-06
2026-03-23 00:22:27 | INFO     |   - Pivot Interval: 1일
2026-03-23 00:22:27 | INFO     |   - [v10] 처리 범위: 2025-12-14 부터 2026-02-12 까지
2026-03-23 00:22:27 | INFO     |   - 모드: 🔄 Resume
2026-03-23 00:22:27 | INFO     |   - 로그 파일: C:\Users\USER\Documents\GitHub\COMS-KMA.AI\Data\2.imputed\logs\impute_data_GK2A_20251214_to_20260212_20260323_002227.log
2026-03-23 00:22:27 | INFO     | ======================================================================
2026-03-23 00:22:27 | INFO     | 📂 스캔 중 (Pivot 기반, Interval: 1일): C:\Users\USER\Documents\GitHub\COMS-KMA.AI\Data\1.outliers_rm\KOMPSAT_LE2
2026-03-23 00:22:27 | INFO     |   → First Pivot: 2026-02-06
2026-03-23 00:22:27 | INFO     |   → 47개 날짜 데이터 발견. (범위: 2025-12-14~2026-02-12)
2026-03-23 00:22:27 | INFO     | --- 2025-12-14 Imputation 적용 시작 ---
2026-03-23 00:22:27 | INFO     |     → 讀 Imputer 로드 중: gk2a_imputer_2026-02-06.pkl (Pivot: 2026-02-06)
2026-03-23 00:22:28 | INFO     |     → ✓ Pivot 2026-02-06 Imputer 로드 완료.
2026-03-23 00:22:28 | INFO     |   → 讀 2025-12-14 데이터 로드 중 (2개 파일)...
2026-03-23 00:22:28 | INFO     |     → ✓ 로드 및 병합 완료 (총 214200행)
2026-03-23 00:22:29 | INFO     |     → ⚙️ Imputation 적용 데이터 분리 중...
2026-03-23 00:22:29 | INFO     |       - 제거된 컬럼: 52개
2026-03-23 00:22:29 | INFO     |       - 적용 대상 컬럼: 42개
2026-03-23 00:22:29 | INFO     |     → ✨ Imputation 적용 중 (transform)...
2026-03-23 00:24:03 | INFO     |     → ✓ 적용 완료 (94.4초)
2026-03-23 00:24:03 | INFO     |     → 🧩 데이터 재조립 중...
2026-03-23 00:24:03 | INFO     |       - key_df 컬럼: 4개 (['geoId', 'geo_lon', 'geo_lat', 'dateTime'])
2026-03-23 00:24:03 | INFO     |       - imputed_df_data_part 컬럼: 42개
2026-03-23 00:24:06 | INFO     |       - final_imputed_df 컬럼: 46개
2026-03-23 00:24:06 | INFO     |     → ✓ 재조립 완료.
2026-03-23 00:24:06 | INFO     |     → 💾 Imputed 데이터 시간별 저장 중...
2026-03-23 00:24:08 | INFO     |     → ✓ 2개 시간별 파일 저장 완료.
2026-03-23 00:24:08 | INFO     | --- 2025-12-15 Imputation 적용 시작 ---
2026-03-23 00:24:08 | INFO     |   → 讀 2025-12-15 데이터 로드 중 (21개 파일)...
2026-03-23 00:24:14 | INFO     |     → ✓ 로드 및 병합 완료 (총 2249100행)
2026-03-23 00:24:17 | INFO     |     → ⚙️ Imputation 적용 데이터 분리 중...
2026-03-23 00:24:18 | INFO     |       - 제거된 컬럼: 52개
2026-03-23 00:24:18 | INFO     |       - 적용 대상 컬럼: 42개
2026-03-23 00:24:18 | INFO     |     → ✨ Imputation 적용 중 (transform)...
2026-03-23 01:05:47 | INFO     |     → ✓ 적용 완료 (2488.5초)
2026-03-23 01:05:47 | INFO     |     → 🧩 데이터 재조립 중...
2026-03-23 01:05:47 | INFO     |       - key_df 컬럼: 4개 (['geoId', 'geo_lon', 'geo_lat', 'dateTime'])
2026-03-23 01:05:47 | INFO     |       - imputed_df_data_part 컬럼: 42개
2026-03-23 01:06:15 | INFO     |       - final_imputed_df 컬럼: 46개
2026-03-23 01:06:15 | INFO     |     → ✓ 재조립 완료.
2026-03-23 01:06:15 | INFO     |     → 💾 Imputed 데이터 시간별 저장 중...
2026-03-23 01:06:35 | INFO     |     → ✓ 21개 시간별 파일 저장 완료.
2026-03-23 01:06:35 | INFO     | --- 2025-12-16 Imputation 적용 시작 ---
2026-03-23 01:06:35 | INFO     |   → 讀 2025-12-16 데이터 로드 중 (23개 파일)...
2026-03-23 01:06:42 | INFO     |     → ✓ 로드 및 병합 완료 (총 2463300행)
2026-03-23 01:06:45 | INFO     |     → ⚙️ Imputation 적용 데이터 분리 중...
2026-03-23 01:06:46 | INFO     |       - 제거된 컬럼: 52개
2026-03-23 01:06:46 | INFO     |       - 적용 대상 컬럼: 42개
2026-03-23 01:06:46 | INFO     |     → ✨ Imputation 적용 중 (transform)...
2026-03-23 02:04:39 | INFO     |     → ✓ 적용 완료 (3472.7초)
2026-03-23 02:04:39 | INFO     |     → 🧩 데이터 재조립 중...
2026-03-23 02:04:39 | INFO     |       - key_df 컬럼: 4개 (['geoId', 'geo_lon', 'geo_lat', 'dateTime'])
2026-03-23 02:04:39 | INFO     |       - imputed_df_data_part 컬럼: 42개
2026-03-23 02:05:10 | INFO     |       - final_imputed_df 컬럼: 46개
2026-03-23 02:05:10 | INFO     |     → ✓ 재조립 완료.
2026-03-23 02:05:10 | INFO     |     → 💾 Imputed 데이터 시간별 저장 중...
2026-03-23 02:05:31 | INFO     |     → ✓ 23개 시간별 파일 저장 완료.
2026-03-23 02:05:32 | INFO     | --- 2025-12-17 Imputation 적용 시작 ---
2026-03-23 02:05:32 | INFO     |   → 讀 2025-12-17 데이터 로드 중 (23개 파일)...
2026-03-23 02:05:38 | INFO     |     → ✓ 로드 및 병합 완료 (총 2463300행)
2026-03-23 02:05:42 | INFO     |     → ⚙️ Imputation 적용 데이터 분리 중...
2026-03-23 02:05:42 | INFO     |       - 제거된 컬럼: 52개
2026-03-23 02:05:42 | INFO     |       - 적용 대상 컬럼: 42개
2026-03-23 02:05:42 | INFO     |     → ✨ Imputation 적용 중 (transform)...
2026-03-23 02:54:05 | INFO     |     → ✓ 적용 완료 (2902.1초)
2026-03-23 02:54:05 | INFO     |     → 🧩 데이터 재조립 중...
2026-03-23 02:54:05 | INFO     |       - key_df 컬럼: 4개 (['geoId', 'geo_lon', 'geo_lat', 'dateTime'])
2026-03-23 02:54:05 | INFO     |       - imputed_df_data_part 컬럼: 42개
2026-03-23 02:54:36 | INFO     |       - final_imputed_df 컬럼: 46개
2026-03-23 02:54:36 | INFO     |     → ✓ 재조립 완료.
2026-03-23 02:54:36 | INFO     |     → 💾 Imputed 데이터 시간별 저장 중...
2026-03-23 02:54:57 | INFO     |     → ✓ 23개 시간별 파일 저장 완료.
2026-03-23 02:54:57 | INFO     | --- 2025-12-18 Imputation 적용 시작 ---
2026-03-23 02:54:57 | INFO     |   → 讀 2025-12-18 데이터 로드 중 (23개 파일)...
2026-03-23 02:55:04 | INFO     |     → ✓ 로드 및 병합 완료 (총 2463300행)
2026-03-23 02:55:07 | INFO     |     → ⚙️ Imputation 적용 데이터 분리 중...
2026-03-23 02:55:08 | INFO     |       - 제거된 컬럼: 52개
2026-03-23 02:55:08 | INFO     |       - 적용 대상 컬럼: 42개
2026-03-23 02:55:08 | INFO     |     → ✨ Imputation 적용 중 (transform)...
2026-03-23 05:37:31 | INFO     |     → ✓ 적용 완료 (9742.4초)
2026-03-23 05:37:31 | INFO     |     → 🧩 데이터 재조립 중...
2026-03-23 05:37:31 | INFO     |       - key_df 컬럼: 4개 (['geoId', 'geo_lon', 'geo_lat', 'dateTime'])
2026-03-23 05:37:31 | INFO     |       - imputed_df_data_part 컬럼: 42개
2026-03-23 05:38:01 | INFO     |       - final_imputed_df 컬럼: 46개
2026-03-23 05:38:01 | INFO     |     → ✓ 재조립 완료.
2026-03-23 05:38:01 | INFO     |     → 💾 Imputed 데이터 시간별 저장 중...
2026-03-23 05:38:22 | INFO     |     → ✓ 23개 시간별 파일 저장 완료.
2026-03-23 05:38:23 | INFO     | --- 2025-12-19 Imputation 적용 시작 ---
2026-03-23 05:38:23 | INFO     |   → 讀 2025-12-19 데이터 로드 중 (23개 파일)...
2026-03-23 05:38:29 | INFO     |     → ✓ 로드 및 병합 완료 (총 2463300행)
2026-03-23 05:38:32 | INFO     |     → ⚙️ Imputation 적용 데이터 분리 중...
2026-03-23 05:38:33 | INFO     |       - 제거된 컬럼: 52개
2026-03-23 05:38:33 | INFO     |       - 적용 대상 컬럼: 42개
2026-03-23 05:38:33 | INFO     |     → ✨ Imputation 적용 중 (transform)...
2026-03-23 10:43:50 | INFO     |     → ✓ 적용 완료 (18316.4초)
2026-03-23 10:43:50 | INFO     |     → 🧩 데이터 재조립 중...
2026-03-23 10:43:50 | INFO     |       - key_df 컬럼: 4개 (['geoId', 'geo_lon', 'geo_lat', 'dateTime'])
2026-03-23 10:43:50 | INFO     |       - imputed_df_data_part 컬럼: 42개
2026-03-23 10:44:20 | INFO     |       - final_imputed_df 컬럼: 46개
2026-03-23 10:44:20 | INFO     |     → ✓ 재조립 완료.
2026-03-23 10:44:20 | INFO     |     → 💾 Imputed 데이터 시간별 저장 중...
2026-03-23 10:44:42 | INFO     |     → ✓ 23개 시간별 파일 저장 완료.
2026-03-23 10:44:42 | INFO     | --- 2025-12-20 Imputation 적용 시작 ---
2026-03-23 10:44:42 | INFO     |   → 讀 2025-12-20 데이터 로드 중 (20개 파일)...
2026-03-23 10:44:48 | INFO     |     → ✓ 로드 및 병합 완료 (총 2142000행)
2026-03-23 10:44:50 | INFO     |     → ⚙️ Imputation 적용 데이터 분리 중...
2026-03-23 10:44:51 | INFO     |       - 제거된 컬럼: 52개
2026-03-23 10:44:51 | INFO     |       - 적용 대상 컬럼: 42개
2026-03-23 10:44:51 | INFO     |     → ✨ Imputation 적용 중 (transform)...
2026-03-23 11:37:51 | INFO     |     → ✓ 적용 완료 (3179.6초)
2026-03-23 11:37:51 | INFO     |     → 🧩 데이터 재조립 중...
2026-03-23 11:37:51 | INFO     |       - key_df 컬럼: 4개 (['geoId', 'geo_lon', 'geo_lat', 'dateTime'])
2026-03-23 11:37:51 | INFO     |       - imputed_df_data_part 컬럼: 42개
2026-03-23 11:38:17 | INFO     |       - final_imputed_df 컬럼: 46개
2026-03-23 11:38:17 | INFO     |     → ✓ 재조립 완료.
2026-03-23 11:38:17 | INFO     |     → 💾 Imputed 데이터 시간별 저장 중...
2026-03-23 11:38:35 | INFO     |     → ✓ 20개 시간별 파일 저장 완료.
2026-03-23 11:38:35 | INFO     | --- 2025-12-21 Imputation 적용 시작 ---
2026-03-23 11:38:35 | INFO     |   → 讀 2025-12-21 데이터 로드 중 (22개 파일)...
2026-03-23 11:38:41 | INFO     |     → ✓ 로드 및 병합 완료 (총 2356200행)
2026-03-23 11:38:45 | INFO     |     → ⚙️ Imputation 적용 데이터 분리 중...
2026-03-23 11:38:45 | INFO     |       - 제거된 컬럼: 52개
2026-03-23 11:38:45 | INFO     |       - 적용 대상 컬럼: 42개
2026-03-23 11:38:45 | INFO     |     → ✨ Imputation 적용 중 (transform)...
