2026-03-24 23:43:57 | INFO     | ======================================================================
2026-03-24 23:43:57 | INFO     | 🛰️  [결측치 채우기] Pivot 기반 Imputation 적용 시작 (v10 - Pivot 모드)
2026-03-24 23:43:57 | INFO     |   - 데이터 소스: GK2A
2026-03-24 23:43:57 | INFO     |   - 입력 경로 (HOURLY_DATA): C:\Users\USER\Documents\GitHub\COMS-KMA.AI\Data\1.outliers_rm
2026-03-24 23:43:57 | INFO     |   - Imputer 경로: C:\Users\USER\Documents\GitHub\COMS-KMA.AI\Imputers
2026-03-24 23:43:57 | INFO     |   - 출력 경로 (IMPUTED_DATA): C:\Users\USER\Documents\GitHub\COMS-KMA.AI\Data\2.imputed
2026-03-24 23:43:57 | INFO     |   - First Pivot: 2026-02-04
2026-03-24 23:43:57 | INFO     |   - Pivot Interval: 1일
2026-03-24 23:43:57 | INFO     |   - [v10] 처리 범위: 2025-12-14 부터 2026-02-11 까지
2026-03-24 23:43:57 | INFO     |   - 모드: 🔄 Resume
2026-03-24 23:43:57 | INFO     |   - 로그 파일: C:\Users\USER\Documents\GitHub\COMS-KMA.AI\Data\2.imputed\logs\impute_data_GK2A_20251214_to_20260211_20260324_234357.log
2026-03-24 23:43:57 | INFO     | ======================================================================
2026-03-24 23:43:57 | INFO     | 📂 스캔 중 (Pivot 기반, Interval: 1일): C:\Users\USER\Documents\GitHub\COMS-KMA.AI\Data\1.outliers_rm\KOMPSAT_LE2
2026-03-24 23:43:57 | INFO     |   → First Pivot: 2026-02-04
2026-03-24 23:43:57 | INFO     |   → 46개 날짜 데이터 발견. (범위: 2025-12-14~2026-02-11)
2026-03-24 23:43:57 | INFO     | --- 2025-12-14 Imputation 적용 시작 ---
2026-03-24 23:43:57 | INFO     |     → 讀 Imputer 로드 중: gk2a_imputer_2026-02-04.pkl (Pivot: 2026-02-04)
2026-03-24 23:43:57 | INFO     |     → ✓ Pivot 2026-02-04 Imputer 로드 완료.
2026-03-24 23:43:57 | INFO     |   → 讀 2025-12-14 데이터 로드 중 (2개 파일)...
2026-03-24 23:43:58 | INFO     |     → ✓ 로드 및 병합 완료 (총 214200행)
2026-03-24 23:43:58 | INFO     |     → ⚙️ Imputation 적용 데이터 분리 중...
2026-03-24 23:43:58 | INFO     |       - 제거된 컬럼: 52개
2026-03-24 23:43:58 | INFO     |       - 적용 대상 컬럼: 42개
2026-03-24 23:43:58 | INFO     |     → ✨ Imputation 적용 중 (transform)...
2026-03-24 23:43:59 | INFO     |     → ✓ 적용 완료 (0.6초)
2026-03-24 23:43:59 | INFO     |     → 🧩 데이터 재조립 중...
2026-03-24 23:43:59 | INFO     |       - key_df 컬럼: 4개 (['geoId', 'geo_lon', 'geo_lat', 'dateTime'])
2026-03-24 23:43:59 | INFO     |       - imputed_df_data_part 컬럼: 42개
2026-03-24 23:44:01 | INFO     |       - final_imputed_df 컬럼: 46개
2026-03-24 23:44:01 | INFO     |     → ✓ 재조립 완료.
2026-03-24 23:44:01 | INFO     |     → 💾 Imputed 데이터 시간별 저장 중...
2026-03-24 23:44:03 | INFO     |     → ✓ 2개 시간별 파일 저장 완료.
2026-03-24 23:44:03 | INFO     | --- 2025-12-15 Imputation 적용 시작 ---
2026-03-24 23:44:03 | INFO     |   → 讀 2025-12-15 데이터 로드 중 (21개 파일)...
2026-03-24 23:44:09 | INFO     |     → ✓ 로드 및 병합 완료 (총 2249100행)
2026-03-24 23:44:11 | INFO     |     → ⚙️ Imputation 적용 데이터 분리 중...
2026-03-24 23:44:11 | INFO     |       - 제거된 컬럼: 52개
2026-03-24 23:44:11 | INFO     |       - 적용 대상 컬럼: 42개
2026-03-24 23:44:12 | INFO     |     → ✨ Imputation 적용 중 (transform)...
2026-03-24 23:44:18 | INFO     |     → ✓ 적용 완료 (6.1초)
2026-03-24 23:44:18 | INFO     |     → 🧩 데이터 재조립 중...
2026-03-24 23:44:18 | INFO     |       - key_df 컬럼: 4개 (['geoId', 'geo_lon', 'geo_lat', 'dateTime'])
2026-03-24 23:44:18 | INFO     |       - imputed_df_data_part 컬럼: 42개
2026-03-24 23:44:43 | INFO     |       - final_imputed_df 컬럼: 46개
2026-03-24 23:44:43 | INFO     |     → ✓ 재조립 완료.
2026-03-24 23:44:43 | INFO     |     → 💾 Imputed 데이터 시간별 저장 중...
2026-03-24 23:45:01 | INFO     |     → ✓ 21개 시간별 파일 저장 완료.
2026-03-24 23:45:01 | INFO     | --- 2025-12-16 Imputation 적용 시작 ---
2026-03-24 23:45:01 | INFO     |   → 讀 2025-12-16 데이터 로드 중 (23개 파일)...
2026-03-24 23:45:07 | INFO     |     → ✓ 로드 및 병합 완료 (총 2463300행)
2026-03-24 23:45:10 | INFO     |     → ⚙️ Imputation 적용 데이터 분리 중...
2026-03-24 23:45:10 | INFO     |       - 제거된 컬럼: 52개
2026-03-24 23:45:10 | INFO     |       - 적용 대상 컬럼: 42개
2026-03-24 23:45:10 | INFO     |     → ✨ Imputation 적용 중 (transform)...
2026-03-24 23:45:17 | INFO     |     → ✓ 적용 완료 (6.9초)
2026-03-24 23:45:17 | INFO     |     → 🧩 데이터 재조립 중...
2026-03-24 23:45:17 | INFO     |       - key_df 컬럼: 4개 (['geoId', 'geo_lon', 'geo_lat', 'dateTime'])
2026-03-24 23:45:17 | INFO     |       - imputed_df_data_part 컬럼: 42개
2026-03-24 23:45:44 | INFO     |       - final_imputed_df 컬럼: 46개
2026-03-24 23:45:44 | INFO     |     → ✓ 재조립 완료.
2026-03-24 23:45:44 | INFO     |     → 💾 Imputed 데이터 시간별 저장 중...
2026-03-24 23:46:04 | INFO     |     → ✓ 23개 시간별 파일 저장 완료.
2026-03-24 23:46:04 | INFO     | --- 2025-12-17 Imputation 적용 시작 ---
2026-03-24 23:46:04 | INFO     |   → 讀 2025-12-17 데이터 로드 중 (23개 파일)...
2026-03-24 23:46:11 | INFO     |     → ✓ 로드 및 병합 완료 (총 2463300행)
2026-03-24 23:46:13 | INFO     |     → ⚙️ Imputation 적용 데이터 분리 중...
2026-03-24 23:46:13 | INFO     |       - 제거된 컬럼: 52개
2026-03-24 23:46:13 | INFO     |       - 적용 대상 컬럼: 42개
2026-03-24 23:46:13 | INFO     |     → ✨ Imputation 적용 중 (transform)...
2026-03-24 23:46:20 | INFO     |     → ✓ 적용 완료 (6.6초)
2026-03-24 23:46:20 | INFO     |     → 🧩 데이터 재조립 중...
2026-03-24 23:46:20 | INFO     |       - key_df 컬럼: 4개 (['geoId', 'geo_lon', 'geo_lat', 'dateTime'])
2026-03-24 23:46:20 | INFO     |       - imputed_df_data_part 컬럼: 42개
2026-03-24 23:46:47 | INFO     |       - final_imputed_df 컬럼: 46개
2026-03-24 23:46:47 | INFO     |     → ✓ 재조립 완료.
2026-03-24 23:46:47 | INFO     |     → 💾 Imputed 데이터 시간별 저장 중...
2026-03-24 23:47:07 | INFO     |     → ✓ 23개 시간별 파일 저장 완료.
2026-03-24 23:47:07 | INFO     | --- 2025-12-18 Imputation 적용 시작 ---
2026-03-24 23:47:07 | INFO     |   → 讀 2025-12-18 데이터 로드 중 (23개 파일)...
2026-03-24 23:47:13 | INFO     |     → ✓ 로드 및 병합 완료 (총 2463300행)
2026-03-24 23:47:16 | INFO     |     → ⚙️ Imputation 적용 데이터 분리 중...
2026-03-24 23:47:16 | INFO     |       - 제거된 컬럼: 52개
2026-03-24 23:47:16 | INFO     |       - 적용 대상 컬럼: 42개
2026-03-24 23:47:16 | INFO     |     → ✨ Imputation 적용 중 (transform)...
2026-03-24 23:47:26 | INFO     |     → ✓ 적용 완료 (10.0초)
2026-03-24 23:47:26 | INFO     |     → 🧩 데이터 재조립 중...
2026-03-24 23:47:26 | INFO     |       - key_df 컬럼: 4개 (['geoId', 'geo_lon', 'geo_lat', 'dateTime'])
2026-03-24 23:47:26 | INFO     |       - imputed_df_data_part 컬럼: 42개
2026-03-24 23:47:54 | INFO     |       - final_imputed_df 컬럼: 46개
2026-03-24 23:47:54 | INFO     |     → ✓ 재조립 완료.
2026-03-24 23:47:54 | INFO     |     → 💾 Imputed 데이터 시간별 저장 중...
2026-03-24 23:48:13 | INFO     |     → ✓ 23개 시간별 파일 저장 완료.
2026-03-24 23:48:13 | INFO     | --- 2025-12-19 Imputation 적용 시작 ---
2026-03-24 23:48:13 | INFO     |   → 讀 2025-12-19 데이터 로드 중 (23개 파일)...
2026-03-24 23:48:20 | INFO     |     → ✓ 로드 및 병합 완료 (총 2463300행)
2026-03-24 23:48:23 | INFO     |     → ⚙️ Imputation 적용 데이터 분리 중...
2026-03-24 23:48:23 | INFO     |       - 제거된 컬럼: 52개
2026-03-24 23:48:23 | INFO     |       - 적용 대상 컬럼: 42개
2026-03-24 23:48:23 | INFO     |     → ✨ Imputation 적용 중 (transform)...
2026-03-24 23:48:33 | INFO     |     → ✓ 적용 완료 (10.0초)
2026-03-24 23:48:33 | INFO     |     → 🧩 데이터 재조립 중...
2026-03-24 23:48:33 | INFO     |       - key_df 컬럼: 4개 (['geoId', 'geo_lon', 'geo_lat', 'dateTime'])
2026-03-24 23:48:33 | INFO     |       - imputed_df_data_part 컬럼: 42개
2026-03-24 23:49:00 | INFO     |       - final_imputed_df 컬럼: 46개
2026-03-24 23:49:00 | INFO     |     → ✓ 재조립 완료.
2026-03-24 23:49:00 | INFO     |     → 💾 Imputed 데이터 시간별 저장 중...
2026-03-24 23:49:19 | INFO     |     → ✓ 23개 시간별 파일 저장 완료.
2026-03-24 23:49:20 | INFO     | --- 2025-12-20 Imputation 적용 시작 ---
2026-03-24 23:49:20 | INFO     |   → 讀 2025-12-20 데이터 로드 중 (20개 파일)...
2026-03-24 23:49:25 | INFO     |     → ✓ 로드 및 병합 완료 (총 2142000행)
2026-03-24 23:49:28 | INFO     |     → ⚙️ Imputation 적용 데이터 분리 중...
2026-03-24 23:49:28 | INFO     |       - 제거된 컬럼: 52개
2026-03-24 23:49:28 | INFO     |       - 적용 대상 컬럼: 42개
2026-03-24 23:49:28 | INFO     |     → ✨ Imputation 적용 중 (transform)...
2026-03-24 23:49:34 | INFO     |     → ✓ 적용 완료 (6.1초)
2026-03-24 23:49:34 | INFO     |     → 🧩 데이터 재조립 중...
2026-03-24 23:49:34 | INFO     |       - key_df 컬럼: 4개 (['geoId', 'geo_lon', 'geo_lat', 'dateTime'])
2026-03-24 23:49:34 | INFO     |       - imputed_df_data_part 컬럼: 42개
2026-03-24 23:49:57 | INFO     |       - final_imputed_df 컬럼: 46개
2026-03-24 23:49:57 | INFO     |     → ✓ 재조립 완료.
2026-03-24 23:49:57 | INFO     |     → 💾 Imputed 데이터 시간별 저장 중...
2026-03-24 23:50:14 | INFO     |     → ✓ 20개 시간별 파일 저장 완료.
2026-03-24 23:50:14 | INFO     | --- 2025-12-21 Imputation 적용 시작 ---
2026-03-24 23:50:14 | INFO     |   → 讀 2025-12-21 데이터 로드 중 (22개 파일)...
2026-03-24 23:50:20 | INFO     |     → ✓ 로드 및 병합 완료 (총 2356200행)
2026-03-24 23:50:23 | INFO     |     → ⚙️ Imputation 적용 데이터 분리 중...
2026-03-24 23:50:23 | INFO     |       - 제거된 컬럼: 52개
2026-03-24 23:50:23 | INFO     |       - 적용 대상 컬럼: 42개
2026-03-24 23:50:23 | INFO     |     → ✨ Imputation 적용 중 (transform)...
2026-03-24 23:50:41 | INFO     |     → ✓ 적용 완료 (18.0초)
2026-03-24 23:50:41 | INFO     |     → 🧩 데이터 재조립 중...
2026-03-24 23:50:41 | INFO     |       - key_df 컬럼: 4개 (['geoId', 'geo_lon', 'geo_lat', 'dateTime'])
2026-03-24 23:50:41 | INFO     |       - imputed_df_data_part 컬럼: 42개
2026-03-24 23:51:07 | INFO     |       - final_imputed_df 컬럼: 46개
2026-03-24 23:51:07 | INFO     |     → ✓ 재조립 완료.
2026-03-24 23:51:07 | INFO     |     → 💾 Imputed 데이터 시간별 저장 중...
2026-03-24 23:51:27 | INFO     |     → ✓ 22개 시간별 파일 저장 완료.
2026-03-24 23:51:27 | INFO     | --- 2025-12-22 Imputation 적용 시작 ---
2026-03-24 23:51:27 | INFO     |   → 讀 2025-12-22 데이터 로드 중 (24개 파일)...
2026-03-24 23:51:33 | INFO     |     → ✓ 로드 및 병합 완료 (총 2570400행)
2026-03-24 23:51:36 | INFO     |     → ⚙️ Imputation 적용 데이터 분리 중...
2026-03-24 23:51:36 | INFO     |       - 제거된 컬럼: 52개
2026-03-24 23:51:36 | INFO     |       - 적용 대상 컬럼: 42개
2026-03-24 23:51:36 | INFO     |     → ✨ Imputation 적용 중 (transform)...
2026-03-24 23:51:55 | INFO     |     → ✓ 적용 완료 (19.3초)
2026-03-24 23:51:55 | INFO     |     → 🧩 데이터 재조립 중...
2026-03-24 23:51:55 | INFO     |       - key_df 컬럼: 4개 (['geoId', 'geo_lon', 'geo_lat', 'dateTime'])
2026-03-24 23:51:55 | INFO     |       - imputed_df_data_part 컬럼: 42개
2026-03-24 23:52:24 | INFO     |       - final_imputed_df 컬럼: 46개
2026-03-24 23:52:24 | INFO     |     → ✓ 재조립 완료.
2026-03-24 23:52:24 | INFO     |     → 💾 Imputed 데이터 시간별 저장 중...
2026-03-24 23:52:44 | INFO     |     → ✓ 24개 시간별 파일 저장 완료.
2026-03-24 23:52:44 | INFO     | --- 2025-12-23 Imputation 적용 시작 ---
2026-03-24 23:52:44 | INFO     |   → 讀 2025-12-23 데이터 로드 중 (24개 파일)...
2026-03-24 23:52:51 | INFO     |     → ✓ 로드 및 병합 완료 (총 2570400행)
2026-03-24 23:52:53 | INFO     |     → ⚙️ Imputation 적용 데이터 분리 중...
2026-03-24 23:52:53 | INFO     |       - 제거된 컬럼: 52개
2026-03-24 23:52:53 | INFO     |       - 적용 대상 컬럼: 42개
2026-03-24 23:52:53 | INFO     |     → ✨ Imputation 적용 중 (transform)...
2026-03-24 23:53:11 | INFO     |     → ✓ 적용 완료 (17.4초)
2026-03-24 23:53:11 | INFO     |     → 🧩 데이터 재조립 중...
2026-03-24 23:53:11 | INFO     |       - key_df 컬럼: 4개 (['geoId', 'geo_lon', 'geo_lat', 'dateTime'])
2026-03-24 23:53:11 | INFO     |       - imputed_df_data_part 컬럼: 42개
2026-03-24 23:53:39 | INFO     |       - final_imputed_df 컬럼: 46개
2026-03-24 23:53:39 | INFO     |     → ✓ 재조립 완료.
2026-03-24 23:53:39 | INFO     |     → 💾 Imputed 데이터 시간별 저장 중...
2026-03-24 23:54:00 | INFO     |     → ✓ 24개 시간별 파일 저장 완료.
2026-03-24 23:54:00 | INFO     | --- 2025-12-24 Imputation 적용 시작 ---
2026-03-24 23:54:00 | INFO     |   → 讀 2025-12-24 데이터 로드 중 (1개 파일)...
2026-03-24 23:54:00 | INFO     |     → ✓ 로드 및 병합 완료 (총 107100행)
2026-03-24 23:54:00 | INFO     |     → ⚙️ Imputation 적용 데이터 분리 중...
2026-03-24 23:54:00 | INFO     |       - 제거된 컬럼: 52개
2026-03-24 23:54:00 | INFO     |       - 적용 대상 컬럼: 42개
2026-03-24 23:54:00 | INFO     |     → ✨ Imputation 적용 중 (transform)...
2026-03-24 23:54:00 | ERROR    |     - ❌ 2025-12-24 Imputation 적용 실패: One or more columns have all missing values in argument `x`.
Traceback (most recent call last):
  File "C:\Users\USER\Documents\GitHub\COMS-KMA.AI\Codes\1.Preprocessing\impute_hourly.py", line 615, in main
    imputed_array = current_imputer.transform(data_for_transform)
                    ^^^^^^^^^^^^^^^^^^^^^^^^^^^^^^^^^^^^^^^^^^^^^
  File "C:\Users\USER\Documents\GitHub\COMS-KMA.AI\.venv\Lib\site-packages\missforest\missforest.py", line 505, in transform
    _validate_empty_feature(x)
  File "C:\Users\USER\Documents\GitHub\COMS-KMA.AI\.venv\Lib\site-packages\missforest\_validate.py", line 98, in _validate_empty_feature
    raise ValueError(
ValueError: One or more columns have all missing values in argument `x`.
2026-03-24 23:54:00 | INFO     | --- 2026-01-06 Imputation 적용 시작 ---
2026-03-24 23:54:00 | INFO     |   → 讀 2026-01-06 데이터 로드 중 (23개 파일)...
2026-03-24 23:54:06 | INFO     |     → ✓ 로드 및 병합 완료 (총 2463300행)
2026-03-24 23:54:09 | INFO     |     → ⚙️ Imputation 적용 데이터 분리 중...
2026-03-24 23:54:09 | INFO     |       - 제거된 컬럼: 52개
2026-03-24 23:54:09 | INFO     |       - 적용 대상 컬럼: 42개
2026-03-24 23:54:09 | INFO     |     → ✨ Imputation 적용 중 (transform)...
2026-03-24 23:54:26 | INFO     |     → ✓ 적용 완료 (17.0초)
2026-03-24 23:54:26 | INFO     |     → 🧩 데이터 재조립 중...
2026-03-24 23:54:26 | INFO     |       - key_df 컬럼: 4개 (['geoId', 'geo_lon', 'geo_lat', 'dateTime'])
2026-03-24 23:54:26 | INFO     |       - imputed_df_data_part 컬럼: 42개
2026-03-24 23:54:53 | INFO     |       - final_imputed_df 컬럼: 46개
2026-03-24 23:54:53 | INFO     |     → ✓ 재조립 완료.
2026-03-24 23:54:53 | INFO     |     → 💾 Imputed 데이터 시간별 저장 중...
2026-03-24 23:55:13 | INFO     |     → ✓ 23개 시간별 파일 저장 완료.
2026-03-24 23:55:14 | INFO     | --- 2026-01-07 Imputation 적용 시작 ---
2026-03-24 23:55:14 | INFO     |   → 讀 2026-01-07 데이터 로드 중 (24개 파일)...
2026-03-24 23:55:20 | INFO     |     → ✓ 로드 및 병합 완료 (총 2570400행)
2026-03-24 23:55:22 | INFO     |     → ⚙️ Imputation 적용 데이터 분리 중...
2026-03-24 23:55:22 | INFO     |       - 제거된 컬럼: 52개
2026-03-24 23:55:22 | INFO     |       - 적용 대상 컬럼: 42개
2026-03-24 23:55:22 | INFO     |     → ✨ Imputation 적용 중 (transform)...
2026-03-24 23:55:43 | INFO     |     → ✓ 적용 완료 (20.9초)
2026-03-24 23:55:43 | INFO     |     → 🧩 데이터 재조립 중...
2026-03-24 23:55:43 | INFO     |       - key_df 컬럼: 4개 (['geoId', 'geo_lon', 'geo_lat', 'dateTime'])
2026-03-24 23:55:43 | INFO     |       - imputed_df_data_part 컬럼: 42개
2026-03-24 23:56:12 | INFO     |       - final_imputed_df 컬럼: 46개
2026-03-24 23:56:12 | INFO     |     → ✓ 재조립 완료.
2026-03-24 23:56:12 | INFO     |     → 💾 Imputed 데이터 시간별 저장 중...
2026-03-24 23:56:34 | INFO     |     → ✓ 24개 시간별 파일 저장 완료.
2026-03-24 23:56:34 | INFO     | --- 2026-01-08 Imputation 적용 시작 ---
2026-03-24 23:56:34 | INFO     |   → 讀 2026-01-08 데이터 로드 중 (24개 파일)...
2026-03-24 23:56:40 | INFO     |     → ✓ 로드 및 병합 완료 (총 2570400행)
2026-03-24 23:56:42 | INFO     |     → ⚙️ Imputation 적용 데이터 분리 중...
2026-03-24 23:56:42 | INFO     |       - 제거된 컬럼: 52개
2026-03-24 23:56:42 | INFO     |       - 적용 대상 컬럼: 42개
2026-03-24 23:56:42 | INFO     |     → ✨ Imputation 적용 중 (transform)...
2026-03-24 23:57:05 | INFO     |     → ✓ 적용 완료 (22.3초)
2026-03-24 23:57:05 | INFO     |     → 🧩 데이터 재조립 중...
2026-03-24 23:57:05 | INFO     |       - key_df 컬럼: 4개 (['geoId', 'geo_lon', 'geo_lat', 'dateTime'])
2026-03-24 23:57:05 | INFO     |       - imputed_df_data_part 컬럼: 42개
2026-03-24 23:57:33 | INFO     |       - final_imputed_df 컬럼: 46개
2026-03-24 23:57:33 | INFO     |     → ✓ 재조립 완료.
2026-03-24 23:57:33 | INFO     |     → 💾 Imputed 데이터 시간별 저장 중...
2026-03-24 23:57:55 | INFO     |     → ✓ 24개 시간별 파일 저장 완료.
2026-03-24 23:57:55 | INFO     | --- 2026-01-09 Imputation 적용 시작 ---
2026-03-24 23:57:55 | INFO     |   → 讀 2026-01-09 데이터 로드 중 (24개 파일)...
2026-03-24 23:58:01 | INFO     |     → ✓ 로드 및 병합 완료 (총 2570400행)
2026-03-24 23:58:04 | INFO     |     → ⚙️ Imputation 적용 데이터 분리 중...
2026-03-24 23:58:04 | INFO     |       - 제거된 컬럼: 52개
2026-03-24 23:58:04 | INFO     |       - 적용 대상 컬럼: 42개
2026-03-24 23:58:04 | INFO     |     → ✨ Imputation 적용 중 (transform)...
2026-03-24 23:58:28 | INFO     |     → ✓ 적용 완료 (23.5초)
2026-03-24 23:58:28 | INFO     |     → 🧩 데이터 재조립 중...
2026-03-24 23:58:28 | INFO     |       - key_df 컬럼: 4개 (['geoId', 'geo_lon', 'geo_lat', 'dateTime'])
2026-03-24 23:58:28 | INFO     |       - imputed_df_data_part 컬럼: 42개
2026-03-24 23:58:56 | INFO     |       - final_imputed_df 컬럼: 46개
2026-03-24 23:58:56 | INFO     |     → ✓ 재조립 완료.
2026-03-24 23:58:56 | INFO     |     → 💾 Imputed 데이터 시간별 저장 중...
2026-03-24 23:59:18 | INFO     |     → ✓ 24개 시간별 파일 저장 완료.
2026-03-24 23:59:18 | INFO     | --- 2026-01-10 Imputation 적용 시작 ---
2026-03-24 23:59:18 | INFO     |   → 讀 2026-01-10 데이터 로드 중 (24개 파일)...
2026-03-24 23:59:24 | INFO     |     → ✓ 로드 및 병합 완료 (총 2570400행)
2026-03-24 23:59:27 | INFO     |     → ⚙️ Imputation 적용 데이터 분리 중...
2026-03-24 23:59:27 | INFO     |       - 제거된 컬럼: 52개
2026-03-24 23:59:27 | INFO     |       - 적용 대상 컬럼: 42개
2026-03-24 23:59:27 | INFO     |     → ✨ Imputation 적용 중 (transform)...
2026-03-24 23:59:50 | INFO     |     → ✓ 적용 완료 (23.0초)
2026-03-24 23:59:50 | INFO     |     → 🧩 데이터 재조립 중...
2026-03-24 23:59:50 | INFO     |       - key_df 컬럼: 4개 (['geoId', 'geo_lon', 'geo_lat', 'dateTime'])
2026-03-24 23:59:50 | INFO     |       - imputed_df_data_part 컬럼: 42개
2026-03-25 00:00:18 | INFO     |       - final_imputed_df 컬럼: 46개
2026-03-25 00:00:18 | INFO     |     → ✓ 재조립 완료.
2026-03-25 00:00:18 | INFO     |     → 💾 Imputed 데이터 시간별 저장 중...
2026-03-25 00:00:40 | INFO     |     → ✓ 24개 시간별 파일 저장 완료.
2026-03-25 00:00:40 | INFO     | --- 2026-01-11 Imputation 적용 시작 ---
2026-03-25 00:00:40 | INFO     |   → 讀 2026-01-11 데이터 로드 중 (24개 파일)...
2026-03-25 00:00:46 | INFO     |     → ✓ 로드 및 병합 완료 (총 2570400행)
2026-03-25 00:00:49 | INFO     |     → ⚙️ Imputation 적용 데이터 분리 중...
2026-03-25 00:00:49 | INFO     |       - 제거된 컬럼: 52개
2026-03-25 00:00:49 | INFO     |       - 적용 대상 컬럼: 42개
2026-03-25 00:00:49 | INFO     |     → ✨ Imputation 적용 중 (transform)...
2026-03-25 00:01:08 | INFO     |     → ✓ 적용 완료 (19.8초)
2026-03-25 00:01:09 | INFO     |     → 🧩 데이터 재조립 중...
2026-03-25 00:01:09 | INFO     |       - key_df 컬럼: 4개 (['geoId', 'geo_lon', 'geo_lat', 'dateTime'])
2026-03-25 00:01:09 | INFO     |       - imputed_df_data_part 컬럼: 42개
2026-03-25 00:01:37 | INFO     |       - final_imputed_df 컬럼: 46개
2026-03-25 00:01:37 | INFO     |     → ✓ 재조립 완료.
2026-03-25 00:01:37 | INFO     |     → 💾 Imputed 데이터 시간별 저장 중...
2026-03-25 00:01:59 | INFO     |     → ✓ 24개 시간별 파일 저장 완료.
2026-03-25 00:01:59 | INFO     | --- 2026-01-12 Imputation 적용 시작 ---
2026-03-25 00:01:59 | INFO     |   → 讀 2026-01-12 데이터 로드 중 (24개 파일)...
2026-03-25 00:02:05 | INFO     |     → ✓ 로드 및 병합 완료 (총 2570400행)
2026-03-25 00:02:08 | INFO     |     → ⚙️ Imputation 적용 데이터 분리 중...
2026-03-25 00:02:08 | INFO     |       - 제거된 컬럼: 52개
2026-03-25 00:02:08 | INFO     |       - 적용 대상 컬럼: 42개
2026-03-25 00:02:08 | INFO     |     → ✨ Imputation 적용 중 (transform)...
2026-03-25 00:02:24 | INFO     |     → ✓ 적용 완료 (15.7초)
2026-03-25 00:02:24 | INFO     |     → 🧩 데이터 재조립 중...
2026-03-25 00:02:24 | INFO     |       - key_df 컬럼: 4개 (['geoId', 'geo_lon', 'geo_lat', 'dateTime'])
2026-03-25 00:02:24 | INFO     |       - imputed_df_data_part 컬럼: 42개
2026-03-25 00:02:52 | INFO     |       - final_imputed_df 컬럼: 46개
2026-03-25 00:02:52 | INFO     |     → ✓ 재조립 완료.
2026-03-25 00:02:52 | INFO     |     → 💾 Imputed 데이터 시간별 저장 중...
2026-03-25 00:03:13 | INFO     |     → ✓ 24개 시간별 파일 저장 완료.
2026-03-25 00:03:13 | INFO     | --- 2026-01-13 Imputation 적용 시작 ---
2026-03-25 00:03:13 | INFO     |   → 讀 2026-01-13 데이터 로드 중 (24개 파일)...
2026-03-25 00:03:19 | INFO     |     → ✓ 로드 및 병합 완료 (총 2570400행)
2026-03-25 00:03:22 | INFO     |     → ⚙️ Imputation 적용 데이터 분리 중...
2026-03-25 00:03:22 | INFO     |       - 제거된 컬럼: 52개
2026-03-25 00:03:22 | INFO     |       - 적용 대상 컬럼: 42개
2026-03-25 00:03:22 | INFO     |     → ✨ Imputation 적용 중 (transform)...
2026-03-25 00:03:40 | INFO     |     → ✓ 적용 완료 (18.1초)
2026-03-25 00:03:40 | INFO     |     → 🧩 데이터 재조립 중...
2026-03-25 00:03:40 | INFO     |       - key_df 컬럼: 4개 (['geoId', 'geo_lon', 'geo_lat', 'dateTime'])
2026-03-25 00:03:40 | INFO     |       - imputed_df_data_part 컬럼: 42개
2026-03-25 00:04:08 | INFO     |       - final_imputed_df 컬럼: 46개
2026-03-25 00:04:08 | INFO     |     → ✓ 재조립 완료.
2026-03-25 00:04:08 | INFO     |     → 💾 Imputed 데이터 시간별 저장 중...
2026-03-25 00:04:30 | INFO     |     → ✓ 24개 시간별 파일 저장 완료.
2026-03-25 00:04:30 | INFO     | --- 2026-01-14 Imputation 적용 시작 ---
2026-03-25 00:04:30 | INFO     |   → 讀 2026-01-14 데이터 로드 중 (24개 파일)...
2026-03-25 00:04:36 | INFO     |     → ✓ 로드 및 병합 완료 (총 2570400행)
2026-03-25 00:04:39 | INFO     |     → ⚙️ Imputation 적용 데이터 분리 중...
2026-03-25 00:04:39 | INFO     |       - 제거된 컬럼: 52개
2026-03-25 00:04:39 | INFO     |       - 적용 대상 컬럼: 42개
2026-03-25 00:04:39 | INFO     |     → ✨ Imputation 적용 중 (transform)...
2026-03-25 00:05:03 | INFO     |     → ✓ 적용 완료 (23.8초)
2026-03-25 00:05:03 | INFO     |     → 🧩 데이터 재조립 중...
2026-03-25 00:05:03 | INFO     |       - key_df 컬럼: 4개 (['geoId', 'geo_lon', 'geo_lat', 'dateTime'])
2026-03-25 00:05:03 | INFO     |       - imputed_df_data_part 컬럼: 42개
2026-03-25 00:05:31 | INFO     |       - final_imputed_df 컬럼: 46개
2026-03-25 00:05:31 | INFO     |     → ✓ 재조립 완료.
2026-03-25 00:05:31 | INFO     |     → 💾 Imputed 데이터 시간별 저장 중...
2026-03-25 00:05:53 | INFO     |     → ✓ 24개 시간별 파일 저장 완료.
2026-03-25 00:05:53 | INFO     | --- 2026-01-15 Imputation 적용 시작 ---
2026-03-25 00:05:53 | INFO     |   → 讀 2026-01-15 데이터 로드 중 (24개 파일)...
2026-03-25 00:05:59 | INFO     |     → ✓ 로드 및 병합 완료 (총 2570400행)
2026-03-25 00:06:02 | INFO     |     → ⚙️ Imputation 적용 데이터 분리 중...
2026-03-25 00:06:02 | INFO     |       - 제거된 컬럼: 52개
2026-03-25 00:06:02 | INFO     |       - 적용 대상 컬럼: 42개
2026-03-25 00:06:02 | INFO     |     → ✨ Imputation 적용 중 (transform)...
2026-03-25 00:06:18 | INFO     |     → ✓ 적용 완료 (16.4초)
2026-03-25 00:06:18 | INFO     |     → 🧩 데이터 재조립 중...
2026-03-25 00:06:18 | INFO     |       - key_df 컬럼: 4개 (['geoId', 'geo_lon', 'geo_lat', 'dateTime'])
2026-03-25 00:06:18 | INFO     |       - imputed_df_data_part 컬럼: 42개
2026-03-25 00:06:47 | INFO     |       - final_imputed_df 컬럼: 46개
2026-03-25 00:06:47 | INFO     |     → ✓ 재조립 완료.
2026-03-25 00:06:47 | INFO     |     → 💾 Imputed 데이터 시간별 저장 중...
2026-03-25 00:07:08 | INFO     |     → ✓ 24개 시간별 파일 저장 완료.
2026-03-25 00:07:08 | INFO     | --- 2026-01-16 Imputation 적용 시작 ---
2026-03-25 00:07:08 | INFO     |   → 讀 2026-01-16 데이터 로드 중 (24개 파일)...
2026-03-25 00:07:14 | INFO     |     → ✓ 로드 및 병합 완료 (총 2570400행)
2026-03-25 00:07:17 | INFO     |     → ⚙️ Imputation 적용 데이터 분리 중...
2026-03-25 00:07:17 | INFO     |       - 제거된 컬럼: 52개
2026-03-25 00:07:17 | INFO     |       - 적용 대상 컬럼: 42개
2026-03-25 00:07:17 | INFO     |     → ✨ Imputation 적용 중 (transform)...
2026-03-25 00:07:30 | INFO     |     → ✓ 적용 완료 (13.5초)
2026-03-25 00:07:31 | INFO     |     → 🧩 데이터 재조립 중...
2026-03-25 00:07:31 | INFO     |       - key_df 컬럼: 4개 (['geoId', 'geo_lon', 'geo_lat', 'dateTime'])
2026-03-25 00:07:31 | INFO     |       - imputed_df_data_part 컬럼: 42개
2026-03-25 00:07:59 | INFO     |       - final_imputed_df 컬럼: 46개
2026-03-25 00:07:59 | INFO     |     → ✓ 재조립 완료.
2026-03-25 00:07:59 | INFO     |     → 💾 Imputed 데이터 시간별 저장 중...
2026-03-25 00:08:20 | INFO     |     → ✓ 24개 시간별 파일 저장 완료.
2026-03-25 00:08:20 | INFO     | --- 2026-01-17 Imputation 적용 시작 ---
2026-03-25 00:08:20 | INFO     |   → 讀 2026-01-17 데이터 로드 중 (24개 파일)...
2026-03-25 00:08:26 | INFO     |     → ✓ 로드 및 병합 완료 (총 2570400행)
2026-03-25 00:08:29 | INFO     |     → ⚙️ Imputation 적용 데이터 분리 중...
2026-03-25 00:08:29 | INFO     |       - 제거된 컬럼: 52개
2026-03-25 00:08:29 | INFO     |       - 적용 대상 컬럼: 42개
2026-03-25 00:08:29 | INFO     |     → ✨ Imputation 적용 중 (transform)...
2026-03-25 00:08:41 | INFO     |     → ✓ 적용 완료 (12.3초)
2026-03-25 00:08:41 | INFO     |     → 🧩 데이터 재조립 중...
2026-03-25 00:08:41 | INFO     |       - key_df 컬럼: 4개 (['geoId', 'geo_lon', 'geo_lat', 'dateTime'])
2026-03-25 00:08:41 | INFO     |       - imputed_df_data_part 컬럼: 42개
2026-03-25 00:09:09 | INFO     |       - final_imputed_df 컬럼: 46개
2026-03-25 00:09:09 | INFO     |     → ✓ 재조립 완료.
2026-03-25 00:09:09 | INFO     |     → 💾 Imputed 데이터 시간별 저장 중...
2026-03-25 00:09:29 | INFO     |     → ✓ 24개 시간별 파일 저장 완료.
2026-03-25 00:09:29 | INFO     | --- 2026-01-18 Imputation 적용 시작 ---
2026-03-25 00:09:29 | INFO     |   → 讀 2026-01-18 데이터 로드 중 (24개 파일)...
2026-03-25 00:09:36 | INFO     |     → ✓ 로드 및 병합 완료 (총 2570400행)
2026-03-25 00:09:39 | INFO     |     → ⚙️ Imputation 적용 데이터 분리 중...
2026-03-25 00:09:39 | INFO     |       - 제거된 컬럼: 52개
2026-03-25 00:09:39 | INFO     |       - 적용 대상 컬럼: 42개
2026-03-25 00:09:39 | INFO     |     → ✨ Imputation 적용 중 (transform)...
2026-03-25 00:09:53 | INFO     |     → ✓ 적용 완료 (14.4초)
2026-03-25 00:09:53 | INFO     |     → 🧩 데이터 재조립 중...
2026-03-25 00:09:53 | INFO     |       - key_df 컬럼: 4개 (['geoId', 'geo_lon', 'geo_lat', 'dateTime'])
2026-03-25 00:09:53 | INFO     |       - imputed_df_data_part 컬럼: 42개
2026-03-25 00:10:21 | INFO     |       - final_imputed_df 컬럼: 46개
2026-03-25 00:10:21 | INFO     |     → ✓ 재조립 완료.
2026-03-25 00:10:21 | INFO     |     → 💾 Imputed 데이터 시간별 저장 중...
2026-03-25 00:10:41 | INFO     |     → ✓ 24개 시간별 파일 저장 완료.
2026-03-25 00:10:41 | INFO     | --- 2026-01-19 Imputation 적용 시작 ---
2026-03-25 00:10:41 | INFO     |   → 讀 2026-01-19 데이터 로드 중 (18개 파일)...
2026-03-25 00:10:46 | INFO     |     → ✓ 로드 및 병합 완료 (총 1927800행)
2026-03-25 00:10:48 | INFO     |     → ⚙️ Imputation 적용 데이터 분리 중...
2026-03-25 00:10:48 | INFO     |       - 제거된 컬럼: 52개
2026-03-25 00:10:48 | INFO     |       - 적용 대상 컬럼: 42개
2026-03-25 00:10:48 | INFO     |     → ✨ Imputation 적용 중 (transform)...
2026-03-25 00:11:04 | INFO     |     → ✓ 적용 완료 (15.8초)
2026-03-25 00:11:04 | INFO     |     → 🧩 데이터 재조립 중...
2026-03-25 00:11:04 | INFO     |       - key_df 컬럼: 4개 (['geoId', 'geo_lon', 'geo_lat', 'dateTime'])
2026-03-25 00:11:04 | INFO     |       - imputed_df_data_part 컬럼: 42개
2026-03-25 00:11:25 | INFO     |       - final_imputed_df 컬럼: 46개
2026-03-25 00:11:25 | INFO     |     → ✓ 재조립 완료.
2026-03-25 00:11:25 | INFO     |     → 💾 Imputed 데이터 시간별 저장 중...
2026-03-25 00:11:41 | INFO     |     → ✓ 18개 시간별 파일 저장 완료.
2026-03-25 00:11:41 | INFO     | --- 2026-01-22 Imputation 적용 시작 ---
2026-03-25 00:11:41 | INFO     |   → 讀 2026-01-22 데이터 로드 중 (8개 파일)...
2026-03-25 00:11:43 | INFO     |     → ✓ 로드 및 병합 완료 (총 856800행)
2026-03-25 00:11:43 | INFO     |     → ⚙️ Imputation 적용 데이터 분리 중...
2026-03-25 00:11:43 | INFO     |       - 제거된 컬럼: 52개
2026-03-25 00:11:43 | INFO     |       - 적용 대상 컬럼: 42개
2026-03-25 00:11:43 | INFO     |     → ✨ Imputation 적용 중 (transform)...
2026-03-25 00:11:50 | INFO     |     → ✓ 적용 완료 (6.9초)
2026-03-25 00:11:50 | INFO     |     → 🧩 데이터 재조립 중...
2026-03-25 00:11:50 | INFO     |       - key_df 컬럼: 4개 (['geoId', 'geo_lon', 'geo_lat', 'dateTime'])
2026-03-25 00:11:50 | INFO     |       - imputed_df_data_part 컬럼: 42개
2026-03-25 00:12:00 | INFO     |       - final_imputed_df 컬럼: 46개
2026-03-25 00:12:00 | INFO     |     → ✓ 재조립 완료.
2026-03-25 00:12:00 | INFO     |     → 💾 Imputed 데이터 시간별 저장 중...
2026-03-25 00:12:07 | INFO     |     → ✓ 8개 시간별 파일 저장 완료.
2026-03-25 00:12:07 | INFO     | --- 2026-01-23 Imputation 적용 시작 ---
2026-03-25 00:12:07 | INFO     |   → 讀 2026-01-23 데이터 로드 중 (24개 파일)...
2026-03-25 00:12:13 | INFO     |     → ✓ 로드 및 병합 완료 (총 2570400행)
2026-03-25 00:12:15 | INFO     |     → ⚙️ Imputation 적용 데이터 분리 중...
2026-03-25 00:12:16 | INFO     |       - 제거된 컬럼: 52개
2026-03-25 00:12:16 | INFO     |       - 적용 대상 컬럼: 42개
2026-03-25 00:12:16 | INFO     |     → ✨ Imputation 적용 중 (transform)...
2026-03-25 00:12:40 | INFO     |     → ✓ 적용 완료 (24.5초)
2026-03-25 00:12:40 | INFO     |     → 🧩 데이터 재조립 중...
2026-03-25 00:12:40 | INFO     |       - key_df 컬럼: 4개 (['geoId', 'geo_lon', 'geo_lat', 'dateTime'])
2026-03-25 00:12:40 | INFO     |       - imputed_df_data_part 컬럼: 42개
2026-03-25 00:13:08 | INFO     |       - final_imputed_df 컬럼: 46개
2026-03-25 00:13:08 | INFO     |     → ✓ 재조립 완료.
2026-03-25 00:13:08 | INFO     |     → 💾 Imputed 데이터 시간별 저장 중...
2026-03-25 00:13:30 | INFO     |     → ✓ 24개 시간별 파일 저장 완료.
2026-03-25 00:13:31 | INFO     | --- 2026-01-24 Imputation 적용 시작 ---
2026-03-25 00:13:31 | INFO     |   → 讀 2026-01-24 데이터 로드 중 (24개 파일)...
2026-03-25 00:13:37 | INFO     |     → ✓ 로드 및 병합 완료 (총 2570400행)
2026-03-25 00:13:39 | INFO     |     → ⚙️ Imputation 적용 데이터 분리 중...
2026-03-25 00:13:39 | INFO     |       - 제거된 컬럼: 52개
2026-03-25 00:13:39 | INFO     |       - 적용 대상 컬럼: 42개
2026-03-25 00:13:39 | INFO     |     → ✨ Imputation 적용 중 (transform)...
2026-03-25 00:13:58 | INFO     |     → ✓ 적용 완료 (18.7초)
2026-03-25 00:13:58 | INFO     |     → 🧩 데이터 재조립 중...
2026-03-25 00:13:58 | INFO     |       - key_df 컬럼: 4개 (['geoId', 'geo_lon', 'geo_lat', 'dateTime'])
2026-03-25 00:13:58 | INFO     |       - imputed_df_data_part 컬럼: 42개
2026-03-25 00:14:26 | INFO     |       - final_imputed_df 컬럼: 46개
2026-03-25 00:14:26 | INFO     |     → ✓ 재조립 완료.
2026-03-25 00:14:26 | INFO     |     → 💾 Imputed 데이터 시간별 저장 중...
2026-03-25 00:14:48 | INFO     |     → ✓ 24개 시간별 파일 저장 완료.
2026-03-25 00:14:48 | INFO     | --- 2026-01-25 Imputation 적용 시작 ---
2026-03-25 00:14:48 | INFO     |   → 讀 2026-01-25 데이터 로드 중 (24개 파일)...
2026-03-25 00:14:55 | INFO     |     → ✓ 로드 및 병합 완료 (총 2570400행)
2026-03-25 00:14:57 | INFO     |     → ⚙️ Imputation 적용 데이터 분리 중...
2026-03-25 00:14:57 | INFO     |       - 제거된 컬럼: 52개
2026-03-25 00:14:57 | INFO     |       - 적용 대상 컬럼: 42개
2026-03-25 00:14:58 | INFO     |     → ✨ Imputation 적용 중 (transform)...
2026-03-25 00:15:09 | INFO     |     → ✓ 적용 완료 (11.2초)
2026-03-25 00:15:09 | INFO     |     → 🧩 데이터 재조립 중...
2026-03-25 00:15:09 | INFO     |       - key_df 컬럼: 4개 (['geoId', 'geo_lon', 'geo_lat', 'dateTime'])
2026-03-25 00:15:09 | INFO     |       - imputed_df_data_part 컬럼: 42개
2026-03-25 00:15:37 | INFO     |       - final_imputed_df 컬럼: 46개
2026-03-25 00:15:37 | INFO     |     → ✓ 재조립 완료.
2026-03-25 00:15:37 | INFO     |     → 💾 Imputed 데이터 시간별 저장 중...
2026-03-25 00:15:57 | INFO     |     → ✓ 24개 시간별 파일 저장 완료.
2026-03-25 00:15:57 | INFO     | --- 2026-01-26 Imputation 적용 시작 ---
2026-03-25 00:15:57 | INFO     |   → 讀 2026-01-26 데이터 로드 중 (23개 파일)...
2026-03-25 00:16:03 | INFO     |     → ✓ 로드 및 병합 완료 (총 2463300행)
2026-03-25 00:16:06 | INFO     |     → ⚙️ Imputation 적용 데이터 분리 중...
2026-03-25 00:16:06 | INFO     |       - 제거된 컬럼: 52개
2026-03-25 00:16:06 | INFO     |       - 적용 대상 컬럼: 42개
2026-03-25 00:16:06 | INFO     |     → ✨ Imputation 적용 중 (transform)...
2026-03-25 00:16:17 | INFO     |     → ✓ 적용 완료 (10.8초)
2026-03-25 00:16:17 | INFO     |     → 🧩 데이터 재조립 중...
2026-03-25 00:16:17 | INFO     |       - key_df 컬럼: 4개 (['geoId', 'geo_lon', 'geo_lat', 'dateTime'])
2026-03-25 00:16:17 | INFO     |       - imputed_df_data_part 컬럼: 42개
2026-03-25 00:16:44 | INFO     |       - final_imputed_df 컬럼: 46개
2026-03-25 00:16:44 | INFO     |     → ✓ 재조립 완료.
2026-03-25 00:16:44 | INFO     |     → 💾 Imputed 데이터 시간별 저장 중...
2026-03-25 00:17:03 | INFO     |     → ✓ 23개 시간별 파일 저장 완료.
2026-03-25 00:17:03 | INFO     | --- 2026-01-27 Imputation 적용 시작 ---
2026-03-25 00:17:03 | INFO     |   → 讀 2026-01-27 데이터 로드 중 (24개 파일)...
2026-03-25 00:17:09 | INFO     |     → ✓ 로드 및 병합 완료 (총 2570400행)
2026-03-25 00:17:12 | INFO     |     → ⚙️ Imputation 적용 데이터 분리 중...
2026-03-25 00:17:12 | INFO     |       - 제거된 컬럼: 52개
2026-03-25 00:17:12 | INFO     |       - 적용 대상 컬럼: 42개
2026-03-25 00:17:12 | INFO     |     → ✨ Imputation 적용 중 (transform)...
2026-03-25 00:17:25 | INFO     |     → ✓ 적용 완료 (13.1초)
2026-03-25 00:17:25 | INFO     |     → 🧩 데이터 재조립 중...
2026-03-25 00:17:25 | INFO     |       - key_df 컬럼: 4개 (['geoId', 'geo_lon', 'geo_lat', 'dateTime'])
2026-03-25 00:17:25 | INFO     |       - imputed_df_data_part 컬럼: 42개
2026-03-25 00:17:54 | INFO     |       - final_imputed_df 컬럼: 46개
2026-03-25 00:17:54 | INFO     |     → ✓ 재조립 완료.
2026-03-25 00:17:54 | INFO     |     → 💾 Imputed 데이터 시간별 저장 중...
2026-03-25 00:18:14 | INFO     |     → ✓ 24개 시간별 파일 저장 완료.
2026-03-25 00:18:14 | INFO     | --- 2026-01-28 Imputation 적용 시작 ---
2026-03-25 00:18:14 | INFO     |   → 讀 2026-01-28 데이터 로드 중 (24개 파일)...
2026-03-25 00:18:20 | INFO     |     → ✓ 로드 및 병합 완료 (총 2570400행)
2026-03-25 00:18:23 | INFO     |     → ⚙️ Imputation 적용 데이터 분리 중...
2026-03-25 00:18:23 | INFO     |       - 제거된 컬럼: 52개
2026-03-25 00:18:23 | INFO     |       - 적용 대상 컬럼: 42개
2026-03-25 00:18:23 | INFO     |     → ✨ Imputation 적용 중 (transform)...
2026-03-25 00:18:39 | INFO     |     → ✓ 적용 완료 (15.9초)
2026-03-25 00:18:39 | INFO     |     → 🧩 데이터 재조립 중...
2026-03-25 00:18:39 | INFO     |       - key_df 컬럼: 4개 (['geoId', 'geo_lon', 'geo_lat', 'dateTime'])
2026-03-25 00:18:39 | INFO     |       - imputed_df_data_part 컬럼: 42개
2026-03-25 00:19:07 | INFO     |       - final_imputed_df 컬럼: 46개
2026-03-25 00:19:07 | INFO     |     → ✓ 재조립 완료.
2026-03-25 00:19:07 | INFO     |     → 💾 Imputed 데이터 시간별 저장 중...
2026-03-25 00:19:28 | INFO     |     → ✓ 24개 시간별 파일 저장 완료.
2026-03-25 00:19:28 | INFO     | --- 2026-01-29 Imputation 적용 시작 ---
2026-03-25 00:19:28 | INFO     |   → 讀 2026-01-29 데이터 로드 중 (24개 파일)...
2026-03-25 00:19:35 | INFO     |     → ✓ 로드 및 병합 완료 (총 2570400행)
2026-03-25 00:19:37 | INFO     |     → ⚙️ Imputation 적용 데이터 분리 중...
2026-03-25 00:19:37 | INFO     |       - 제거된 컬럼: 52개
2026-03-25 00:19:37 | INFO     |       - 적용 대상 컬럼: 42개
2026-03-25 00:19:37 | INFO     |     → ✨ Imputation 적용 중 (transform)...
2026-03-25 00:19:51 | INFO     |     → ✓ 적용 완료 (13.2초)
2026-03-25 00:19:51 | INFO     |     → 🧩 데이터 재조립 중...
2026-03-25 00:19:51 | INFO     |       - key_df 컬럼: 4개 (['geoId', 'geo_lon', 'geo_lat', 'dateTime'])
2026-03-25 00:19:51 | INFO     |       - imputed_df_data_part 컬럼: 42개
2026-03-25 00:20:19 | INFO     |       - final_imputed_df 컬럼: 46개
2026-03-25 00:20:19 | INFO     |     → ✓ 재조립 완료.
2026-03-25 00:20:19 | INFO     |     → 💾 Imputed 데이터 시간별 저장 중...
2026-03-25 00:20:39 | INFO     |     → ✓ 24개 시간별 파일 저장 완료.
2026-03-25 00:20:39 | INFO     | --- 2026-01-30 Imputation 적용 시작 ---
2026-03-25 00:20:39 | INFO     |   → 讀 2026-01-30 데이터 로드 중 (24개 파일)...
2026-03-25 00:20:45 | INFO     |     → ✓ 로드 및 병합 완료 (총 2570400행)
2026-03-25 00:20:48 | INFO     |     → ⚙️ Imputation 적용 데이터 분리 중...
2026-03-25 00:20:48 | INFO     |       - 제거된 컬럼: 52개
2026-03-25 00:20:48 | INFO     |       - 적용 대상 컬럼: 42개
2026-03-25 00:20:48 | INFO     |     → ✨ Imputation 적용 중 (transform)...
2026-03-25 00:21:04 | INFO     |     → ✓ 적용 완료 (15.7초)
2026-03-25 00:21:04 | INFO     |     → 🧩 데이터 재조립 중...
2026-03-25 00:21:04 | INFO     |       - key_df 컬럼: 4개 (['geoId', 'geo_lon', 'geo_lat', 'dateTime'])
2026-03-25 00:21:04 | INFO     |       - imputed_df_data_part 컬럼: 42개
2026-03-25 00:21:32 | INFO     |       - final_imputed_df 컬럼: 46개
2026-03-25 00:21:32 | INFO     |     → ✓ 재조립 완료.
2026-03-25 00:21:32 | INFO     |     → 💾 Imputed 데이터 시간별 저장 중...
2026-03-25 00:21:52 | INFO     |     → ✓ 24개 시간별 파일 저장 완료.
2026-03-25 00:21:52 | INFO     | --- 2026-01-31 Imputation 적용 시작 ---
2026-03-25 00:21:52 | INFO     |   → 讀 2026-01-31 데이터 로드 중 (24개 파일)...
2026-03-25 00:21:58 | INFO     |     → ✓ 로드 및 병합 완료 (총 2570400행)
2026-03-25 00:22:01 | INFO     |     → ⚙️ Imputation 적용 데이터 분리 중...
2026-03-25 00:22:01 | INFO     |       - 제거된 컬럼: 52개
2026-03-25 00:22:01 | INFO     |       - 적용 대상 컬럼: 42개
2026-03-25 00:22:01 | INFO     |     → ✨ Imputation 적용 중 (transform)...
2026-03-25 00:22:17 | INFO     |     → ✓ 적용 완료 (16.0초)
2026-03-25 00:22:17 | INFO     |     → 🧩 데이터 재조립 중...
2026-03-25 00:22:17 | INFO     |       - key_df 컬럼: 4개 (['geoId', 'geo_lon', 'geo_lat', 'dateTime'])
2026-03-25 00:22:17 | INFO     |       - imputed_df_data_part 컬럼: 42개
2026-03-25 00:22:46 | INFO     |       - final_imputed_df 컬럼: 46개
2026-03-25 00:22:46 | INFO     |     → ✓ 재조립 완료.
2026-03-25 00:22:46 | INFO     |     → 💾 Imputed 데이터 시간별 저장 중...
2026-03-25 00:23:06 | INFO     |     → ✓ 24개 시간별 파일 저장 완료.
2026-03-25 00:23:06 | INFO     | --- 2026-02-01 Imputation 적용 시작 ---
2026-03-25 00:23:06 | INFO     |   → 讀 2026-02-01 데이터 로드 중 (24개 파일)...
2026-03-25 00:23:13 | INFO     |     → ✓ 로드 및 병합 완료 (총 2570400행)
2026-03-25 00:23:16 | INFO     |     → ⚙️ Imputation 적용 데이터 분리 중...
2026-03-25 00:23:16 | INFO     |       - 제거된 컬럼: 52개
2026-03-25 00:23:16 | INFO     |       - 적용 대상 컬럼: 42개
2026-03-25 00:23:16 | INFO     |     → ✨ Imputation 적용 중 (transform)...
2026-03-25 00:23:27 | INFO     |     → ✓ 적용 완료 (11.2초)
2026-03-25 00:23:27 | INFO     |     → 🧩 데이터 재조립 중...
2026-03-25 00:23:27 | INFO     |       - key_df 컬럼: 4개 (['geoId', 'geo_lon', 'geo_lat', 'dateTime'])
2026-03-25 00:23:27 | INFO     |       - imputed_df_data_part 컬럼: 42개
2026-03-25 00:23:55 | INFO     |       - final_imputed_df 컬럼: 46개
2026-03-25 00:23:55 | INFO     |     → ✓ 재조립 완료.
2026-03-25 00:23:55 | INFO     |     → 💾 Imputed 데이터 시간별 저장 중...
2026-03-25 00:24:15 | INFO     |     → ✓ 24개 시간별 파일 저장 완료.
2026-03-25 00:24:15 | INFO     | --- 2026-02-02 Imputation 적용 시작 ---
2026-03-25 00:24:15 | INFO     |   → 讀 2026-02-02 데이터 로드 중 (24개 파일)...
2026-03-25 00:24:22 | INFO     |     → ✓ 로드 및 병합 완료 (총 2570400행)
2026-03-25 00:24:24 | INFO     |     → ⚙️ Imputation 적용 데이터 분리 중...
2026-03-25 00:24:24 | INFO     |       - 제거된 컬럼: 52개
2026-03-25 00:24:24 | INFO     |       - 적용 대상 컬럼: 42개
2026-03-25 00:24:25 | INFO     |     → ✨ Imputation 적용 중 (transform)...
2026-03-25 00:24:40 | INFO     |     → ✓ 적용 완료 (15.8초)
2026-03-25 00:24:40 | INFO     |     → 🧩 데이터 재조립 중...
2026-03-25 00:24:40 | INFO     |       - key_df 컬럼: 4개 (['geoId', 'geo_lon', 'geo_lat', 'dateTime'])
2026-03-25 00:24:40 | INFO     |       - imputed_df_data_part 컬럼: 42개
2026-03-25 00:25:09 | INFO     |       - final_imputed_df 컬럼: 46개
2026-03-25 00:25:09 | INFO     |     → ✓ 재조립 완료.
2026-03-25 00:25:09 | INFO     |     → 💾 Imputed 데이터 시간별 저장 중...
2026-03-25 00:25:30 | INFO     |     → ✓ 24개 시간별 파일 저장 완료.
2026-03-25 00:25:30 | INFO     | --- 2026-02-03 Imputation 적용 시작 ---
2026-03-25 00:25:30 | INFO     |   → 讀 2026-02-03 데이터 로드 중 (24개 파일)...
2026-03-25 00:25:36 | INFO     |     → ✓ 로드 및 병합 완료 (총 2570400행)
2026-03-25 00:25:40 | INFO     |     → ⚙️ Imputation 적용 데이터 분리 중...
2026-03-25 00:25:40 | INFO     |       - 제거된 컬럼: 52개
2026-03-25 00:25:40 | INFO     |       - 적용 대상 컬럼: 42개
2026-03-25 00:25:40 | INFO     |     → ✨ Imputation 적용 중 (transform)...
2026-03-25 00:26:09 | INFO     |     → ✓ 적용 완료 (29.0초)
2026-03-25 00:26:09 | INFO     |     → 🧩 데이터 재조립 중...
2026-03-25 00:26:09 | INFO     |       - key_df 컬럼: 4개 (['geoId', 'geo_lon', 'geo_lat', 'dateTime'])
2026-03-25 00:26:09 | INFO     |       - imputed_df_data_part 컬럼: 42개
2026-03-25 00:26:38 | INFO     |       - final_imputed_df 컬럼: 46개
2026-03-25 00:26:38 | INFO     |     → ✓ 재조립 완료.
2026-03-25 00:26:38 | INFO     |     → 💾 Imputed 데이터 시간별 저장 중...
2026-03-25 00:27:00 | INFO     |     → ✓ 24개 시간별 파일 저장 완료.
2026-03-25 00:27:00 | INFO     | --- 2026-02-04 Imputation 적용 시작 ---
2026-03-25 00:27:00 | INFO     |   → 讀 2026-02-04 데이터 로드 중 (24개 파일)...
2026-03-25 00:27:06 | INFO     |     → ✓ 로드 및 병합 완료 (총 2570400행)
2026-03-25 00:27:10 | INFO     |     → ⚙️ Imputation 적용 데이터 분리 중...
2026-03-25 00:27:10 | INFO     |       - 제거된 컬럼: 52개
2026-03-25 00:27:10 | INFO     |       - 적용 대상 컬럼: 42개
2026-03-25 00:27:10 | INFO     |     → ✨ Imputation 적용 중 (transform)...
2026-03-25 00:27:28 | INFO     |     → ✓ 적용 완료 (17.8초)
2026-03-25 00:27:28 | INFO     |     → 🧩 데이터 재조립 중...
2026-03-25 00:27:28 | INFO     |       - key_df 컬럼: 4개 (['geoId', 'geo_lon', 'geo_lat', 'dateTime'])
2026-03-25 00:27:28 | INFO     |       - imputed_df_data_part 컬럼: 42개
2026-03-25 00:27:57 | INFO     |       - final_imputed_df 컬럼: 46개
2026-03-25 00:27:57 | INFO     |     → ✓ 재조립 완료.
2026-03-25 00:27:57 | INFO     |     → 💾 Imputed 데이터 시간별 저장 중...
2026-03-25 00:28:18 | INFO     |     → ✓ 24개 시간별 파일 저장 완료.
2026-03-25 00:28:18 | INFO     | --- 2026-02-05 Imputation 적용 시작 ---
2026-03-25 00:28:18 | INFO     |     → 讀 Imputer 로드 중: gk2a_imputer_2026-02-05.pkl (Pivot: 2026-02-05)
2026-03-25 00:28:19 | INFO     |     → ✓ Pivot 2026-02-05 Imputer 로드 완료.
2026-03-25 00:28:19 | INFO     |   → 讀 2026-02-05 데이터 로드 중 (24개 파일)...
2026-03-25 00:28:25 | INFO     |     → ✓ 로드 및 병합 완료 (총 2570400행)
2026-03-25 00:28:29 | INFO     |     → ⚙️ Imputation 적용 데이터 분리 중...
2026-03-25 00:28:29 | INFO     |       - 제거된 컬럼: 52개
2026-03-25 00:28:29 | INFO     |       - 적용 대상 컬럼: 42개
2026-03-25 00:28:29 | INFO     |     → ✨ Imputation 적용 중 (transform)...
2026-03-25 00:28:59 | INFO     |     → ✓ 적용 완료 (30.4초)
2026-03-25 00:28:59 | INFO     |     → 🧩 데이터 재조립 중...
2026-03-25 00:28:59 | INFO     |       - key_df 컬럼: 4개 (['geoId', 'geo_lon', 'geo_lat', 'dateTime'])
2026-03-25 00:28:59 | INFO     |       - imputed_df_data_part 컬럼: 42개
2026-03-25 00:29:28 | INFO     |       - final_imputed_df 컬럼: 46개
2026-03-25 00:29:28 | INFO     |     → ✓ 재조립 완료.
2026-03-25 00:29:28 | INFO     |     → 💾 Imputed 데이터 시간별 저장 중...
2026-03-25 00:29:50 | INFO     |     → ✓ 24개 시간별 파일 저장 완료.
2026-03-25 00:29:50 | INFO     | --- 2026-02-06 Imputation 적용 시작 ---
2026-03-25 00:29:50 | INFO     |     → 讀 Imputer 로드 중: gk2a_imputer_2026-02-06.pkl (Pivot: 2026-02-06)
2026-03-25 00:29:50 | INFO     |     → ✓ Pivot 2026-02-06 Imputer 로드 완료.
2026-03-25 00:29:50 | INFO     |   → 讀 2026-02-06 데이터 로드 중 (24개 파일)...
2026-03-25 00:29:57 | INFO     |     → ✓ 로드 및 병합 완료 (총 2570400행)
2026-03-25 00:30:00 | INFO     |     → ⚙️ Imputation 적용 데이터 분리 중...
2026-03-25 00:30:00 | INFO     |       - 제거된 컬럼: 52개
2026-03-25 00:30:00 | INFO     |       - 적용 대상 컬럼: 42개
2026-03-25 00:30:00 | INFO     |     → ✨ Imputation 적용 중 (transform)...
2026-03-25 00:30:15 | INFO     |     → ✓ 적용 완료 (15.1초)
2026-03-25 00:30:15 | INFO     |     → 🧩 데이터 재조립 중...
2026-03-25 00:30:15 | INFO     |       - key_df 컬럼: 4개 (['geoId', 'geo_lon', 'geo_lat', 'dateTime'])
2026-03-25 00:30:15 | INFO     |       - imputed_df_data_part 컬럼: 42개
2026-03-25 00:30:43 | INFO     |       - final_imputed_df 컬럼: 46개
2026-03-25 00:30:43 | INFO     |     → ✓ 재조립 완료.
2026-03-25 00:30:43 | INFO     |     → 💾 Imputed 데이터 시간별 저장 중...
2026-03-25 00:31:04 | INFO     |     → ✓ 24개 시간별 파일 저장 완료.
2026-03-25 00:31:04 | INFO     | --- 2026-02-07 Imputation 적용 시작 ---
2026-03-25 00:31:04 | INFO     |     → 讀 Imputer 로드 중: gk2a_imputer_2026-02-07.pkl (Pivot: 2026-02-07)
2026-03-25 00:31:04 | INFO     |     → ✓ Pivot 2026-02-07 Imputer 로드 완료.
2026-03-25 00:31:04 | INFO     |   → 讀 2026-02-07 데이터 로드 중 (24개 파일)...
2026-03-25 00:31:11 | INFO     |     → ✓ 로드 및 병합 완료 (총 2570400행)
2026-03-25 00:31:13 | INFO     |     → ⚙️ Imputation 적용 데이터 분리 중...
2026-03-25 00:31:13 | INFO     |       - 제거된 컬럼: 52개
2026-03-25 00:31:13 | INFO     |       - 적용 대상 컬럼: 42개
2026-03-25 00:31:13 | INFO     |     → ✨ Imputation 적용 중 (transform)...
2026-03-25 00:31:34 | INFO     |     → ✓ 적용 완료 (21.0초)
2026-03-25 00:31:35 | INFO     |     → 🧩 데이터 재조립 중...
2026-03-25 00:31:35 | INFO     |       - key_df 컬럼: 4개 (['geoId', 'geo_lon', 'geo_lat', 'dateTime'])
2026-03-25 00:31:35 | INFO     |       - imputed_df_data_part 컬럼: 42개
2026-03-25 00:32:03 | INFO     |       - final_imputed_df 컬럼: 46개
2026-03-25 00:32:03 | INFO     |     → ✓ 재조립 완료.
2026-03-25 00:32:03 | INFO     |     → 💾 Imputed 데이터 시간별 저장 중...
2026-03-25 00:32:24 | INFO     |     → ✓ 24개 시간별 파일 저장 완료.
2026-03-25 00:32:24 | INFO     | --- 2026-02-08 Imputation 적용 시작 ---
2026-03-25 00:32:24 | INFO     |     → 讀 Imputer 로드 중: gk2a_imputer_2026-02-08.pkl (Pivot: 2026-02-08)
2026-03-25 00:32:24 | INFO     |     → ✓ Pivot 2026-02-08 Imputer 로드 완료.
2026-03-25 00:32:24 | INFO     |   → 讀 2026-02-08 데이터 로드 중 (24개 파일)...
2026-03-25 00:32:31 | INFO     |     → ✓ 로드 및 병합 완료 (총 2570400행)
2026-03-25 00:32:34 | INFO     |     → ⚙️ Imputation 적용 데이터 분리 중...
2026-03-25 00:32:34 | INFO     |       - 제거된 컬럼: 52개
2026-03-25 00:32:34 | INFO     |       - 적용 대상 컬럼: 42개
2026-03-25 00:32:34 | INFO     |     → ✨ Imputation 적용 중 (transform)...
2026-03-25 00:32:47 | INFO     |     → ✓ 적용 완료 (13.4초)
2026-03-25 00:32:47 | INFO     |     → 🧩 데이터 재조립 중...
2026-03-25 00:32:47 | INFO     |       - key_df 컬럼: 4개 (['geoId', 'geo_lon', 'geo_lat', 'dateTime'])
2026-03-25 00:32:47 | INFO     |       - imputed_df_data_part 컬럼: 42개
2026-03-25 00:33:16 | INFO     |       - final_imputed_df 컬럼: 46개
2026-03-25 00:33:16 | INFO     |     → ✓ 재조립 완료.
2026-03-25 00:33:16 | INFO     |     → 💾 Imputed 데이터 시간별 저장 중...
2026-03-25 00:33:37 | INFO     |     → ✓ 24개 시간별 파일 저장 완료.
2026-03-25 00:33:37 | INFO     | --- 2026-02-09 Imputation 적용 시작 ---
2026-03-25 00:33:37 | INFO     |     → 讀 Imputer 로드 중: gk2a_imputer_2026-02-09.pkl (Pivot: 2026-02-09)
2026-03-25 00:33:37 | INFO     |     → ✓ Pivot 2026-02-09 Imputer 로드 완료.
2026-03-25 00:33:37 | INFO     |   → 讀 2026-02-09 데이터 로드 중 (24개 파일)...
2026-03-25 00:33:44 | INFO     |     → ✓ 로드 및 병합 완료 (총 2570400행)
2026-03-25 00:33:47 | INFO     |     → ⚙️ Imputation 적용 데이터 분리 중...
2026-03-25 00:33:47 | INFO     |       - 제거된 컬럼: 52개
2026-03-25 00:33:47 | INFO     |       - 적용 대상 컬럼: 42개
2026-03-25 00:33:47 | INFO     |     → ✨ Imputation 적용 중 (transform)...
2026-03-25 00:34:08 | INFO     |     → ✓ 적용 완료 (21.2초)
2026-03-25 00:34:09 | INFO     |     → 🧩 데이터 재조립 중...
2026-03-25 00:34:09 | INFO     |       - key_df 컬럼: 4개 (['geoId', 'geo_lon', 'geo_lat', 'dateTime'])
2026-03-25 00:34:09 | INFO     |       - imputed_df_data_part 컬럼: 42개
2026-03-25 00:34:37 | INFO     |       - final_imputed_df 컬럼: 46개
2026-03-25 00:34:37 | INFO     |     → ✓ 재조립 완료.
2026-03-25 00:34:37 | INFO     |     → 💾 Imputed 데이터 시간별 저장 중...
2026-03-25 00:34:58 | INFO     |     → ✓ 24개 시간별 파일 저장 완료.
2026-03-25 00:34:58 | INFO     | --- 2026-02-10 Imputation 적용 시작 ---
2026-03-25 00:34:58 | INFO     |     → 讀 Imputer 로드 중: gk2a_imputer_2026-02-10.pkl (Pivot: 2026-02-10)
2026-03-25 00:34:58 | INFO     |     → ✓ Pivot 2026-02-10 Imputer 로드 완료.
2026-03-25 00:34:58 | INFO     |   → 讀 2026-02-10 데이터 로드 중 (24개 파일)...
2026-03-25 00:35:05 | INFO     |     → ✓ 로드 및 병합 완료 (총 2570400행)
2026-03-25 00:35:07 | INFO     |     → ⚙️ Imputation 적용 데이터 분리 중...
2026-03-25 00:35:08 | INFO     |       - 제거된 컬럼: 52개
2026-03-25 00:35:08 | INFO     |       - 적용 대상 컬럼: 42개
2026-03-25 00:35:08 | INFO     |     → ✨ Imputation 적용 중 (transform)...
2026-03-25 00:35:26 | INFO     |     → ✓ 적용 완료 (18.6초)
2026-03-25 00:35:26 | INFO     |     → 🧩 데이터 재조립 중...
2026-03-25 00:35:26 | INFO     |       - key_df 컬럼: 4개 (['geoId', 'geo_lon', 'geo_lat', 'dateTime'])
2026-03-25 00:35:26 | INFO     |       - imputed_df_data_part 컬럼: 42개
2026-03-25 00:35:54 | INFO     |       - final_imputed_df 컬럼: 46개
2026-03-25 00:35:54 | INFO     |     → ✓ 재조립 완료.
2026-03-25 00:35:54 | INFO     |     → 💾 Imputed 데이터 시간별 저장 중...
2026-03-25 00:36:15 | INFO     |     → ✓ 24개 시간별 파일 저장 완료.
2026-03-25 00:36:15 | INFO     | --- 2026-02-11 Imputation 적용 시작 ---
2026-03-25 00:36:15 | INFO     |     → 讀 Imputer 로드 중: gk2a_imputer_2026-02-11.pkl (Pivot: 2026-02-11)
2026-03-25 00:36:16 | INFO     |     → ✓ Pivot 2026-02-11 Imputer 로드 완료.
2026-03-25 00:36:16 | INFO     |   → 讀 2026-02-11 데이터 로드 중 (23개 파일)...
2026-03-25 00:36:22 | INFO     |     → ✓ 로드 및 병합 완료 (총 2463300행)
2026-03-25 00:36:25 | INFO     |     → ⚙️ Imputation 적용 데이터 분리 중...
2026-03-25 00:36:25 | INFO     |       - 제거된 컬럼: 52개
2026-03-25 00:36:25 | INFO     |       - 적용 대상 컬럼: 42개
2026-03-25 00:36:25 | INFO     |     → ✨ Imputation 적용 중 (transform)...
2026-03-25 00:36:51 | INFO     |     → ✓ 적용 완료 (25.2초)
2026-03-25 00:36:51 | INFO     |     → 🧩 데이터 재조립 중...
2026-03-25 00:36:51 | INFO     |       - key_df 컬럼: 4개 (['geoId', 'geo_lon', 'geo_lat', 'dateTime'])
2026-03-25 00:36:51 | INFO     |       - imputed_df_data_part 컬럼: 42개
2026-03-25 00:37:18 | INFO     |       - final_imputed_df 컬럼: 46개
2026-03-25 00:37:19 | INFO     |     → ✓ 재조립 완료.
2026-03-25 00:37:19 | INFO     |     → 💾 Imputed 데이터 시간별 저장 중...
2026-03-25 00:37:40 | INFO     |     → ✓ 23개 시간별 파일 저장 완료.
2026-03-25 00:37:40 | INFO     | ======================================================================
2026-03-25 00:37:40 | INFO     | 🎉 [결측치 채우기] 작업이 완료되었습니다.
2026-03-25 00:37:40 | INFO     |   - 총 1020개의 시간별 파일이 생성/업데이트되었습니다.
2026-03-25 00:37:40 | INFO     |   - 총 0개 날짜를 건너뛰었습니다.
2026-03-25 00:37:40 | INFO     | 최종 Imputed 데이터는 C:\Users\USER\Documents\GitHub\COMS-KMA.AI\Data\2.imputed 에서 확인하세요.
2026-03-25 00:37:40 | INFO     | 상세 로그는 C:\Users\USER\Documents\GitHub\COMS-KMA.AI\Data\2.imputed\logs\impute_data_GK2A_20251214_to_20260211_20260324_234357.log 에서 확인하세요.
2026-03-25 00:37:40 | INFO     | ======================================================================
