2026-03-24 23:23:40 | INFO     | ======================================================================
2026-03-24 23:23:40 | INFO     | 🛰️  [결측치 채우기] Pivot 기반 Imputation 적용 시작 (v10 - Pivot 모드)
2026-03-24 23:23:40 | INFO     |   - 데이터 소스: GK2A
2026-03-24 23:23:40 | INFO     |   - 입력 경로 (HOURLY_DATA): C:\Users\USER\Documents\GitHub\COMS-KMA.AI\Data\1.outliers_rm
2026-03-24 23:23:40 | INFO     |   - Imputer 경로: C:\Users\USER\Documents\GitHub\COMS-KMA.AI\Imputers
2026-03-24 23:23:40 | INFO     |   - 출력 경로 (IMPUTED_DATA): C:\Users\USER\Documents\GitHub\COMS-KMA.AI\Data\2.imputed
2026-03-24 23:23:40 | INFO     |   - First Pivot: 2026-02-04
2026-03-24 23:23:40 | INFO     |   - Pivot Interval: 1일
2026-03-24 23:23:40 | INFO     |   - [v10] 처리 범위: 2025-12-14 부터 2026-02-11 까지
2026-03-24 23:23:40 | INFO     |   - 모드: 🔄 Resume
2026-03-24 23:23:40 | INFO     |   - 로그 파일: C:\Users\USER\Documents\GitHub\COMS-KMA.AI\Data\2.imputed\logs\impute_data_GK2A_20251214_to_20260211_20260324_232340.log
2026-03-24 23:23:40 | INFO     | ======================================================================
2026-03-24 23:23:40 | INFO     | 📂 스캔 중 (Pivot 기반, Interval: 1일): C:\Users\USER\Documents\GitHub\COMS-KMA.AI\Data\1.outliers_rm\KOMPSAT_LE2
2026-03-24 23:23:40 | INFO     |   → First Pivot: 2026-02-04
2026-03-24 23:23:40 | INFO     |   → 46개 날짜 데이터 발견. (범위: 2025-12-14~2026-02-11)
2026-03-24 23:23:40 | INFO     | --- 2025-12-14 Imputation 적용 시작 ---
2026-03-24 23:23:40 | INFO     |     → 讀 Imputer 로드 중: gk2a_imputer_2026-02-04.pkl (Pivot: 2026-02-04)
2026-03-24 23:23:45 | INFO     |     → ✓ Pivot 2026-02-04 Imputer 로드 완료.
2026-03-24 23:23:45 | INFO     |   → 讀 2025-12-14 데이터 로드 중 (2개 파일)...
2026-03-24 23:23:45 | INFO     |     → ✓ 로드 및 병합 완료 (총 214200행)
2026-03-24 23:23:45 | INFO     |     → ⚙️ Imputation 적용 데이터 분리 중...
2026-03-24 23:23:45 | INFO     |       - 제거된 컬럼: 52개
2026-03-24 23:23:45 | INFO     |       - 적용 대상 컬럼: 42개
2026-03-24 23:23:45 | INFO     |     → ✨ Imputation 적용 중 (transform)...
2026-03-24 23:23:45 | ERROR    |     - ❌ 2025-12-14 Imputation 적용 실패: 'numpy.ndarray' object has no attribute 'isnull'
Traceback (most recent call last):
  File "C:\Users\USER\Documents\GitHub\COMS-KMA.AI\Codes\1.Preprocessing\impute_hourly.py", line 615, in main
    imputed_array = current_imputer.transform(data_for_transform.values)
                    ^^^^^^^^^^^^^^^^^^^^^^^^^^^^^^^^^^^^^^^^^^^^^^^^^^^^
  File "C:\Users\USER\Documents\GitHub\COMS-KMA.AI\.venv\Lib\site-packages\missforest\missforest.py", line 505, in transform
    _validate_empty_feature(x)
  File "C:\Users\USER\Documents\GitHub\COMS-KMA.AI\.venv\Lib\site-packages\missforest\_validate.py", line 97, in _validate_empty_feature
    if x.isnull().all().any():
       ^^^^^^^^
AttributeError: 'numpy.ndarray' object has no attribute 'isnull'
2026-03-24 23:23:45 | INFO     | --- 2025-12-15 Imputation 적용 시작 ---
2026-03-24 23:23:45 | INFO     |   → 讀 2025-12-15 데이터 로드 중 (21개 파일)...
2026-03-24 23:23:51 | INFO     |     → ✓ 로드 및 병합 완료 (총 2249100행)
2026-03-24 23:23:54 | INFO     |     → ⚙️ Imputation 적용 데이터 분리 중...
2026-03-24 23:23:54 | INFO     |       - 제거된 컬럼: 52개
2026-03-24 23:23:54 | INFO     |       - 적용 대상 컬럼: 42개
2026-03-24 23:23:54 | INFO     |     → ✨ Imputation 적용 중 (transform)...
2026-03-24 23:23:54 | ERROR    |     - ❌ 2025-12-15 Imputation 적용 실패: 'numpy.ndarray' object has no attribute 'isnull'
Traceback (most recent call last):
  File "C:\Users\USER\Documents\GitHub\COMS-KMA.AI\Codes\1.Preprocessing\impute_hourly.py", line 615, in main
    imputed_array = current_imputer.transform(data_for_transform.values)
                    ^^^^^^^^^^^^^^^^^^^^^^^^^^^^^^^^^^^^^^^^^^^^^^^^^^^^
  File "C:\Users\USER\Documents\GitHub\COMS-KMA.AI\.venv\Lib\site-packages\missforest\missforest.py", line 505, in transform
    _validate_empty_feature(x)
  File "C:\Users\USER\Documents\GitHub\COMS-KMA.AI\.venv\Lib\site-packages\missforest\_validate.py", line 97, in _validate_empty_feature
    if x.isnull().all().any():
       ^^^^^^^^
AttributeError: 'numpy.ndarray' object has no attribute 'isnull'
2026-03-24 23:23:54 | INFO     | --- 2025-12-16 Imputation 적용 시작 ---
2026-03-24 23:23:54 | INFO     |   → 讀 2025-12-16 데이터 로드 중 (23개 파일)...
2026-03-24 23:24:01 | INFO     |     → ✓ 로드 및 병합 완료 (총 2463300행)
2026-03-24 23:24:03 | INFO     |     → ⚙️ Imputation 적용 데이터 분리 중...
2026-03-24 23:24:03 | INFO     |       - 제거된 컬럼: 52개
2026-03-24 23:24:03 | INFO     |       - 적용 대상 컬럼: 42개
2026-03-24 23:24:03 | INFO     |     → ✨ Imputation 적용 중 (transform)...
2026-03-24 23:24:03 | ERROR    |     - ❌ 2025-12-16 Imputation 적용 실패: 'numpy.ndarray' object has no attribute 'isnull'
Traceback (most recent call last):
  File "C:\Users\USER\Documents\GitHub\COMS-KMA.AI\Codes\1.Preprocessing\impute_hourly.py", line 615, in main
    imputed_array = current_imputer.transform(data_for_transform.values)
                    ^^^^^^^^^^^^^^^^^^^^^^^^^^^^^^^^^^^^^^^^^^^^^^^^^^^^
  File "C:\Users\USER\Documents\GitHub\COMS-KMA.AI\.venv\Lib\site-packages\missforest\missforest.py", line 505, in transform
    _validate_empty_feature(x)
  File "C:\Users\USER\Documents\GitHub\COMS-KMA.AI\.venv\Lib\site-packages\missforest\_validate.py", line 97, in _validate_empty_feature
    if x.isnull().all().any():
       ^^^^^^^^
AttributeError: 'numpy.ndarray' object has no attribute 'isnull'
2026-03-24 23:24:03 | INFO     | --- 2025-12-17 Imputation 적용 시작 ---
2026-03-24 23:24:03 | INFO     |   → 讀 2025-12-17 데이터 로드 중 (23개 파일)...
2026-03-24 23:24:10 | INFO     |     → ✓ 로드 및 병합 완료 (총 2463300행)
2026-03-24 23:24:13 | INFO     |     → ⚙️ Imputation 적용 데이터 분리 중...
2026-03-24 23:24:13 | INFO     |       - 제거된 컬럼: 52개
2026-03-24 23:24:13 | INFO     |       - 적용 대상 컬럼: 42개
2026-03-24 23:24:13 | INFO     |     → ✨ Imputation 적용 중 (transform)...
2026-03-24 23:24:13 | ERROR    |     - ❌ 2025-12-17 Imputation 적용 실패: 'numpy.ndarray' object has no attribute 'isnull'
Traceback (most recent call last):
  File "C:\Users\USER\Documents\GitHub\COMS-KMA.AI\Codes\1.Preprocessing\impute_hourly.py", line 615, in main
    imputed_array = current_imputer.transform(data_for_transform.values)
                    ^^^^^^^^^^^^^^^^^^^^^^^^^^^^^^^^^^^^^^^^^^^^^^^^^^^^
  File "C:\Users\USER\Documents\GitHub\COMS-KMA.AI\.venv\Lib\site-packages\missforest\missforest.py", line 505, in transform
    _validate_empty_feature(x)
  File "C:\Users\USER\Documents\GitHub\COMS-KMA.AI\.venv\Lib\site-packages\missforest\_validate.py", line 97, in _validate_empty_feature
    if x.isnull().all().any():
       ^^^^^^^^
AttributeError: 'numpy.ndarray' object has no attribute 'isnull'
2026-03-24 23:24:13 | INFO     | --- 2025-12-18 Imputation 적용 시작 ---
2026-03-24 23:24:13 | INFO     |   → 讀 2025-12-18 데이터 로드 중 (23개 파일)...
2026-03-24 23:24:20 | INFO     |     → ✓ 로드 및 병합 완료 (총 2463300행)
2026-03-24 23:24:22 | INFO     |     → ⚙️ Imputation 적용 데이터 분리 중...
2026-03-24 23:24:22 | INFO     |       - 제거된 컬럼: 52개
2026-03-24 23:24:22 | INFO     |       - 적용 대상 컬럼: 42개
2026-03-24 23:24:22 | INFO     |     → ✨ Imputation 적용 중 (transform)...
2026-03-24 23:24:22 | ERROR    |     - ❌ 2025-12-18 Imputation 적용 실패: 'numpy.ndarray' object has no attribute 'isnull'
Traceback (most recent call last):
  File "C:\Users\USER\Documents\GitHub\COMS-KMA.AI\Codes\1.Preprocessing\impute_hourly.py", line 615, in main
    imputed_array = current_imputer.transform(data_for_transform.values)
                    ^^^^^^^^^^^^^^^^^^^^^^^^^^^^^^^^^^^^^^^^^^^^^^^^^^^^
  File "C:\Users\USER\Documents\GitHub\COMS-KMA.AI\.venv\Lib\site-packages\missforest\missforest.py", line 505, in transform
    _validate_empty_feature(x)
  File "C:\Users\USER\Documents\GitHub\COMS-KMA.AI\.venv\Lib\site-packages\missforest\_validate.py", line 97, in _validate_empty_feature
    if x.isnull().all().any():
       ^^^^^^^^
AttributeError: 'numpy.ndarray' object has no attribute 'isnull'
2026-03-24 23:24:22 | INFO     | --- 2025-12-19 Imputation 적용 시작 ---
2026-03-24 23:24:22 | INFO     |   → 讀 2025-12-19 데이터 로드 중 (23개 파일)...
2026-03-24 23:24:29 | INFO     |     → ✓ 로드 및 병합 완료 (총 2463300행)
2026-03-24 23:24:32 | INFO     |     → ⚙️ Imputation 적용 데이터 분리 중...
2026-03-24 23:24:32 | INFO     |       - 제거된 컬럼: 52개
2026-03-24 23:24:32 | INFO     |       - 적용 대상 컬럼: 42개
2026-03-24 23:24:32 | INFO     |     → ✨ Imputation 적용 중 (transform)...
2026-03-24 23:24:32 | ERROR    |     - ❌ 2025-12-19 Imputation 적용 실패: 'numpy.ndarray' object has no attribute 'isnull'
Traceback (most recent call last):
  File "C:\Users\USER\Documents\GitHub\COMS-KMA.AI\Codes\1.Preprocessing\impute_hourly.py", line 615, in main
    imputed_array = current_imputer.transform(data_for_transform.values)
                    ^^^^^^^^^^^^^^^^^^^^^^^^^^^^^^^^^^^^^^^^^^^^^^^^^^^^
  File "C:\Users\USER\Documents\GitHub\COMS-KMA.AI\.venv\Lib\site-packages\missforest\missforest.py", line 505, in transform
    _validate_empty_feature(x)
  File "C:\Users\USER\Documents\GitHub\COMS-KMA.AI\.venv\Lib\site-packages\missforest\_validate.py", line 97, in _validate_empty_feature
    if x.isnull().all().any():
       ^^^^^^^^
AttributeError: 'numpy.ndarray' object has no attribute 'isnull'
2026-03-24 23:24:32 | INFO     | --- 2025-12-20 Imputation 적용 시작 ---
2026-03-24 23:24:32 | INFO     |   → 讀 2025-12-20 데이터 로드 중 (20개 파일)...
2026-03-24 23:24:38 | INFO     |     → ✓ 로드 및 병합 완료 (총 2142000행)
2026-03-24 23:24:40 | INFO     |     → ⚙️ Imputation 적용 데이터 분리 중...
2026-03-24 23:24:40 | INFO     |       - 제거된 컬럼: 52개
2026-03-24 23:24:40 | INFO     |       - 적용 대상 컬럼: 42개
2026-03-24 23:24:40 | INFO     |     → ✨ Imputation 적용 중 (transform)...
2026-03-24 23:24:41 | ERROR    |     - ❌ 2025-12-20 Imputation 적용 실패: 'numpy.ndarray' object has no attribute 'isnull'
Traceback (most recent call last):
  File "C:\Users\USER\Documents\GitHub\COMS-KMA.AI\Codes\1.Preprocessing\impute_hourly.py", line 615, in main
    imputed_array = current_imputer.transform(data_for_transform.values)
                    ^^^^^^^^^^^^^^^^^^^^^^^^^^^^^^^^^^^^^^^^^^^^^^^^^^^^
  File "C:\Users\USER\Documents\GitHub\COMS-KMA.AI\.venv\Lib\site-packages\missforest\missforest.py", line 505, in transform
    _validate_empty_feature(x)
  File "C:\Users\USER\Documents\GitHub\COMS-KMA.AI\.venv\Lib\site-packages\missforest\_validate.py", line 97, in _validate_empty_feature
    if x.isnull().all().any():
       ^^^^^^^^
AttributeError: 'numpy.ndarray' object has no attribute 'isnull'
2026-03-24 23:24:41 | INFO     | --- 2025-12-21 Imputation 적용 시작 ---
2026-03-24 23:24:41 | INFO     |   → 讀 2025-12-21 데이터 로드 중 (22개 파일)...
2026-03-24 23:24:47 | INFO     |     → ✓ 로드 및 병합 완료 (총 2356200행)
2026-03-24 23:24:50 | INFO     |     → ⚙️ Imputation 적용 데이터 분리 중...
2026-03-24 23:24:50 | INFO     |       - 제거된 컬럼: 52개
2026-03-24 23:24:50 | INFO     |       - 적용 대상 컬럼: 42개
2026-03-24 23:24:50 | INFO     |     → ✨ Imputation 적용 중 (transform)...
2026-03-24 23:24:50 | ERROR    |     - ❌ 2025-12-21 Imputation 적용 실패: 'numpy.ndarray' object has no attribute 'isnull'
Traceback (most recent call last):
  File "C:\Users\USER\Documents\GitHub\COMS-KMA.AI\Codes\1.Preprocessing\impute_hourly.py", line 615, in main
    imputed_array = current_imputer.transform(data_for_transform.values)
                    ^^^^^^^^^^^^^^^^^^^^^^^^^^^^^^^^^^^^^^^^^^^^^^^^^^^^
  File "C:\Users\USER\Documents\GitHub\COMS-KMA.AI\.venv\Lib\site-packages\missforest\missforest.py", line 505, in transform
    _validate_empty_feature(x)
  File "C:\Users\USER\Documents\GitHub\COMS-KMA.AI\.venv\Lib\site-packages\missforest\_validate.py", line 97, in _validate_empty_feature
    if x.isnull().all().any():
       ^^^^^^^^
AttributeError: 'numpy.ndarray' object has no attribute 'isnull'
2026-03-24 23:24:50 | INFO     | --- 2025-12-22 Imputation 적용 시작 ---
2026-03-24 23:24:50 | INFO     |   → 讀 2025-12-22 데이터 로드 중 (24개 파일)...
2026-03-24 23:24:57 | INFO     |     → ✓ 로드 및 병합 완료 (총 2570400행)
2026-03-24 23:24:59 | INFO     |     → ⚙️ Imputation 적용 데이터 분리 중...
2026-03-24 23:24:59 | INFO     |       - 제거된 컬럼: 52개
2026-03-24 23:24:59 | INFO     |       - 적용 대상 컬럼: 42개
2026-03-24 23:24:59 | INFO     |     → ✨ Imputation 적용 중 (transform)...
2026-03-24 23:25:00 | ERROR    |     - ❌ 2025-12-22 Imputation 적용 실패: 'numpy.ndarray' object has no attribute 'isnull'
Traceback (most recent call last):
  File "C:\Users\USER\Documents\GitHub\COMS-KMA.AI\Codes\1.Preprocessing\impute_hourly.py", line 615, in main
    imputed_array = current_imputer.transform(data_for_transform.values)
                    ^^^^^^^^^^^^^^^^^^^^^^^^^^^^^^^^^^^^^^^^^^^^^^^^^^^^
  File "C:\Users\USER\Documents\GitHub\COMS-KMA.AI\.venv\Lib\site-packages\missforest\missforest.py", line 505, in transform
    _validate_empty_feature(x)
  File "C:\Users\USER\Documents\GitHub\COMS-KMA.AI\.venv\Lib\site-packages\missforest\_validate.py", line 97, in _validate_empty_feature
    if x.isnull().all().any():
       ^^^^^^^^
AttributeError: 'numpy.ndarray' object has no attribute 'isnull'
2026-03-24 23:25:00 | INFO     | --- 2025-12-23 Imputation 적용 시작 ---
2026-03-24 23:25:00 | INFO     |   → 讀 2025-12-23 데이터 로드 중 (24개 파일)...
2026-03-24 23:25:07 | INFO     |     → ✓ 로드 및 병합 완료 (총 2570400행)
2026-03-24 23:25:09 | INFO     |     → ⚙️ Imputation 적용 데이터 분리 중...
2026-03-24 23:25:09 | INFO     |       - 제거된 컬럼: 52개
2026-03-24 23:25:09 | INFO     |       - 적용 대상 컬럼: 42개
2026-03-24 23:25:09 | INFO     |     → ✨ Imputation 적용 중 (transform)...
2026-03-24 23:25:10 | ERROR    |     - ❌ 2025-12-23 Imputation 적용 실패: 'numpy.ndarray' object has no attribute 'isnull'
Traceback (most recent call last):
  File "C:\Users\USER\Documents\GitHub\COMS-KMA.AI\Codes\1.Preprocessing\impute_hourly.py", line 615, in main
    imputed_array = current_imputer.transform(data_for_transform.values)
                    ^^^^^^^^^^^^^^^^^^^^^^^^^^^^^^^^^^^^^^^^^^^^^^^^^^^^
  File "C:\Users\USER\Documents\GitHub\COMS-KMA.AI\.venv\Lib\site-packages\missforest\missforest.py", line 505, in transform
    _validate_empty_feature(x)
  File "C:\Users\USER\Documents\GitHub\COMS-KMA.AI\.venv\Lib\site-packages\missforest\_validate.py", line 97, in _validate_empty_feature
    if x.isnull().all().any():
       ^^^^^^^^
AttributeError: 'numpy.ndarray' object has no attribute 'isnull'
2026-03-24 23:25:10 | INFO     | --- 2025-12-24 Imputation 적용 시작 ---
2026-03-24 23:25:10 | INFO     |   → 讀 2025-12-24 데이터 로드 중 (1개 파일)...
2026-03-24 23:25:10 | INFO     |     → ✓ 로드 및 병합 완료 (총 107100행)
2026-03-24 23:25:10 | INFO     |     → ⚙️ Imputation 적용 데이터 분리 중...
2026-03-24 23:25:10 | INFO     |       - 제거된 컬럼: 52개
2026-03-24 23:25:10 | INFO     |       - 적용 대상 컬럼: 42개
2026-03-24 23:25:10 | INFO     |     → ✨ Imputation 적용 중 (transform)...
2026-03-24 23:25:10 | ERROR    |     - ❌ 2025-12-24 Imputation 적용 실패: 'numpy.ndarray' object has no attribute 'isnull'
Traceback (most recent call last):
  File "C:\Users\USER\Documents\GitHub\COMS-KMA.AI\Codes\1.Preprocessing\impute_hourly.py", line 615, in main
    imputed_array = current_imputer.transform(data_for_transform.values)
                    ^^^^^^^^^^^^^^^^^^^^^^^^^^^^^^^^^^^^^^^^^^^^^^^^^^^^
  File "C:\Users\USER\Documents\GitHub\COMS-KMA.AI\.venv\Lib\site-packages\missforest\missforest.py", line 505, in transform
    _validate_empty_feature(x)
  File "C:\Users\USER\Documents\GitHub\COMS-KMA.AI\.venv\Lib\site-packages\missforest\_validate.py", line 97, in _validate_empty_feature
    if x.isnull().all().any():
       ^^^^^^^^
AttributeError: 'numpy.ndarray' object has no attribute 'isnull'
2026-03-24 23:25:10 | INFO     | --- 2026-01-06 Imputation 적용 시작 ---
2026-03-24 23:25:10 | INFO     |   → 讀 2026-01-06 데이터 로드 중 (23개 파일)...
2026-03-24 23:25:16 | INFO     |     → ✓ 로드 및 병합 완료 (총 2463300행)
2026-03-24 23:25:19 | INFO     |     → ⚙️ Imputation 적용 데이터 분리 중...
2026-03-24 23:25:19 | INFO     |       - 제거된 컬럼: 52개
2026-03-24 23:25:19 | INFO     |       - 적용 대상 컬럼: 42개
2026-03-24 23:25:19 | INFO     |     → ✨ Imputation 적용 중 (transform)...
2026-03-24 23:25:19 | ERROR    |     - ❌ 2026-01-06 Imputation 적용 실패: 'numpy.ndarray' object has no attribute 'isnull'
Traceback (most recent call last):
  File "C:\Users\USER\Documents\GitHub\COMS-KMA.AI\Codes\1.Preprocessing\impute_hourly.py", line 615, in main
    imputed_array = current_imputer.transform(data_for_transform.values)
                    ^^^^^^^^^^^^^^^^^^^^^^^^^^^^^^^^^^^^^^^^^^^^^^^^^^^^
  File "C:\Users\USER\Documents\GitHub\COMS-KMA.AI\.venv\Lib\site-packages\missforest\missforest.py", line 505, in transform
    _validate_empty_feature(x)
  File "C:\Users\USER\Documents\GitHub\COMS-KMA.AI\.venv\Lib\site-packages\missforest\_validate.py", line 97, in _validate_empty_feature
    if x.isnull().all().any():
       ^^^^^^^^
AttributeError: 'numpy.ndarray' object has no attribute 'isnull'
2026-03-24 23:25:19 | INFO     | --- 2026-01-07 Imputation 적용 시작 ---
2026-03-24 23:25:19 | INFO     |   → 讀 2026-01-07 데이터 로드 중 (24개 파일)...
2026-03-24 23:25:26 | INFO     |     → ✓ 로드 및 병합 완료 (총 2570400행)
2026-03-24 23:25:28 | INFO     |     → ⚙️ Imputation 적용 데이터 분리 중...
2026-03-24 23:25:28 | INFO     |       - 제거된 컬럼: 52개
2026-03-24 23:25:28 | INFO     |       - 적용 대상 컬럼: 42개
2026-03-24 23:25:28 | INFO     |     → ✨ Imputation 적용 중 (transform)...
2026-03-24 23:25:28 | ERROR    |     - ❌ 2026-01-07 Imputation 적용 실패: 'numpy.ndarray' object has no attribute 'isnull'
Traceback (most recent call last):
  File "C:\Users\USER\Documents\GitHub\COMS-KMA.AI\Codes\1.Preprocessing\impute_hourly.py", line 615, in main
    imputed_array = current_imputer.transform(data_for_transform.values)
                    ^^^^^^^^^^^^^^^^^^^^^^^^^^^^^^^^^^^^^^^^^^^^^^^^^^^^
  File "C:\Users\USER\Documents\GitHub\COMS-KMA.AI\.venv\Lib\site-packages\missforest\missforest.py", line 505, in transform
    _validate_empty_feature(x)
  File "C:\Users\USER\Documents\GitHub\COMS-KMA.AI\.venv\Lib\site-packages\missforest\_validate.py", line 97, in _validate_empty_feature
    if x.isnull().all().any():
       ^^^^^^^^
AttributeError: 'numpy.ndarray' object has no attribute 'isnull'
2026-03-24 23:25:29 | INFO     | --- 2026-01-08 Imputation 적용 시작 ---
2026-03-24 23:25:29 | INFO     |   → 讀 2026-01-08 데이터 로드 중 (24개 파일)...
2026-03-24 23:25:35 | INFO     |     → ✓ 로드 및 병합 완료 (총 2570400행)
2026-03-24 23:25:38 | INFO     |     → ⚙️ Imputation 적용 데이터 분리 중...
2026-03-24 23:25:38 | INFO     |       - 제거된 컬럼: 52개
2026-03-24 23:25:38 | INFO     |       - 적용 대상 컬럼: 42개
2026-03-24 23:25:38 | INFO     |     → ✨ Imputation 적용 중 (transform)...
2026-03-24 23:25:38 | ERROR    |     - ❌ 2026-01-08 Imputation 적용 실패: 'numpy.ndarray' object has no attribute 'isnull'
Traceback (most recent call last):
  File "C:\Users\USER\Documents\GitHub\COMS-KMA.AI\Codes\1.Preprocessing\impute_hourly.py", line 615, in main
    imputed_array = current_imputer.transform(data_for_transform.values)
                    ^^^^^^^^^^^^^^^^^^^^^^^^^^^^^^^^^^^^^^^^^^^^^^^^^^^^
  File "C:\Users\USER\Documents\GitHub\COMS-KMA.AI\.venv\Lib\site-packages\missforest\missforest.py", line 505, in transform
    _validate_empty_feature(x)
  File "C:\Users\USER\Documents\GitHub\COMS-KMA.AI\.venv\Lib\site-packages\missforest\_validate.py", line 97, in _validate_empty_feature
    if x.isnull().all().any():
       ^^^^^^^^
AttributeError: 'numpy.ndarray' object has no attribute 'isnull'
2026-03-24 23:25:38 | INFO     | --- 2026-01-09 Imputation 적용 시작 ---
2026-03-24 23:25:38 | INFO     |   → 讀 2026-01-09 데이터 로드 중 (24개 파일)...
2026-03-24 23:25:44 | INFO     |     → ✓ 로드 및 병합 완료 (총 2570400행)
2026-03-24 23:25:47 | INFO     |     → ⚙️ Imputation 적용 데이터 분리 중...
2026-03-24 23:25:47 | INFO     |       - 제거된 컬럼: 52개
2026-03-24 23:25:47 | INFO     |       - 적용 대상 컬럼: 42개
2026-03-24 23:25:47 | INFO     |     → ✨ Imputation 적용 중 (transform)...
2026-03-24 23:25:47 | ERROR    |     - ❌ 2026-01-09 Imputation 적용 실패: 'numpy.ndarray' object has no attribute 'isnull'
Traceback (most recent call last):
  File "C:\Users\USER\Documents\GitHub\COMS-KMA.AI\Codes\1.Preprocessing\impute_hourly.py", line 615, in main
    imputed_array = current_imputer.transform(data_for_transform.values)
                    ^^^^^^^^^^^^^^^^^^^^^^^^^^^^^^^^^^^^^^^^^^^^^^^^^^^^
  File "C:\Users\USER\Documents\GitHub\COMS-KMA.AI\.venv\Lib\site-packages\missforest\missforest.py", line 505, in transform
    _validate_empty_feature(x)
  File "C:\Users\USER\Documents\GitHub\COMS-KMA.AI\.venv\Lib\site-packages\missforest\_validate.py", line 97, in _validate_empty_feature
    if x.isnull().all().any():
       ^^^^^^^^
AttributeError: 'numpy.ndarray' object has no attribute 'isnull'
2026-03-24 23:25:47 | INFO     | --- 2026-01-10 Imputation 적용 시작 ---
2026-03-24 23:25:47 | INFO     |   → 讀 2026-01-10 데이터 로드 중 (24개 파일)...
2026-03-24 23:25:54 | INFO     |     → ✓ 로드 및 병합 완료 (총 2570400행)
2026-03-24 23:25:56 | INFO     |     → ⚙️ Imputation 적용 데이터 분리 중...
2026-03-24 23:25:56 | INFO     |       - 제거된 컬럼: 52개
2026-03-24 23:25:56 | INFO     |       - 적용 대상 컬럼: 42개
2026-03-24 23:25:56 | INFO     |     → ✨ Imputation 적용 중 (transform)...
2026-03-24 23:25:56 | ERROR    |     - ❌ 2026-01-10 Imputation 적용 실패: 'numpy.ndarray' object has no attribute 'isnull'
Traceback (most recent call last):
  File "C:\Users\USER\Documents\GitHub\COMS-KMA.AI\Codes\1.Preprocessing\impute_hourly.py", line 615, in main
    imputed_array = current_imputer.transform(data_for_transform.values)
                    ^^^^^^^^^^^^^^^^^^^^^^^^^^^^^^^^^^^^^^^^^^^^^^^^^^^^
  File "C:\Users\USER\Documents\GitHub\COMS-KMA.AI\.venv\Lib\site-packages\missforest\missforest.py", line 505, in transform
    _validate_empty_feature(x)
  File "C:\Users\USER\Documents\GitHub\COMS-KMA.AI\.venv\Lib\site-packages\missforest\_validate.py", line 97, in _validate_empty_feature
    if x.isnull().all().any():
       ^^^^^^^^
AttributeError: 'numpy.ndarray' object has no attribute 'isnull'
2026-03-24 23:25:57 | INFO     | --- 2026-01-11 Imputation 적용 시작 ---
2026-03-24 23:25:57 | INFO     |   → 讀 2026-01-11 데이터 로드 중 (24개 파일)...
2026-03-24 23:26:03 | INFO     |     → ✓ 로드 및 병합 완료 (총 2570400행)
2026-03-24 23:26:06 | INFO     |     → ⚙️ Imputation 적용 데이터 분리 중...
2026-03-24 23:26:06 | INFO     |       - 제거된 컬럼: 52개
2026-03-24 23:26:06 | INFO     |       - 적용 대상 컬럼: 42개
2026-03-24 23:26:06 | INFO     |     → ✨ Imputation 적용 중 (transform)...
2026-03-24 23:26:06 | ERROR    |     - ❌ 2026-01-11 Imputation 적용 실패: 'numpy.ndarray' object has no attribute 'isnull'
Traceback (most recent call last):
  File "C:\Users\USER\Documents\GitHub\COMS-KMA.AI\Codes\1.Preprocessing\impute_hourly.py", line 615, in main
    imputed_array = current_imputer.transform(data_for_transform.values)
                    ^^^^^^^^^^^^^^^^^^^^^^^^^^^^^^^^^^^^^^^^^^^^^^^^^^^^
  File "C:\Users\USER\Documents\GitHub\COMS-KMA.AI\.venv\Lib\site-packages\missforest\missforest.py", line 505, in transform
    _validate_empty_feature(x)
  File "C:\Users\USER\Documents\GitHub\COMS-KMA.AI\.venv\Lib\site-packages\missforest\_validate.py", line 97, in _validate_empty_feature
    if x.isnull().all().any():
       ^^^^^^^^
AttributeError: 'numpy.ndarray' object has no attribute 'isnull'
2026-03-24 23:26:06 | INFO     | --- 2026-01-12 Imputation 적용 시작 ---
2026-03-24 23:26:06 | INFO     |   → 讀 2026-01-12 데이터 로드 중 (24개 파일)...
2026-03-24 23:26:13 | INFO     |     → ✓ 로드 및 병합 완료 (총 2570400행)
2026-03-24 23:26:15 | INFO     |     → ⚙️ Imputation 적용 데이터 분리 중...
2026-03-24 23:26:15 | INFO     |       - 제거된 컬럼: 52개
2026-03-24 23:26:15 | INFO     |       - 적용 대상 컬럼: 42개
2026-03-24 23:26:15 | INFO     |     → ✨ Imputation 적용 중 (transform)...
2026-03-24 23:26:15 | ERROR    |     - ❌ 2026-01-12 Imputation 적용 실패: 'numpy.ndarray' object has no attribute 'isnull'
Traceback (most recent call last):
  File "C:\Users\USER\Documents\GitHub\COMS-KMA.AI\Codes\1.Preprocessing\impute_hourly.py", line 615, in main
    imputed_array = current_imputer.transform(data_for_transform.values)
                    ^^^^^^^^^^^^^^^^^^^^^^^^^^^^^^^^^^^^^^^^^^^^^^^^^^^^
  File "C:\Users\USER\Documents\GitHub\COMS-KMA.AI\.venv\Lib\site-packages\missforest\missforest.py", line 505, in transform
    _validate_empty_feature(x)
  File "C:\Users\USER\Documents\GitHub\COMS-KMA.AI\.venv\Lib\site-packages\missforest\_validate.py", line 97, in _validate_empty_feature
    if x.isnull().all().any():
       ^^^^^^^^
AttributeError: 'numpy.ndarray' object has no attribute 'isnull'
2026-03-24 23:26:16 | INFO     | --- 2026-01-13 Imputation 적용 시작 ---
2026-03-24 23:26:16 | INFO     |   → 讀 2026-01-13 데이터 로드 중 (24개 파일)...
2026-03-24 23:26:22 | INFO     |     → ✓ 로드 및 병합 완료 (총 2570400행)
2026-03-24 23:26:25 | INFO     |     → ⚙️ Imputation 적용 데이터 분리 중...
2026-03-24 23:26:25 | INFO     |       - 제거된 컬럼: 52개
2026-03-24 23:26:25 | INFO     |       - 적용 대상 컬럼: 42개
2026-03-24 23:26:25 | INFO     |     → ✨ Imputation 적용 중 (transform)...
2026-03-24 23:26:25 | ERROR    |     - ❌ 2026-01-13 Imputation 적용 실패: 'numpy.ndarray' object has no attribute 'isnull'
Traceback (most recent call last):
  File "C:\Users\USER\Documents\GitHub\COMS-KMA.AI\Codes\1.Preprocessing\impute_hourly.py", line 615, in main
    imputed_array = current_imputer.transform(data_for_transform.values)
                    ^^^^^^^^^^^^^^^^^^^^^^^^^^^^^^^^^^^^^^^^^^^^^^^^^^^^
  File "C:\Users\USER\Documents\GitHub\COMS-KMA.AI\.venv\Lib\site-packages\missforest\missforest.py", line 505, in transform
    _validate_empty_feature(x)
  File "C:\Users\USER\Documents\GitHub\COMS-KMA.AI\.venv\Lib\site-packages\missforest\_validate.py", line 97, in _validate_empty_feature
    if x.isnull().all().any():
       ^^^^^^^^
AttributeError: 'numpy.ndarray' object has no attribute 'isnull'
2026-03-24 23:26:25 | INFO     | --- 2026-01-14 Imputation 적용 시작 ---
2026-03-24 23:26:25 | INFO     |   → 讀 2026-01-14 데이터 로드 중 (24개 파일)...
2026-03-24 23:26:31 | INFO     |     → ✓ 로드 및 병합 완료 (총 2570400행)
2026-03-24 23:26:34 | INFO     |     → ⚙️ Imputation 적용 데이터 분리 중...
2026-03-24 23:26:34 | INFO     |       - 제거된 컬럼: 52개
2026-03-24 23:26:34 | INFO     |       - 적용 대상 컬럼: 42개
2026-03-24 23:26:34 | INFO     |     → ✨ Imputation 적용 중 (transform)...
2026-03-24 23:26:34 | ERROR    |     - ❌ 2026-01-14 Imputation 적용 실패: 'numpy.ndarray' object has no attribute 'isnull'
Traceback (most recent call last):
  File "C:\Users\USER\Documents\GitHub\COMS-KMA.AI\Codes\1.Preprocessing\impute_hourly.py", line 615, in main
    imputed_array = current_imputer.transform(data_for_transform.values)
                    ^^^^^^^^^^^^^^^^^^^^^^^^^^^^^^^^^^^^^^^^^^^^^^^^^^^^
  File "C:\Users\USER\Documents\GitHub\COMS-KMA.AI\.venv\Lib\site-packages\missforest\missforest.py", line 505, in transform
    _validate_empty_feature(x)
  File "C:\Users\USER\Documents\GitHub\COMS-KMA.AI\.venv\Lib\site-packages\missforest\_validate.py", line 97, in _validate_empty_feature
    if x.isnull().all().any():
       ^^^^^^^^
AttributeError: 'numpy.ndarray' object has no attribute 'isnull'
2026-03-24 23:26:34 | INFO     | --- 2026-01-15 Imputation 적용 시작 ---
2026-03-24 23:26:34 | INFO     |   → 讀 2026-01-15 데이터 로드 중 (24개 파일)...
2026-03-24 23:26:41 | INFO     |     → ✓ 로드 및 병합 완료 (총 2570400행)
2026-03-24 23:26:44 | INFO     |     → ⚙️ Imputation 적용 데이터 분리 중...
2026-03-24 23:26:44 | INFO     |       - 제거된 컬럼: 52개
2026-03-24 23:26:44 | INFO     |       - 적용 대상 컬럼: 42개
2026-03-24 23:26:44 | INFO     |     → ✨ Imputation 적용 중 (transform)...
2026-03-24 23:26:44 | ERROR    |     - ❌ 2026-01-15 Imputation 적용 실패: 'numpy.ndarray' object has no attribute 'isnull'
Traceback (most recent call last):
  File "C:\Users\USER\Documents\GitHub\COMS-KMA.AI\Codes\1.Preprocessing\impute_hourly.py", line 615, in main
    imputed_array = current_imputer.transform(data_for_transform.values)
                    ^^^^^^^^^^^^^^^^^^^^^^^^^^^^^^^^^^^^^^^^^^^^^^^^^^^^
  File "C:\Users\USER\Documents\GitHub\COMS-KMA.AI\.venv\Lib\site-packages\missforest\missforest.py", line 505, in transform
    _validate_empty_feature(x)
  File "C:\Users\USER\Documents\GitHub\COMS-KMA.AI\.venv\Lib\site-packages\missforest\_validate.py", line 97, in _validate_empty_feature
    if x.isnull().all().any():
       ^^^^^^^^
AttributeError: 'numpy.ndarray' object has no attribute 'isnull'
2026-03-24 23:26:44 | INFO     | --- 2026-01-16 Imputation 적용 시작 ---
2026-03-24 23:26:44 | INFO     |   → 讀 2026-01-16 데이터 로드 중 (24개 파일)...
2026-03-24 23:26:50 | INFO     |     → ✓ 로드 및 병합 완료 (총 2570400행)
2026-03-24 23:26:53 | INFO     |     → ⚙️ Imputation 적용 데이터 분리 중...
2026-03-24 23:26:53 | INFO     |       - 제거된 컬럼: 52개
2026-03-24 23:26:53 | INFO     |       - 적용 대상 컬럼: 42개
2026-03-24 23:26:53 | INFO     |     → ✨ Imputation 적용 중 (transform)...
2026-03-24 23:26:53 | ERROR    |     - ❌ 2026-01-16 Imputation 적용 실패: 'numpy.ndarray' object has no attribute 'isnull'
Traceback (most recent call last):
  File "C:\Users\USER\Documents\GitHub\COMS-KMA.AI\Codes\1.Preprocessing\impute_hourly.py", line 615, in main
    imputed_array = current_imputer.transform(data_for_transform.values)
                    ^^^^^^^^^^^^^^^^^^^^^^^^^^^^^^^^^^^^^^^^^^^^^^^^^^^^
  File "C:\Users\USER\Documents\GitHub\COMS-KMA.AI\.venv\Lib\site-packages\missforest\missforest.py", line 505, in transform
    _validate_empty_feature(x)
  File "C:\Users\USER\Documents\GitHub\COMS-KMA.AI\.venv\Lib\site-packages\missforest\_validate.py", line 97, in _validate_empty_feature
    if x.isnull().all().any():
       ^^^^^^^^
AttributeError: 'numpy.ndarray' object has no attribute 'isnull'
2026-03-24 23:26:53 | INFO     | --- 2026-01-17 Imputation 적용 시작 ---
2026-03-24 23:26:53 | INFO     |   → 讀 2026-01-17 데이터 로드 중 (24개 파일)...
2026-03-24 23:27:00 | INFO     |     → ✓ 로드 및 병합 완료 (총 2570400행)
2026-03-24 23:27:03 | INFO     |     → ⚙️ Imputation 적용 데이터 분리 중...
2026-03-24 23:27:03 | INFO     |       - 제거된 컬럼: 52개
2026-03-24 23:27:03 | INFO     |       - 적용 대상 컬럼: 42개
2026-03-24 23:27:03 | INFO     |     → ✨ Imputation 적용 중 (transform)...
2026-03-24 23:27:03 | ERROR    |     - ❌ 2026-01-17 Imputation 적용 실패: 'numpy.ndarray' object has no attribute 'isnull'
Traceback (most recent call last):
  File "C:\Users\USER\Documents\GitHub\COMS-KMA.AI\Codes\1.Preprocessing\impute_hourly.py", line 615, in main
    imputed_array = current_imputer.transform(data_for_transform.values)
                    ^^^^^^^^^^^^^^^^^^^^^^^^^^^^^^^^^^^^^^^^^^^^^^^^^^^^
  File "C:\Users\USER\Documents\GitHub\COMS-KMA.AI\.venv\Lib\site-packages\missforest\missforest.py", line 505, in transform
    _validate_empty_feature(x)
  File "C:\Users\USER\Documents\GitHub\COMS-KMA.AI\.venv\Lib\site-packages\missforest\_validate.py", line 97, in _validate_empty_feature
    if x.isnull().all().any():
       ^^^^^^^^
AttributeError: 'numpy.ndarray' object has no attribute 'isnull'
2026-03-24 23:27:03 | INFO     | --- 2026-01-18 Imputation 적용 시작 ---
2026-03-24 23:27:03 | INFO     |   → 讀 2026-01-18 데이터 로드 중 (24개 파일)...
2026-03-24 23:27:10 | INFO     |     → ✓ 로드 및 병합 완료 (총 2570400행)
2026-03-24 23:27:13 | INFO     |     → ⚙️ Imputation 적용 데이터 분리 중...
2026-03-24 23:27:13 | INFO     |       - 제거된 컬럼: 52개
2026-03-24 23:27:13 | INFO     |       - 적용 대상 컬럼: 42개
2026-03-24 23:27:13 | INFO     |     → ✨ Imputation 적용 중 (transform)...
2026-03-24 23:27:13 | ERROR    |     - ❌ 2026-01-18 Imputation 적용 실패: 'numpy.ndarray' object has no attribute 'isnull'
Traceback (most recent call last):
  File "C:\Users\USER\Documents\GitHub\COMS-KMA.AI\Codes\1.Preprocessing\impute_hourly.py", line 615, in main
    imputed_array = current_imputer.transform(data_for_transform.values)
                    ^^^^^^^^^^^^^^^^^^^^^^^^^^^^^^^^^^^^^^^^^^^^^^^^^^^^
  File "C:\Users\USER\Documents\GitHub\COMS-KMA.AI\.venv\Lib\site-packages\missforest\missforest.py", line 505, in transform
    _validate_empty_feature(x)
  File "C:\Users\USER\Documents\GitHub\COMS-KMA.AI\.venv\Lib\site-packages\missforest\_validate.py", line 97, in _validate_empty_feature
    if x.isnull().all().any():
       ^^^^^^^^
AttributeError: 'numpy.ndarray' object has no attribute 'isnull'
2026-03-24 23:27:13 | INFO     | --- 2026-01-19 Imputation 적용 시작 ---
2026-03-24 23:27:13 | INFO     |   → 讀 2026-01-19 데이터 로드 중 (18개 파일)...
2026-03-24 23:27:18 | INFO     |     → ✓ 로드 및 병합 완료 (총 1927800행)
2026-03-24 23:27:20 | INFO     |     → ⚙️ Imputation 적용 데이터 분리 중...
2026-03-24 23:27:20 | INFO     |       - 제거된 컬럼: 52개
2026-03-24 23:27:20 | INFO     |       - 적용 대상 컬럼: 42개
2026-03-24 23:27:20 | INFO     |     → ✨ Imputation 적용 중 (transform)...
2026-03-24 23:27:20 | ERROR    |     - ❌ 2026-01-19 Imputation 적용 실패: 'numpy.ndarray' object has no attribute 'isnull'
Traceback (most recent call last):
  File "C:\Users\USER\Documents\GitHub\COMS-KMA.AI\Codes\1.Preprocessing\impute_hourly.py", line 615, in main
    imputed_array = current_imputer.transform(data_for_transform.values)
                    ^^^^^^^^^^^^^^^^^^^^^^^^^^^^^^^^^^^^^^^^^^^^^^^^^^^^
  File "C:\Users\USER\Documents\GitHub\COMS-KMA.AI\.venv\Lib\site-packages\missforest\missforest.py", line 505, in transform
    _validate_empty_feature(x)
  File "C:\Users\USER\Documents\GitHub\COMS-KMA.AI\.venv\Lib\site-packages\missforest\_validate.py", line 97, in _validate_empty_feature
    if x.isnull().all().any():
       ^^^^^^^^
AttributeError: 'numpy.ndarray' object has no attribute 'isnull'
2026-03-24 23:27:20 | INFO     | --- 2026-01-22 Imputation 적용 시작 ---
2026-03-24 23:27:20 | INFO     |   → 讀 2026-01-22 데이터 로드 중 (8개 파일)...
2026-03-24 23:27:22 | INFO     |     → ✓ 로드 및 병합 완료 (총 856800행)
2026-03-24 23:27:23 | INFO     |     → ⚙️ Imputation 적용 데이터 분리 중...
2026-03-24 23:27:23 | INFO     |       - 제거된 컬럼: 52개
2026-03-24 23:27:23 | INFO     |       - 적용 대상 컬럼: 42개
2026-03-24 23:27:23 | INFO     |     → ✨ Imputation 적용 중 (transform)...
2026-03-24 23:27:23 | ERROR    |     - ❌ 2026-01-22 Imputation 적용 실패: 'numpy.ndarray' object has no attribute 'isnull'
Traceback (most recent call last):
  File "C:\Users\USER\Documents\GitHub\COMS-KMA.AI\Codes\1.Preprocessing\impute_hourly.py", line 615, in main
    imputed_array = current_imputer.transform(data_for_transform.values)
                    ^^^^^^^^^^^^^^^^^^^^^^^^^^^^^^^^^^^^^^^^^^^^^^^^^^^^
  File "C:\Users\USER\Documents\GitHub\COMS-KMA.AI\.venv\Lib\site-packages\missforest\missforest.py", line 505, in transform
    _validate_empty_feature(x)
  File "C:\Users\USER\Documents\GitHub\COMS-KMA.AI\.venv\Lib\site-packages\missforest\_validate.py", line 97, in _validate_empty_feature
    if x.isnull().all().any():
       ^^^^^^^^
AttributeError: 'numpy.ndarray' object has no attribute 'isnull'
2026-03-24 23:27:23 | INFO     | --- 2026-01-23 Imputation 적용 시작 ---
2026-03-24 23:27:23 | INFO     |   → 讀 2026-01-23 데이터 로드 중 (24개 파일)...
2026-03-24 23:27:29 | INFO     |     → ✓ 로드 및 병합 완료 (총 2570400행)
2026-03-24 23:27:32 | INFO     |     → ⚙️ Imputation 적용 데이터 분리 중...
2026-03-24 23:27:32 | INFO     |       - 제거된 컬럼: 52개
2026-03-24 23:27:32 | INFO     |       - 적용 대상 컬럼: 42개
2026-03-24 23:27:32 | INFO     |     → ✨ Imputation 적용 중 (transform)...
2026-03-24 23:27:32 | ERROR    |     - ❌ 2026-01-23 Imputation 적용 실패: 'numpy.ndarray' object has no attribute 'isnull'
Traceback (most recent call last):
  File "C:\Users\USER\Documents\GitHub\COMS-KMA.AI\Codes\1.Preprocessing\impute_hourly.py", line 615, in main
    imputed_array = current_imputer.transform(data_for_transform.values)
                    ^^^^^^^^^^^^^^^^^^^^^^^^^^^^^^^^^^^^^^^^^^^^^^^^^^^^
  File "C:\Users\USER\Documents\GitHub\COMS-KMA.AI\.venv\Lib\site-packages\missforest\missforest.py", line 505, in transform
    _validate_empty_feature(x)
  File "C:\Users\USER\Documents\GitHub\COMS-KMA.AI\.venv\Lib\site-packages\missforest\_validate.py", line 97, in _validate_empty_feature
    if x.isnull().all().any():
       ^^^^^^^^
AttributeError: 'numpy.ndarray' object has no attribute 'isnull'
2026-03-24 23:27:32 | INFO     | --- 2026-01-24 Imputation 적용 시작 ---
2026-03-24 23:27:32 | INFO     |   → 讀 2026-01-24 데이터 로드 중 (24개 파일)...
2026-03-24 23:27:38 | INFO     |     → ✓ 로드 및 병합 완료 (총 2570400행)
2026-03-24 23:27:41 | INFO     |     → ⚙️ Imputation 적용 데이터 분리 중...
2026-03-24 23:27:41 | INFO     |       - 제거된 컬럼: 52개
2026-03-24 23:27:41 | INFO     |       - 적용 대상 컬럼: 42개
2026-03-24 23:27:41 | INFO     |     → ✨ Imputation 적용 중 (transform)...
2026-03-24 23:27:41 | ERROR    |     - ❌ 2026-01-24 Imputation 적용 실패: 'numpy.ndarray' object has no attribute 'isnull'
Traceback (most recent call last):
  File "C:\Users\USER\Documents\GitHub\COMS-KMA.AI\Codes\1.Preprocessing\impute_hourly.py", line 615, in main
    imputed_array = current_imputer.transform(data_for_transform.values)
                    ^^^^^^^^^^^^^^^^^^^^^^^^^^^^^^^^^^^^^^^^^^^^^^^^^^^^
  File "C:\Users\USER\Documents\GitHub\COMS-KMA.AI\.venv\Lib\site-packages\missforest\missforest.py", line 505, in transform
    _validate_empty_feature(x)
  File "C:\Users\USER\Documents\GitHub\COMS-KMA.AI\.venv\Lib\site-packages\missforest\_validate.py", line 97, in _validate_empty_feature
    if x.isnull().all().any():
       ^^^^^^^^
AttributeError: 'numpy.ndarray' object has no attribute 'isnull'
2026-03-24 23:27:41 | INFO     | --- 2026-01-25 Imputation 적용 시작 ---
2026-03-24 23:27:41 | INFO     |   → 讀 2026-01-25 데이터 로드 중 (24개 파일)...
2026-03-24 23:27:48 | INFO     |     → ✓ 로드 및 병합 완료 (총 2570400행)
2026-03-24 23:27:51 | INFO     |     → ⚙️ Imputation 적용 데이터 분리 중...
2026-03-24 23:27:51 | INFO     |       - 제거된 컬럼: 52개
2026-03-24 23:27:51 | INFO     |       - 적용 대상 컬럼: 42개
2026-03-24 23:27:51 | INFO     |     → ✨ Imputation 적용 중 (transform)...
2026-03-24 23:27:51 | ERROR    |     - ❌ 2026-01-25 Imputation 적용 실패: 'numpy.ndarray' object has no attribute 'isnull'
Traceback (most recent call last):
  File "C:\Users\USER\Documents\GitHub\COMS-KMA.AI\Codes\1.Preprocessing\impute_hourly.py", line 615, in main
    imputed_array = current_imputer.transform(data_for_transform.values)
                    ^^^^^^^^^^^^^^^^^^^^^^^^^^^^^^^^^^^^^^^^^^^^^^^^^^^^
  File "C:\Users\USER\Documents\GitHub\COMS-KMA.AI\.venv\Lib\site-packages\missforest\missforest.py", line 505, in transform
    _validate_empty_feature(x)
  File "C:\Users\USER\Documents\GitHub\COMS-KMA.AI\.venv\Lib\site-packages\missforest\_validate.py", line 97, in _validate_empty_feature
    if x.isnull().all().any():
       ^^^^^^^^
AttributeError: 'numpy.ndarray' object has no attribute 'isnull'
2026-03-24 23:27:51 | INFO     | --- 2026-01-26 Imputation 적용 시작 ---
2026-03-24 23:27:51 | INFO     |   → 讀 2026-01-26 데이터 로드 중 (23개 파일)...
2026-03-24 23:27:58 | INFO     |     → ✓ 로드 및 병합 완료 (총 2463300행)
2026-03-24 23:28:00 | INFO     |     → ⚙️ Imputation 적용 데이터 분리 중...
2026-03-24 23:28:00 | INFO     |       - 제거된 컬럼: 52개
2026-03-24 23:28:00 | INFO     |       - 적용 대상 컬럼: 42개
2026-03-24 23:28:01 | INFO     |     → ✨ Imputation 적용 중 (transform)...
2026-03-24 23:28:01 | ERROR    |     - ❌ 2026-01-26 Imputation 적용 실패: 'numpy.ndarray' object has no attribute 'isnull'
Traceback (most recent call last):
  File "C:\Users\USER\Documents\GitHub\COMS-KMA.AI\Codes\1.Preprocessing\impute_hourly.py", line 615, in main
    imputed_array = current_imputer.transform(data_for_transform.values)
                    ^^^^^^^^^^^^^^^^^^^^^^^^^^^^^^^^^^^^^^^^^^^^^^^^^^^^
  File "C:\Users\USER\Documents\GitHub\COMS-KMA.AI\.venv\Lib\site-packages\missforest\missforest.py", line 505, in transform
    _validate_empty_feature(x)
  File "C:\Users\USER\Documents\GitHub\COMS-KMA.AI\.venv\Lib\site-packages\missforest\_validate.py", line 97, in _validate_empty_feature
    if x.isnull().all().any():
       ^^^^^^^^
AttributeError: 'numpy.ndarray' object has no attribute 'isnull'
2026-03-24 23:28:01 | INFO     | --- 2026-01-27 Imputation 적용 시작 ---
2026-03-24 23:28:01 | INFO     |   → 讀 2026-01-27 데이터 로드 중 (24개 파일)...
2026-03-24 23:28:07 | INFO     |     → ✓ 로드 및 병합 완료 (총 2570400행)
2026-03-24 23:28:10 | INFO     |     → ⚙️ Imputation 적용 데이터 분리 중...
2026-03-24 23:28:10 | INFO     |       - 제거된 컬럼: 52개
2026-03-24 23:28:10 | INFO     |       - 적용 대상 컬럼: 42개
2026-03-24 23:28:10 | INFO     |     → ✨ Imputation 적용 중 (transform)...
2026-03-24 23:28:10 | ERROR    |     - ❌ 2026-01-27 Imputation 적용 실패: 'numpy.ndarray' object has no attribute 'isnull'
Traceback (most recent call last):
  File "C:\Users\USER\Documents\GitHub\COMS-KMA.AI\Codes\1.Preprocessing\impute_hourly.py", line 615, in main
    imputed_array = current_imputer.transform(data_for_transform.values)
                    ^^^^^^^^^^^^^^^^^^^^^^^^^^^^^^^^^^^^^^^^^^^^^^^^^^^^
  File "C:\Users\USER\Documents\GitHub\COMS-KMA.AI\.venv\Lib\site-packages\missforest\missforest.py", line 505, in transform
    _validate_empty_feature(x)
  File "C:\Users\USER\Documents\GitHub\COMS-KMA.AI\.venv\Lib\site-packages\missforest\_validate.py", line 97, in _validate_empty_feature
    if x.isnull().all().any():
       ^^^^^^^^
AttributeError: 'numpy.ndarray' object has no attribute 'isnull'
2026-03-24 23:28:10 | INFO     | --- 2026-01-28 Imputation 적용 시작 ---
2026-03-24 23:28:10 | INFO     |   → 讀 2026-01-28 데이터 로드 중 (24개 파일)...
2026-03-24 23:28:17 | INFO     |     → ✓ 로드 및 병합 완료 (총 2570400행)
2026-03-24 23:28:20 | INFO     |     → ⚙️ Imputation 적용 데이터 분리 중...
2026-03-24 23:28:20 | INFO     |       - 제거된 컬럼: 52개
2026-03-24 23:28:20 | INFO     |       - 적용 대상 컬럼: 42개
2026-03-24 23:28:20 | INFO     |     → ✨ Imputation 적용 중 (transform)...
2026-03-24 23:28:20 | ERROR    |     - ❌ 2026-01-28 Imputation 적용 실패: 'numpy.ndarray' object has no attribute 'isnull'
Traceback (most recent call last):
  File "C:\Users\USER\Documents\GitHub\COMS-KMA.AI\Codes\1.Preprocessing\impute_hourly.py", line 615, in main
    imputed_array = current_imputer.transform(data_for_transform.values)
                    ^^^^^^^^^^^^^^^^^^^^^^^^^^^^^^^^^^^^^^^^^^^^^^^^^^^^
  File "C:\Users\USER\Documents\GitHub\COMS-KMA.AI\.venv\Lib\site-packages\missforest\missforest.py", line 505, in transform
    _validate_empty_feature(x)
  File "C:\Users\USER\Documents\GitHub\COMS-KMA.AI\.venv\Lib\site-packages\missforest\_validate.py", line 97, in _validate_empty_feature
    if x.isnull().all().any():
       ^^^^^^^^
AttributeError: 'numpy.ndarray' object has no attribute 'isnull'
2026-03-24 23:28:20 | INFO     | --- 2026-01-29 Imputation 적용 시작 ---
2026-03-24 23:28:20 | INFO     |   → 讀 2026-01-29 데이터 로드 중 (24개 파일)...
2026-03-24 23:28:27 | INFO     |     → ✓ 로드 및 병합 완료 (총 2570400행)
2026-03-24 23:28:30 | INFO     |     → ⚙️ Imputation 적용 데이터 분리 중...
2026-03-24 23:28:30 | INFO     |       - 제거된 컬럼: 52개
2026-03-24 23:28:30 | INFO     |       - 적용 대상 컬럼: 42개
2026-03-24 23:28:30 | INFO     |     → ✨ Imputation 적용 중 (transform)...
2026-03-24 23:28:30 | ERROR    |     - ❌ 2026-01-29 Imputation 적용 실패: 'numpy.ndarray' object has no attribute 'isnull'
Traceback (most recent call last):
  File "C:\Users\USER\Documents\GitHub\COMS-KMA.AI\Codes\1.Preprocessing\impute_hourly.py", line 615, in main
    imputed_array = current_imputer.transform(data_for_transform.values)
                    ^^^^^^^^^^^^^^^^^^^^^^^^^^^^^^^^^^^^^^^^^^^^^^^^^^^^
  File "C:\Users\USER\Documents\GitHub\COMS-KMA.AI\.venv\Lib\site-packages\missforest\missforest.py", line 505, in transform
    _validate_empty_feature(x)
  File "C:\Users\USER\Documents\GitHub\COMS-KMA.AI\.venv\Lib\site-packages\missforest\_validate.py", line 97, in _validate_empty_feature
    if x.isnull().all().any():
       ^^^^^^^^
AttributeError: 'numpy.ndarray' object has no attribute 'isnull'
2026-03-24 23:28:30 | INFO     | --- 2026-01-30 Imputation 적용 시작 ---
2026-03-24 23:28:30 | INFO     |   → 讀 2026-01-30 데이터 로드 중 (24개 파일)...
2026-03-24 23:28:37 | INFO     |     → ✓ 로드 및 병합 완료 (총 2570400행)
2026-03-24 23:28:39 | INFO     |     → ⚙️ Imputation 적용 데이터 분리 중...
2026-03-24 23:28:39 | INFO     |       - 제거된 컬럼: 52개
2026-03-24 23:28:39 | INFO     |       - 적용 대상 컬럼: 42개
2026-03-24 23:28:39 | INFO     |     → ✨ Imputation 적용 중 (transform)...
2026-03-24 23:28:40 | ERROR    |     - ❌ 2026-01-30 Imputation 적용 실패: 'numpy.ndarray' object has no attribute 'isnull'
Traceback (most recent call last):
  File "C:\Users\USER\Documents\GitHub\COMS-KMA.AI\Codes\1.Preprocessing\impute_hourly.py", line 615, in main
    imputed_array = current_imputer.transform(data_for_transform.values)
                    ^^^^^^^^^^^^^^^^^^^^^^^^^^^^^^^^^^^^^^^^^^^^^^^^^^^^
  File "C:\Users\USER\Documents\GitHub\COMS-KMA.AI\.venv\Lib\site-packages\missforest\missforest.py", line 505, in transform
    _validate_empty_feature(x)
  File "C:\Users\USER\Documents\GitHub\COMS-KMA.AI\.venv\Lib\site-packages\missforest\_validate.py", line 97, in _validate_empty_feature
    if x.isnull().all().any():
       ^^^^^^^^
AttributeError: 'numpy.ndarray' object has no attribute 'isnull'
2026-03-24 23:28:40 | INFO     | --- 2026-01-31 Imputation 적용 시작 ---
2026-03-24 23:28:40 | INFO     |   → 讀 2026-01-31 데이터 로드 중 (24개 파일)...
2026-03-24 23:28:46 | INFO     |     → ✓ 로드 및 병합 완료 (총 2570400행)
2026-03-24 23:28:49 | INFO     |     → ⚙️ Imputation 적용 데이터 분리 중...
2026-03-24 23:28:49 | INFO     |       - 제거된 컬럼: 52개
2026-03-24 23:28:49 | INFO     |       - 적용 대상 컬럼: 42개
2026-03-24 23:28:49 | INFO     |     → ✨ Imputation 적용 중 (transform)...
2026-03-24 23:28:49 | ERROR    |     - ❌ 2026-01-31 Imputation 적용 실패: 'numpy.ndarray' object has no attribute 'isnull'
Traceback (most recent call last):
  File "C:\Users\USER\Documents\GitHub\COMS-KMA.AI\Codes\1.Preprocessing\impute_hourly.py", line 615, in main
    imputed_array = current_imputer.transform(data_for_transform.values)
                    ^^^^^^^^^^^^^^^^^^^^^^^^^^^^^^^^^^^^^^^^^^^^^^^^^^^^
  File "C:\Users\USER\Documents\GitHub\COMS-KMA.AI\.venv\Lib\site-packages\missforest\missforest.py", line 505, in transform
    _validate_empty_feature(x)
  File "C:\Users\USER\Documents\GitHub\COMS-KMA.AI\.venv\Lib\site-packages\missforest\_validate.py", line 97, in _validate_empty_feature
    if x.isnull().all().any():
       ^^^^^^^^
AttributeError: 'numpy.ndarray' object has no attribute 'isnull'
2026-03-24 23:28:49 | INFO     | --- 2026-02-01 Imputation 적용 시작 ---
2026-03-24 23:28:49 | INFO     |   → 讀 2026-02-01 데이터 로드 중 (24개 파일)...
2026-03-24 23:28:56 | INFO     |     → ✓ 로드 및 병합 완료 (총 2570400행)
2026-03-24 23:28:59 | INFO     |     → ⚙️ Imputation 적용 데이터 분리 중...
2026-03-24 23:28:59 | INFO     |       - 제거된 컬럼: 52개
2026-03-24 23:28:59 | INFO     |       - 적용 대상 컬럼: 42개
2026-03-24 23:28:59 | INFO     |     → ✨ Imputation 적용 중 (transform)...
2026-03-24 23:28:59 | ERROR    |     - ❌ 2026-02-01 Imputation 적용 실패: 'numpy.ndarray' object has no attribute 'isnull'
Traceback (most recent call last):
  File "C:\Users\USER\Documents\GitHub\COMS-KMA.AI\Codes\1.Preprocessing\impute_hourly.py", line 615, in main
    imputed_array = current_imputer.transform(data_for_transform.values)
                    ^^^^^^^^^^^^^^^^^^^^^^^^^^^^^^^^^^^^^^^^^^^^^^^^^^^^
  File "C:\Users\USER\Documents\GitHub\COMS-KMA.AI\.venv\Lib\site-packages\missforest\missforest.py", line 505, in transform
    _validate_empty_feature(x)
  File "C:\Users\USER\Documents\GitHub\COMS-KMA.AI\.venv\Lib\site-packages\missforest\_validate.py", line 97, in _validate_empty_feature
    if x.isnull().all().any():
       ^^^^^^^^
AttributeError: 'numpy.ndarray' object has no attribute 'isnull'
2026-03-24 23:28:59 | INFO     | --- 2026-02-02 Imputation 적용 시작 ---
2026-03-24 23:28:59 | INFO     |   → 讀 2026-02-02 데이터 로드 중 (24개 파일)...
2026-03-24 23:29:05 | INFO     |     → ✓ 로드 및 병합 완료 (총 2570400행)
2026-03-24 23:29:08 | INFO     |     → ⚙️ Imputation 적용 데이터 분리 중...
2026-03-24 23:29:08 | INFO     |       - 제거된 컬럼: 52개
2026-03-24 23:29:08 | INFO     |       - 적용 대상 컬럼: 42개
2026-03-24 23:29:08 | INFO     |     → ✨ Imputation 적용 중 (transform)...
2026-03-24 23:29:08 | ERROR    |     - ❌ 2026-02-02 Imputation 적용 실패: 'numpy.ndarray' object has no attribute 'isnull'
Traceback (most recent call last):
  File "C:\Users\USER\Documents\GitHub\COMS-KMA.AI\Codes\1.Preprocessing\impute_hourly.py", line 615, in main
    imputed_array = current_imputer.transform(data_for_transform.values)
                    ^^^^^^^^^^^^^^^^^^^^^^^^^^^^^^^^^^^^^^^^^^^^^^^^^^^^
  File "C:\Users\USER\Documents\GitHub\COMS-KMA.AI\.venv\Lib\site-packages\missforest\missforest.py", line 505, in transform
    _validate_empty_feature(x)
  File "C:\Users\USER\Documents\GitHub\COMS-KMA.AI\.venv\Lib\site-packages\missforest\_validate.py", line 97, in _validate_empty_feature
    if x.isnull().all().any():
       ^^^^^^^^
AttributeError: 'numpy.ndarray' object has no attribute 'isnull'
2026-03-24 23:29:08 | INFO     | --- 2026-02-03 Imputation 적용 시작 ---
2026-03-24 23:29:08 | INFO     |   → 讀 2026-02-03 데이터 로드 중 (24개 파일)...
2026-03-24 23:29:15 | INFO     |     → ✓ 로드 및 병합 완료 (총 2570400행)
2026-03-24 23:29:18 | INFO     |     → ⚙️ Imputation 적용 데이터 분리 중...
2026-03-24 23:29:18 | INFO     |       - 제거된 컬럼: 52개
2026-03-24 23:29:18 | INFO     |       - 적용 대상 컬럼: 42개
2026-03-24 23:29:18 | INFO     |     → ✨ Imputation 적용 중 (transform)...
2026-03-24 23:29:19 | ERROR    |     - ❌ 2026-02-03 Imputation 적용 실패: 'numpy.ndarray' object has no attribute 'isnull'
Traceback (most recent call last):
  File "C:\Users\USER\Documents\GitHub\COMS-KMA.AI\Codes\1.Preprocessing\impute_hourly.py", line 615, in main
    imputed_array = current_imputer.transform(data_for_transform.values)
                    ^^^^^^^^^^^^^^^^^^^^^^^^^^^^^^^^^^^^^^^^^^^^^^^^^^^^
  File "C:\Users\USER\Documents\GitHub\COMS-KMA.AI\.venv\Lib\site-packages\missforest\missforest.py", line 505, in transform
    _validate_empty_feature(x)
  File "C:\Users\USER\Documents\GitHub\COMS-KMA.AI\.venv\Lib\site-packages\missforest\_validate.py", line 97, in _validate_empty_feature
    if x.isnull().all().any():
       ^^^^^^^^
AttributeError: 'numpy.ndarray' object has no attribute 'isnull'
2026-03-24 23:29:19 | INFO     | --- 2026-02-04 Imputation 적용 시작 ---
2026-03-24 23:29:19 | INFO     |   → 讀 2026-02-04 데이터 로드 중 (24개 파일)...
2026-03-24 23:29:25 | INFO     |     → ✓ 로드 및 병합 완료 (총 2570400행)
2026-03-24 23:29:29 | INFO     |     → ⚙️ Imputation 적용 데이터 분리 중...
2026-03-24 23:29:29 | INFO     |       - 제거된 컬럼: 52개
2026-03-24 23:29:29 | INFO     |       - 적용 대상 컬럼: 42개
2026-03-24 23:29:29 | INFO     |     → ✨ Imputation 적용 중 (transform)...
2026-03-24 23:29:29 | ERROR    |     - ❌ 2026-02-04 Imputation 적용 실패: 'numpy.ndarray' object has no attribute 'isnull'
Traceback (most recent call last):
  File "C:\Users\USER\Documents\GitHub\COMS-KMA.AI\Codes\1.Preprocessing\impute_hourly.py", line 615, in main
    imputed_array = current_imputer.transform(data_for_transform.values)
                    ^^^^^^^^^^^^^^^^^^^^^^^^^^^^^^^^^^^^^^^^^^^^^^^^^^^^
  File "C:\Users\USER\Documents\GitHub\COMS-KMA.AI\.venv\Lib\site-packages\missforest\missforest.py", line 505, in transform
    _validate_empty_feature(x)
  File "C:\Users\USER\Documents\GitHub\COMS-KMA.AI\.venv\Lib\site-packages\missforest\_validate.py", line 97, in _validate_empty_feature
    if x.isnull().all().any():
       ^^^^^^^^
AttributeError: 'numpy.ndarray' object has no attribute 'isnull'
2026-03-24 23:29:29 | INFO     | --- 2026-02-05 Imputation 적용 시작 ---
2026-03-24 23:29:29 | INFO     |     → 讀 Imputer 로드 중: gk2a_imputer_2026-02-05.pkl (Pivot: 2026-02-05)
2026-03-24 23:29:29 | INFO     |     → ✓ Pivot 2026-02-05 Imputer 로드 완료.
2026-03-24 23:29:29 | INFO     |   → 讀 2026-02-05 데이터 로드 중 (24개 파일)...
2026-03-24 23:29:36 | INFO     |     → ✓ 로드 및 병합 완료 (총 2570400행)
2026-03-24 23:29:39 | INFO     |     → ⚙️ Imputation 적용 데이터 분리 중...
2026-03-24 23:29:39 | INFO     |       - 제거된 컬럼: 52개
2026-03-24 23:29:39 | INFO     |       - 적용 대상 컬럼: 42개
2026-03-24 23:29:39 | INFO     |     → ✨ Imputation 적용 중 (transform)...
2026-03-24 23:29:40 | ERROR    |     - ❌ 2026-02-05 Imputation 적용 실패: 'numpy.ndarray' object has no attribute 'isnull'
Traceback (most recent call last):
  File "C:\Users\USER\Documents\GitHub\COMS-KMA.AI\Codes\1.Preprocessing\impute_hourly.py", line 615, in main
    imputed_array = current_imputer.transform(data_for_transform.values)
                    ^^^^^^^^^^^^^^^^^^^^^^^^^^^^^^^^^^^^^^^^^^^^^^^^^^^^
  File "C:\Users\USER\Documents\GitHub\COMS-KMA.AI\.venv\Lib\site-packages\missforest\missforest.py", line 505, in transform
    _validate_empty_feature(x)
  File "C:\Users\USER\Documents\GitHub\COMS-KMA.AI\.venv\Lib\site-packages\missforest\_validate.py", line 97, in _validate_empty_feature
    if x.isnull().all().any():
       ^^^^^^^^
AttributeError: 'numpy.ndarray' object has no attribute 'isnull'
2026-03-24 23:29:40 | INFO     | --- 2026-02-06 Imputation 적용 시작 ---
2026-03-24 23:29:40 | INFO     |     → 讀 Imputer 로드 중: gk2a_imputer_2026-02-06.pkl (Pivot: 2026-02-06)
2026-03-24 23:29:40 | INFO     |     → ✓ Pivot 2026-02-06 Imputer 로드 완료.
2026-03-24 23:29:40 | INFO     |   → 讀 2026-02-06 데이터 로드 중 (24개 파일)...
2026-03-24 23:29:47 | INFO     |     → ✓ 로드 및 병합 완료 (총 2570400행)
2026-03-24 23:29:50 | INFO     |     → ⚙️ Imputation 적용 데이터 분리 중...
2026-03-24 23:29:50 | INFO     |       - 제거된 컬럼: 52개
2026-03-24 23:29:50 | INFO     |       - 적용 대상 컬럼: 42개
2026-03-24 23:29:50 | INFO     |     → ✨ Imputation 적용 중 (transform)...
2026-03-24 23:29:50 | ERROR    |     - ❌ 2026-02-06 Imputation 적용 실패: 'numpy.ndarray' object has no attribute 'isnull'
Traceback (most recent call last):
  File "C:\Users\USER\Documents\GitHub\COMS-KMA.AI\Codes\1.Preprocessing\impute_hourly.py", line 615, in main
    imputed_array = current_imputer.transform(data_for_transform.values)
                    ^^^^^^^^^^^^^^^^^^^^^^^^^^^^^^^^^^^^^^^^^^^^^^^^^^^^
  File "C:\Users\USER\Documents\GitHub\COMS-KMA.AI\.venv\Lib\site-packages\missforest\missforest.py", line 505, in transform
    _validate_empty_feature(x)
  File "C:\Users\USER\Documents\GitHub\COMS-KMA.AI\.venv\Lib\site-packages\missforest\_validate.py", line 97, in _validate_empty_feature
    if x.isnull().all().any():
       ^^^^^^^^
AttributeError: 'numpy.ndarray' object has no attribute 'isnull'
2026-03-24 23:29:50 | INFO     | --- 2026-02-07 Imputation 적용 시작 ---
2026-03-24 23:29:50 | INFO     |     → 讀 Imputer 로드 중: gk2a_imputer_2026-02-07.pkl (Pivot: 2026-02-07)
2026-03-24 23:29:50 | INFO     |     → ✓ Pivot 2026-02-07 Imputer 로드 완료.
2026-03-24 23:29:50 | INFO     |   → 讀 2026-02-07 데이터 로드 중 (24개 파일)...
2026-03-24 23:29:57 | INFO     |     → ✓ 로드 및 병합 완료 (총 2570400행)
2026-03-24 23:30:00 | INFO     |     → ⚙️ Imputation 적용 데이터 분리 중...
2026-03-24 23:30:00 | INFO     |       - 제거된 컬럼: 52개
2026-03-24 23:30:00 | INFO     |       - 적용 대상 컬럼: 42개
2026-03-24 23:30:00 | INFO     |     → ✨ Imputation 적용 중 (transform)...
2026-03-24 23:30:00 | ERROR    |     - ❌ 2026-02-07 Imputation 적용 실패: 'numpy.ndarray' object has no attribute 'isnull'
Traceback (most recent call last):
  File "C:\Users\USER\Documents\GitHub\COMS-KMA.AI\Codes\1.Preprocessing\impute_hourly.py", line 615, in main
    imputed_array = current_imputer.transform(data_for_transform.values)
                    ^^^^^^^^^^^^^^^^^^^^^^^^^^^^^^^^^^^^^^^^^^^^^^^^^^^^
  File "C:\Users\USER\Documents\GitHub\COMS-KMA.AI\.venv\Lib\site-packages\missforest\missforest.py", line 505, in transform
    _validate_empty_feature(x)
  File "C:\Users\USER\Documents\GitHub\COMS-KMA.AI\.venv\Lib\site-packages\missforest\_validate.py", line 97, in _validate_empty_feature
    if x.isnull().all().any():
       ^^^^^^^^
AttributeError: 'numpy.ndarray' object has no attribute 'isnull'
2026-03-24 23:30:00 | INFO     | --- 2026-02-08 Imputation 적용 시작 ---
2026-03-24 23:30:00 | INFO     |     → 讀 Imputer 로드 중: gk2a_imputer_2026-02-08.pkl (Pivot: 2026-02-08)
2026-03-24 23:30:00 | INFO     |     → ✓ Pivot 2026-02-08 Imputer 로드 완료.
2026-03-24 23:30:00 | INFO     |   → 讀 2026-02-08 데이터 로드 중 (24개 파일)...
2026-03-24 23:30:07 | INFO     |     → ✓ 로드 및 병합 완료 (총 2570400행)
2026-03-24 23:30:10 | INFO     |     → ⚙️ Imputation 적용 데이터 분리 중...
2026-03-24 23:30:10 | INFO     |       - 제거된 컬럼: 52개
2026-03-24 23:30:10 | INFO     |       - 적용 대상 컬럼: 42개
2026-03-24 23:30:10 | INFO     |     → ✨ Imputation 적용 중 (transform)...
2026-03-24 23:30:10 | ERROR    |     - ❌ 2026-02-08 Imputation 적용 실패: 'numpy.ndarray' object has no attribute 'isnull'
Traceback (most recent call last):
  File "C:\Users\USER\Documents\GitHub\COMS-KMA.AI\Codes\1.Preprocessing\impute_hourly.py", line 615, in main
    imputed_array = current_imputer.transform(data_for_transform.values)
                    ^^^^^^^^^^^^^^^^^^^^^^^^^^^^^^^^^^^^^^^^^^^^^^^^^^^^
  File "C:\Users\USER\Documents\GitHub\COMS-KMA.AI\.venv\Lib\site-packages\missforest\missforest.py", line 505, in transform
    _validate_empty_feature(x)
  File "C:\Users\USER\Documents\GitHub\COMS-KMA.AI\.venv\Lib\site-packages\missforest\_validate.py", line 97, in _validate_empty_feature
    if x.isnull().all().any():
       ^^^^^^^^
AttributeError: 'numpy.ndarray' object has no attribute 'isnull'
2026-03-24 23:30:10 | INFO     | --- 2026-02-09 Imputation 적용 시작 ---
2026-03-24 23:30:10 | INFO     |     → 讀 Imputer 로드 중: gk2a_imputer_2026-02-09.pkl (Pivot: 2026-02-09)
2026-03-24 23:30:11 | INFO     |     → ✓ Pivot 2026-02-09 Imputer 로드 완료.
2026-03-24 23:30:11 | INFO     |   → 讀 2026-02-09 데이터 로드 중 (24개 파일)...
2026-03-24 23:30:17 | INFO     |     → ✓ 로드 및 병합 완료 (총 2570400행)
2026-03-24 23:30:21 | INFO     |     → ⚙️ Imputation 적용 데이터 분리 중...
2026-03-24 23:30:21 | INFO     |       - 제거된 컬럼: 52개
2026-03-24 23:30:21 | INFO     |       - 적용 대상 컬럼: 42개
2026-03-24 23:30:21 | INFO     |     → ✨ Imputation 적용 중 (transform)...
2026-03-24 23:30:21 | ERROR    |     - ❌ 2026-02-09 Imputation 적용 실패: 'numpy.ndarray' object has no attribute 'isnull'
Traceback (most recent call last):
  File "C:\Users\USER\Documents\GitHub\COMS-KMA.AI\Codes\1.Preprocessing\impute_hourly.py", line 615, in main
    imputed_array = current_imputer.transform(data_for_transform.values)
                    ^^^^^^^^^^^^^^^^^^^^^^^^^^^^^^^^^^^^^^^^^^^^^^^^^^^^
  File "C:\Users\USER\Documents\GitHub\COMS-KMA.AI\.venv\Lib\site-packages\missforest\missforest.py", line 505, in transform
    _validate_empty_feature(x)
  File "C:\Users\USER\Documents\GitHub\COMS-KMA.AI\.venv\Lib\site-packages\missforest\_validate.py", line 97, in _validate_empty_feature
    if x.isnull().all().any():
       ^^^^^^^^
AttributeError: 'numpy.ndarray' object has no attribute 'isnull'
2026-03-24 23:30:21 | INFO     | --- 2026-02-10 Imputation 적용 시작 ---
2026-03-24 23:30:21 | INFO     |     → 讀 Imputer 로드 중: gk2a_imputer_2026-02-10.pkl (Pivot: 2026-02-10)
2026-03-24 23:30:21 | INFO     |     → ✓ Pivot 2026-02-10 Imputer 로드 완료.
2026-03-24 23:30:21 | INFO     |   → 讀 2026-02-10 데이터 로드 중 (24개 파일)...
2026-03-24 23:30:28 | INFO     |     → ✓ 로드 및 병합 완료 (총 2570400행)
2026-03-24 23:30:31 | INFO     |     → ⚙️ Imputation 적용 데이터 분리 중...
2026-03-24 23:30:31 | INFO     |       - 제거된 컬럼: 52개
2026-03-24 23:30:31 | INFO     |       - 적용 대상 컬럼: 42개
2026-03-24 23:30:31 | INFO     |     → ✨ Imputation 적용 중 (transform)...
2026-03-24 23:30:31 | ERROR    |     - ❌ 2026-02-10 Imputation 적용 실패: 'numpy.ndarray' object has no attribute 'isnull'
Traceback (most recent call last):
  File "C:\Users\USER\Documents\GitHub\COMS-KMA.AI\Codes\1.Preprocessing\impute_hourly.py", line 615, in main
    imputed_array = current_imputer.transform(data_for_transform.values)
                    ^^^^^^^^^^^^^^^^^^^^^^^^^^^^^^^^^^^^^^^^^^^^^^^^^^^^
  File "C:\Users\USER\Documents\GitHub\COMS-KMA.AI\.venv\Lib\site-packages\missforest\missforest.py", line 505, in transform
    _validate_empty_feature(x)
  File "C:\Users\USER\Documents\GitHub\COMS-KMA.AI\.venv\Lib\site-packages\missforest\_validate.py", line 97, in _validate_empty_feature
    if x.isnull().all().any():
       ^^^^^^^^
AttributeError: 'numpy.ndarray' object has no attribute 'isnull'
2026-03-24 23:30:31 | INFO     | --- 2026-02-11 Imputation 적용 시작 ---
2026-03-24 23:30:31 | INFO     |     → 讀 Imputer 로드 중: gk2a_imputer_2026-02-11.pkl (Pivot: 2026-02-11)
2026-03-24 23:30:31 | INFO     |     → ✓ Pivot 2026-02-11 Imputer 로드 완료.
2026-03-24 23:30:31 | INFO     |   → 讀 2026-02-11 데이터 로드 중 (23개 파일)...
2026-03-24 23:30:38 | INFO     |     → ✓ 로드 및 병합 완료 (총 2463300행)
2026-03-24 23:30:41 | INFO     |     → ⚙️ Imputation 적용 데이터 분리 중...
2026-03-24 23:30:41 | INFO     |       - 제거된 컬럼: 52개
2026-03-24 23:30:41 | INFO     |       - 적용 대상 컬럼: 42개
2026-03-24 23:30:41 | INFO     |     → ✨ Imputation 적용 중 (transform)...
2026-03-24 23:30:41 | ERROR    |     - ❌ 2026-02-11 Imputation 적용 실패: 'numpy.ndarray' object has no attribute 'isnull'
Traceback (most recent call last):
  File "C:\Users\USER\Documents\GitHub\COMS-KMA.AI\Codes\1.Preprocessing\impute_hourly.py", line 615, in main
    imputed_array = current_imputer.transform(data_for_transform.values)
                    ^^^^^^^^^^^^^^^^^^^^^^^^^^^^^^^^^^^^^^^^^^^^^^^^^^^^
  File "C:\Users\USER\Documents\GitHub\COMS-KMA.AI\.venv\Lib\site-packages\missforest\missforest.py", line 505, in transform
    _validate_empty_feature(x)
  File "C:\Users\USER\Documents\GitHub\COMS-KMA.AI\.venv\Lib\site-packages\missforest\_validate.py", line 97, in _validate_empty_feature
    if x.isnull().all().any():
       ^^^^^^^^
AttributeError: 'numpy.ndarray' object has no attribute 'isnull'
2026-03-24 23:30:42 | INFO     | ======================================================================
2026-03-24 23:30:42 | INFO     | 🎉 [결측치 채우기] 작업이 완료되었습니다.
2026-03-24 23:30:42 | INFO     |   - 총 0개의 시간별 파일이 생성/업데이트되었습니다.
2026-03-24 23:30:42 | INFO     |   - 총 0개 날짜를 건너뛰었습니다.
2026-03-24 23:30:42 | INFO     | 최종 Imputed 데이터는 C:\Users\USER\Documents\GitHub\COMS-KMA.AI\Data\2.imputed 에서 확인하세요.
2026-03-24 23:30:42 | INFO     | 상세 로그는 C:\Users\USER\Documents\GitHub\COMS-KMA.AI\Data\2.imputed\logs\impute_data_GK2A_20251214_to_20260211_20260324_232340.log 에서 확인하세요.
2026-03-24 23:30:42 | INFO     | ======================================================================
