2026-03-25 17:00:50 | INFO     | ======================================================================
2026-03-25 17:00:50 | INFO     | 🛰️  [결측치 채우기] Pivot 기반 Imputation 적용 시작 (v10 - Pivot 모드)
2026-03-25 17:00:50 | INFO     |   - 데이터 소스: GK2A
2026-03-25 17:00:50 | INFO     |   - 입력 경로 (HOURLY_DATA): C:\Users\USER\Documents\GitHub\COMS-KMA.AI\Data\1.outliers_rm
2026-03-25 17:00:50 | INFO     |   - Imputer 경로: C:\Users\USER\Documents\GitHub\COMS-KMA.AI\Imputers
2026-03-25 17:00:50 | INFO     |   - 출력 경로 (IMPUTED_DATA): C:\Users\USER\Documents\GitHub\COMS-KMA.AI\Data\2.imputed
2026-03-25 17:00:50 | INFO     |   - First Pivot: 2026-02-04
2026-03-25 17:00:50 | INFO     |   - Pivot Interval: 1일
2026-03-25 17:00:50 | INFO     |   - [v10] 처리 범위: 2025-12-14 부터 2026-02-11 까지
2026-03-25 17:00:50 | INFO     |   - 모드: 🔄 Resume
2026-03-25 17:00:50 | INFO     |   - 로그 파일: C:\Users\USER\Documents\GitHub\COMS-KMA.AI\Data\2.imputed\logs\impute_data_GK2A_20251214_to_20260211_20260325_170050.log
2026-03-25 17:00:50 | INFO     | ======================================================================
2026-03-25 17:00:50 | INFO     | 📂 스캔 중 (Pivot 기반, Interval: 1일): C:\Users\USER\Documents\GitHub\COMS-KMA.AI\Data\1.outliers_rm\KOMPSAT_LE2
2026-03-25 17:00:50 | INFO     |   → First Pivot: 2026-02-04
2026-03-25 17:00:50 | INFO     |   → 46개 날짜 데이터 발견. (범위: 2025-12-14~2026-02-11)
2026-03-25 17:00:50 | INFO     | --- 2025-12-14 Imputation 적용 시작 ---
2026-03-25 17:00:50 | INFO     |     → 讀 Imputer 로드 중: gk2a_imputer_2026-02-04.pkl (Pivot: 2026-02-04)
2026-03-25 17:00:55 | INFO     |     → ✓ Pivot 2026-02-04 Imputer 로드 완료.
2026-03-25 17:00:55 | INFO     |   → 讀 2025-12-14 데이터 로드 중 (2개 파일)...
2026-03-25 17:00:55 | INFO     |     → ✓ 로드 및 병합 완료 (총 214200행)
2026-03-25 17:00:55 | INFO     |     → ⚙️ Imputation 적용 데이터 분리 중...
2026-03-25 17:00:55 | INFO     |       - 제거된 컬럼: 52개
2026-03-25 17:00:55 | INFO     |       - 적용 대상 컬럼: 42개
2026-03-25 17:00:55 | INFO     |     → ✨ Imputation 적용 중 (transform)...
2026-03-25 17:00:56 | INFO     |     → ✓ 적용 완료 (0.6초)
2026-03-25 17:00:56 | INFO     |     → 🧩 데이터 재조립 중...
2026-03-25 17:00:56 | INFO     |       - key_df 컬럼: 4개 (['geoId', 'geo_lon', 'geo_lat', 'dateTime'])
2026-03-25 17:00:56 | INFO     |       - imputed_df_data_part 컬럼: 42개
2026-03-25 17:00:58 | INFO     |       - final_imputed_df 컬럼: 46개
2026-03-25 17:00:58 | INFO     |     → ✓ 재조립 완료.
2026-03-25 17:00:58 | INFO     |     → 💾 Imputed 데이터 시간별 저장 중...
2026-03-25 17:01:01 | INFO     |     → ✓ 2개 시간별 파일 저장 완료.
2026-03-25 17:01:01 | INFO     | --- 2025-12-15 Imputation 적용 시작 ---
2026-03-25 17:01:01 | INFO     |   → 讀 2025-12-15 데이터 로드 중 (21개 파일)...
2026-03-25 17:01:07 | INFO     |     → ✓ 로드 및 병합 완료 (총 2249100행)
2026-03-25 17:01:09 | INFO     |     → ⚙️ Imputation 적용 데이터 분리 중...
2026-03-25 17:01:10 | INFO     |       - 제거된 컬럼: 52개
2026-03-25 17:01:10 | INFO     |       - 적용 대상 컬럼: 42개
2026-03-25 17:01:10 | INFO     |     → ✨ Imputation 적용 중 (transform)...
2026-03-25 17:01:16 | INFO     |     → ✓ 적용 완료 (6.2초)
2026-03-25 17:01:16 | INFO     |     → 🧩 데이터 재조립 중...
2026-03-25 17:01:16 | INFO     |       - key_df 컬럼: 4개 (['geoId', 'geo_lon', 'geo_lat', 'dateTime'])
2026-03-25 17:01:16 | INFO     |       - imputed_df_data_part 컬럼: 42개
2026-03-25 17:01:41 | INFO     |       - final_imputed_df 컬럼: 46개
2026-03-25 17:01:41 | INFO     |     → ✓ 재조립 완료.
2026-03-25 17:01:41 | INFO     |     → 💾 Imputed 데이터 시간별 저장 중...
2026-03-25 17:02:03 | INFO     |     → ✓ 21개 시간별 파일 저장 완료.
2026-03-25 17:02:03 | INFO     | --- 2025-12-16 Imputation 적용 시작 ---
2026-03-25 17:02:03 | INFO     |   → 讀 2025-12-16 데이터 로드 중 (23개 파일)...
2026-03-25 17:02:10 | INFO     |     → ✓ 로드 및 병합 완료 (총 2463300행)
2026-03-25 17:02:13 | INFO     |     → ⚙️ Imputation 적용 데이터 분리 중...
2026-03-25 17:02:13 | INFO     |       - 제거된 컬럼: 52개
2026-03-25 17:02:13 | INFO     |       - 적용 대상 컬럼: 42개
2026-03-25 17:02:13 | INFO     |     → ✨ Imputation 적용 중 (transform)...
2026-03-25 17:02:20 | INFO     |     → ✓ 적용 완료 (6.9초)
2026-03-25 17:02:20 | INFO     |     → 🧩 데이터 재조립 중...
2026-03-25 17:02:20 | INFO     |       - key_df 컬럼: 4개 (['geoId', 'geo_lon', 'geo_lat', 'dateTime'])
2026-03-25 17:02:20 | INFO     |       - imputed_df_data_part 컬럼: 42개
2026-03-25 17:02:47 | INFO     |       - final_imputed_df 컬럼: 46개
2026-03-25 17:02:47 | INFO     |     → ✓ 재조립 완료.
2026-03-25 17:02:47 | INFO     |     → 💾 Imputed 데이터 시간별 저장 중...
2026-03-25 17:03:11 | INFO     |     → ✓ 23개 시간별 파일 저장 완료.
2026-03-25 17:03:12 | INFO     | --- 2025-12-17 Imputation 적용 시작 ---
2026-03-25 17:03:12 | INFO     |   → 讀 2025-12-17 데이터 로드 중 (23개 파일)...
2026-03-25 17:03:18 | INFO     |     → ✓ 로드 및 병합 완료 (총 2463300행)
2026-03-25 17:03:21 | INFO     |     → ⚙️ Imputation 적용 데이터 분리 중...
2026-03-25 17:03:21 | INFO     |       - 제거된 컬럼: 52개
2026-03-25 17:03:21 | INFO     |       - 적용 대상 컬럼: 42개
2026-03-25 17:03:21 | INFO     |     → ✨ Imputation 적용 중 (transform)...
2026-03-25 17:03:27 | INFO     |     → ✓ 적용 완료 (6.4초)
2026-03-25 17:03:27 | INFO     |     → 🧩 데이터 재조립 중...
2026-03-25 17:03:27 | INFO     |       - key_df 컬럼: 4개 (['geoId', 'geo_lon', 'geo_lat', 'dateTime'])
2026-03-25 17:03:27 | INFO     |       - imputed_df_data_part 컬럼: 42개
2026-03-25 17:03:55 | INFO     |       - final_imputed_df 컬럼: 46개
2026-03-25 17:03:55 | INFO     |     → ✓ 재조립 완료.
2026-03-25 17:03:55 | INFO     |     → 💾 Imputed 데이터 시간별 저장 중...
2026-03-25 17:04:19 | INFO     |     → ✓ 23개 시간별 파일 저장 완료.
2026-03-25 17:04:19 | INFO     | --- 2025-12-18 Imputation 적용 시작 ---
2026-03-25 17:04:19 | INFO     |   → 讀 2025-12-18 데이터 로드 중 (23개 파일)...
2026-03-25 17:04:25 | INFO     |     → ✓ 로드 및 병합 완료 (총 2463300행)
2026-03-25 17:04:28 | INFO     |     → ⚙️ Imputation 적용 데이터 분리 중...
2026-03-25 17:04:28 | INFO     |       - 제거된 컬럼: 52개
2026-03-25 17:04:28 | INFO     |       - 적용 대상 컬럼: 42개
2026-03-25 17:04:28 | INFO     |     → ✨ Imputation 적용 중 (transform)...
2026-03-25 17:04:38 | INFO     |     → ✓ 적용 완료 (10.1초)
2026-03-25 17:04:38 | INFO     |     → 🧩 데이터 재조립 중...
2026-03-25 17:04:38 | INFO     |       - key_df 컬럼: 4개 (['geoId', 'geo_lon', 'geo_lat', 'dateTime'])
2026-03-25 17:04:38 | INFO     |       - imputed_df_data_part 컬럼: 42개
2026-03-25 17:05:06 | INFO     |       - final_imputed_df 컬럼: 46개
2026-03-25 17:05:06 | INFO     |     → ✓ 재조립 완료.
2026-03-25 17:05:06 | INFO     |     → 💾 Imputed 데이터 시간별 저장 중...
2026-03-25 17:05:30 | INFO     |     → ✓ 23개 시간별 파일 저장 완료.
2026-03-25 17:05:30 | INFO     | --- 2025-12-19 Imputation 적용 시작 ---
2026-03-25 17:05:30 | INFO     |   → 讀 2025-12-19 데이터 로드 중 (23개 파일)...
2026-03-25 17:05:36 | INFO     |     → ✓ 로드 및 병합 완료 (총 2463300행)
2026-03-25 17:05:39 | INFO     |     → ⚙️ Imputation 적용 데이터 분리 중...
2026-03-25 17:05:39 | INFO     |       - 제거된 컬럼: 52개
2026-03-25 17:05:39 | INFO     |       - 적용 대상 컬럼: 42개
2026-03-25 17:05:39 | INFO     |     → ✨ Imputation 적용 중 (transform)...
2026-03-25 17:05:49 | INFO     |     → ✓ 적용 완료 (9.9초)
2026-03-25 17:05:49 | INFO     |     → 🧩 데이터 재조립 중...
2026-03-25 17:05:49 | INFO     |       - key_df 컬럼: 4개 (['geoId', 'geo_lon', 'geo_lat', 'dateTime'])
2026-03-25 17:05:49 | INFO     |       - imputed_df_data_part 컬럼: 42개
2026-03-25 17:06:16 | INFO     |       - final_imputed_df 컬럼: 46개
2026-03-25 17:06:16 | INFO     |     → ✓ 재조립 완료.
2026-03-25 17:06:16 | INFO     |     → 💾 Imputed 데이터 시간별 저장 중...
2026-03-25 17:06:40 | INFO     |     → ✓ 23개 시간별 파일 저장 완료.
2026-03-25 17:06:40 | INFO     | --- 2025-12-20 Imputation 적용 시작 ---
2026-03-25 17:06:40 | INFO     |   → 讀 2025-12-20 데이터 로드 중 (20개 파일)...
2026-03-25 17:06:46 | INFO     |     → ✓ 로드 및 병합 완료 (총 2142000행)
2026-03-25 17:06:48 | INFO     |     → ⚙️ Imputation 적용 데이터 분리 중...
2026-03-25 17:06:48 | INFO     |       - 제거된 컬럼: 52개
2026-03-25 17:06:48 | INFO     |       - 적용 대상 컬럼: 42개
2026-03-25 17:06:48 | INFO     |     → ✨ Imputation 적용 중 (transform)...
2026-03-25 17:06:54 | INFO     |     → ✓ 적용 완료 (6.0초)
2026-03-25 17:06:55 | INFO     |     → 🧩 데이터 재조립 중...
2026-03-25 17:06:55 | INFO     |       - key_df 컬럼: 4개 (['geoId', 'geo_lon', 'geo_lat', 'dateTime'])
2026-03-25 17:06:55 | INFO     |       - imputed_df_data_part 컬럼: 42개
2026-03-25 17:07:18 | INFO     |       - final_imputed_df 컬럼: 46개
2026-03-25 17:07:18 | INFO     |     → ✓ 재조립 완료.
2026-03-25 17:07:18 | INFO     |     → 💾 Imputed 데이터 시간별 저장 중...
2026-03-25 17:07:39 | INFO     |     → ✓ 20개 시간별 파일 저장 완료.
2026-03-25 17:07:39 | INFO     | --- 2025-12-21 Imputation 적용 시작 ---
2026-03-25 17:07:39 | INFO     |   → 讀 2025-12-21 데이터 로드 중 (22개 파일)...
2026-03-25 17:07:45 | INFO     |     → ✓ 로드 및 병합 완료 (총 2356200행)
2026-03-25 17:07:48 | INFO     |     → ⚙️ Imputation 적용 데이터 분리 중...
2026-03-25 17:07:48 | INFO     |       - 제거된 컬럼: 52개
2026-03-25 17:07:48 | INFO     |       - 적용 대상 컬럼: 42개
2026-03-25 17:07:48 | INFO     |     → ✨ Imputation 적용 중 (transform)...
2026-03-25 17:08:06 | INFO     |     → ✓ 적용 완료 (18.1초)
2026-03-25 17:08:06 | INFO     |     → 🧩 데이터 재조립 중...
2026-03-25 17:08:06 | INFO     |       - key_df 컬럼: 4개 (['geoId', 'geo_lon', 'geo_lat', 'dateTime'])
2026-03-25 17:08:06 | INFO     |       - imputed_df_data_part 컬럼: 42개
2026-03-25 17:08:32 | INFO     |       - final_imputed_df 컬럼: 46개
2026-03-25 17:08:32 | INFO     |     → ✓ 재조립 완료.
2026-03-25 17:08:32 | INFO     |     → 💾 Imputed 데이터 시간별 저장 중...
2026-03-25 17:08:56 | INFO     |     → ✓ 22개 시간별 파일 저장 완료.
2026-03-25 17:08:56 | INFO     | --- 2025-12-22 Imputation 적용 시작 ---
2026-03-25 17:08:56 | INFO     |   → 讀 2025-12-22 데이터 로드 중 (24개 파일)...
2026-03-25 17:09:02 | INFO     |     → ✓ 로드 및 병합 완료 (총 2570400행)
2026-03-25 17:09:05 | INFO     |     → ⚙️ Imputation 적용 데이터 분리 중...
2026-03-25 17:09:05 | INFO     |       - 제거된 컬럼: 52개
2026-03-25 17:09:05 | INFO     |       - 적용 대상 컬럼: 42개
2026-03-25 17:09:05 | INFO     |     → ✨ Imputation 적용 중 (transform)...
2026-03-25 17:09:24 | INFO     |     → ✓ 적용 완료 (19.2초)
2026-03-25 17:09:25 | INFO     |     → 🧩 데이터 재조립 중...
2026-03-25 17:09:25 | INFO     |       - key_df 컬럼: 4개 (['geoId', 'geo_lon', 'geo_lat', 'dateTime'])
2026-03-25 17:09:25 | INFO     |       - imputed_df_data_part 컬럼: 42개
2026-03-25 17:09:53 | INFO     |       - final_imputed_df 컬럼: 46개
2026-03-25 17:09:53 | INFO     |     → ✓ 재조립 완료.
2026-03-25 17:09:53 | INFO     |     → 💾 Imputed 데이터 시간별 저장 중...
2026-03-25 17:10:18 | INFO     |     → ✓ 24개 시간별 파일 저장 완료.
2026-03-25 17:10:18 | INFO     | --- 2025-12-23 Imputation 적용 시작 ---
2026-03-25 17:10:18 | INFO     |   → 讀 2025-12-23 데이터 로드 중 (24개 파일)...
2026-03-25 17:10:24 | INFO     |     → ✓ 로드 및 병합 완료 (총 2570400행)
2026-03-25 17:10:27 | INFO     |     → ⚙️ Imputation 적용 데이터 분리 중...
2026-03-25 17:10:27 | INFO     |       - 제거된 컬럼: 52개
2026-03-25 17:10:27 | INFO     |       - 적용 대상 컬럼: 42개
2026-03-25 17:10:27 | INFO     |     → ✨ Imputation 적용 중 (transform)...
2026-03-25 17:10:44 | INFO     |     → ✓ 적용 완료 (17.1초)
2026-03-25 17:10:44 | INFO     |     → 🧩 데이터 재조립 중...
2026-03-25 17:10:44 | INFO     |       - key_df 컬럼: 4개 (['geoId', 'geo_lon', 'geo_lat', 'dateTime'])
2026-03-25 17:10:44 | INFO     |       - imputed_df_data_part 컬럼: 42개
2026-03-25 17:11:13 | INFO     |       - final_imputed_df 컬럼: 46개
2026-03-25 17:11:13 | INFO     |     → ✓ 재조립 완료.
2026-03-25 17:11:13 | INFO     |     → 💾 Imputed 데이터 시간별 저장 중...
2026-03-25 17:11:38 | INFO     |     → ✓ 24개 시간별 파일 저장 완료.
2026-03-25 17:11:38 | INFO     | --- 2025-12-24 Imputation 적용 시작 ---
2026-03-25 17:11:38 | INFO     |   → 讀 2025-12-24 데이터 로드 중 (1개 파일)...
2026-03-25 17:11:38 | INFO     |     → ✓ 로드 및 병합 완료 (총 107100행)
2026-03-25 17:11:39 | INFO     |     → ⚙️ Imputation 적용 데이터 분리 중...
2026-03-25 17:11:39 | INFO     |       - 제거된 컬럼: 52개
2026-03-25 17:11:39 | INFO     |       - 적용 대상 컬럼: 42개
2026-03-25 17:11:39 | INFO     |     → ✨ Imputation 적용 중 (transform)...
2026-03-25 17:11:39 | ERROR    |     - ❌ 2025-12-24 Imputation 적용 실패: One or more columns have all missing values in argument `x`.
Traceback (most recent call last):
  File "C:\Users\USER\Documents\GitHub\COMS-KMA.AI\Codes\1.Preprocessing\impute_hourly.py", line 615, in main
    imputed_array = current_imputer.transform(data_for_transform)
                    ^^^^^^^^^^^^^^^^^^^^^^^^^^^^^^^^^^^^^^^^^^^^^
  File "C:\Users\USER\Documents\GitHub\COMS-KMA.AI\.venv\Lib\site-packages\missforest\missforest.py", line 505, in transform
    _validate_empty_feature(x)
  File "C:\Users\USER\Documents\GitHub\COMS-KMA.AI\.venv\Lib\site-packages\missforest\_validate.py", line 98, in _validate_empty_feature
    raise ValueError(
ValueError: One or more columns have all missing values in argument `x`.
2026-03-25 17:11:39 | INFO     | --- 2026-01-06 Imputation 적용 시작 ---
2026-03-25 17:11:39 | INFO     |   → 讀 2026-01-06 데이터 로드 중 (23개 파일)...
2026-03-25 17:11:45 | INFO     |     → ✓ 로드 및 병합 완료 (총 2463300행)
2026-03-25 17:11:47 | INFO     |     → ⚙️ Imputation 적용 데이터 분리 중...
2026-03-25 17:11:47 | INFO     |       - 제거된 컬럼: 52개
2026-03-25 17:11:47 | INFO     |       - 적용 대상 컬럼: 42개
2026-03-25 17:11:47 | INFO     |     → ✨ Imputation 적용 중 (transform)...
2026-03-25 17:12:04 | INFO     |     → ✓ 적용 완료 (16.6초)
2026-03-25 17:12:04 | INFO     |     → 🧩 데이터 재조립 중...
2026-03-25 17:12:04 | INFO     |       - key_df 컬럼: 4개 (['geoId', 'geo_lon', 'geo_lat', 'dateTime'])
2026-03-25 17:12:04 | INFO     |       - imputed_df_data_part 컬럼: 42개
2026-03-25 17:12:31 | INFO     |       - final_imputed_df 컬럼: 46개
2026-03-25 17:12:31 | INFO     |     → ✓ 재조립 완료.
2026-03-25 17:12:31 | INFO     |     → 💾 Imputed 데이터 시간별 저장 중...
2026-03-25 17:12:56 | INFO     |     → ✓ 23개 시간별 파일 저장 완료.
2026-03-25 17:12:56 | INFO     | --- 2026-01-07 Imputation 적용 시작 ---
2026-03-25 17:12:56 | INFO     |   → 讀 2026-01-07 데이터 로드 중 (24개 파일)...
2026-03-25 17:13:02 | INFO     |     → ✓ 로드 및 병합 완료 (총 2570400행)
2026-03-25 17:13:05 | INFO     |     → ⚙️ Imputation 적용 데이터 분리 중...
2026-03-25 17:13:05 | INFO     |       - 제거된 컬럼: 52개
2026-03-25 17:13:05 | INFO     |       - 적용 대상 컬럼: 42개
2026-03-25 17:13:05 | INFO     |     → ✨ Imputation 적용 중 (transform)...
2026-03-25 17:13:26 | INFO     |     → ✓ 적용 완료 (20.8초)
2026-03-25 17:13:26 | INFO     |     → 🧩 데이터 재조립 중...
2026-03-25 17:13:26 | INFO     |       - key_df 컬럼: 4개 (['geoId', 'geo_lon', 'geo_lat', 'dateTime'])
2026-03-25 17:13:26 | INFO     |       - imputed_df_data_part 컬럼: 42개
2026-03-25 17:13:54 | INFO     |       - final_imputed_df 컬럼: 46개
2026-03-25 17:13:54 | INFO     |     → ✓ 재조립 완료.
2026-03-25 17:13:54 | INFO     |     → 💾 Imputed 데이터 시간별 저장 중...
2026-03-25 17:14:21 | INFO     |     → ✓ 24개 시간별 파일 저장 완료.
2026-03-25 17:14:21 | INFO     | --- 2026-01-08 Imputation 적용 시작 ---
2026-03-25 17:14:21 | INFO     |   → 讀 2026-01-08 데이터 로드 중 (24개 파일)...
2026-03-25 17:14:27 | INFO     |     → ✓ 로드 및 병합 완료 (총 2570400행)
2026-03-25 17:14:29 | INFO     |     → ⚙️ Imputation 적용 데이터 분리 중...
2026-03-25 17:14:29 | INFO     |       - 제거된 컬럼: 52개
2026-03-25 17:14:29 | INFO     |       - 적용 대상 컬럼: 42개
2026-03-25 17:14:29 | INFO     |     → ✨ Imputation 적용 중 (transform)...
2026-03-25 17:14:52 | INFO     |     → ✓ 적용 완료 (22.3초)
2026-03-25 17:14:52 | INFO     |     → 🧩 데이터 재조립 중...
2026-03-25 17:14:52 | INFO     |       - key_df 컬럼: 4개 (['geoId', 'geo_lon', 'geo_lat', 'dateTime'])
2026-03-25 17:14:52 | INFO     |       - imputed_df_data_part 컬럼: 42개
2026-03-25 17:15:20 | INFO     |       - final_imputed_df 컬럼: 46개
2026-03-25 17:15:20 | INFO     |     → ✓ 재조립 완료.
2026-03-25 17:15:20 | INFO     |     → 💾 Imputed 데이터 시간별 저장 중...
2026-03-25 17:15:47 | INFO     |     → ✓ 24개 시간별 파일 저장 완료.
2026-03-25 17:15:47 | INFO     | --- 2026-01-09 Imputation 적용 시작 ---
2026-03-25 17:15:47 | INFO     |   → 讀 2026-01-09 데이터 로드 중 (24개 파일)...
2026-03-25 17:15:53 | INFO     |     → ✓ 로드 및 병합 완료 (총 2570400행)
2026-03-25 17:15:56 | INFO     |     → ⚙️ Imputation 적용 데이터 분리 중...
2026-03-25 17:15:56 | INFO     |       - 제거된 컬럼: 52개
2026-03-25 17:15:56 | INFO     |       - 적용 대상 컬럼: 42개
2026-03-25 17:15:56 | INFO     |     → ✨ Imputation 적용 중 (transform)...
2026-03-25 17:16:19 | INFO     |     → ✓ 적용 완료 (23.3초)
2026-03-25 17:16:19 | INFO     |     → 🧩 데이터 재조립 중...
2026-03-25 17:16:19 | INFO     |       - key_df 컬럼: 4개 (['geoId', 'geo_lon', 'geo_lat', 'dateTime'])
2026-03-25 17:16:19 | INFO     |       - imputed_df_data_part 컬럼: 42개
2026-03-25 17:16:48 | INFO     |       - final_imputed_df 컬럼: 46개
2026-03-25 17:16:48 | INFO     |     → ✓ 재조립 완료.
2026-03-25 17:16:48 | INFO     |     → 💾 Imputed 데이터 시간별 저장 중...
2026-03-25 17:17:14 | INFO     |     → ✓ 24개 시간별 파일 저장 완료.
2026-03-25 17:17:14 | INFO     | --- 2026-01-10 Imputation 적용 시작 ---
2026-03-25 17:17:14 | INFO     |   → 讀 2026-01-10 데이터 로드 중 (24개 파일)...
2026-03-25 17:17:20 | INFO     |     → ✓ 로드 및 병합 완료 (총 2570400행)
2026-03-25 17:17:23 | INFO     |     → ⚙️ Imputation 적용 데이터 분리 중...
2026-03-25 17:17:23 | INFO     |       - 제거된 컬럼: 52개
2026-03-25 17:17:23 | INFO     |       - 적용 대상 컬럼: 42개
2026-03-25 17:17:23 | INFO     |     → ✨ Imputation 적용 중 (transform)...
2026-03-25 17:17:45 | INFO     |     → ✓ 적용 완료 (22.7초)
2026-03-25 17:17:46 | INFO     |     → 🧩 데이터 재조립 중...
2026-03-25 17:17:46 | INFO     |       - key_df 컬럼: 4개 (['geoId', 'geo_lon', 'geo_lat', 'dateTime'])
2026-03-25 17:17:46 | INFO     |       - imputed_df_data_part 컬럼: 42개
2026-03-25 17:18:14 | INFO     |       - final_imputed_df 컬럼: 46개
2026-03-25 17:18:14 | INFO     |     → ✓ 재조립 완료.
2026-03-25 17:18:14 | INFO     |     → 💾 Imputed 데이터 시간별 저장 중...
2026-03-25 17:18:40 | INFO     |     → ✓ 24개 시간별 파일 저장 완료.
2026-03-25 17:18:40 | INFO     | --- 2026-01-11 Imputation 적용 시작 ---
2026-03-25 17:18:40 | INFO     |   → 讀 2026-01-11 데이터 로드 중 (24개 파일)...
2026-03-25 17:18:46 | INFO     |     → ✓ 로드 및 병합 완료 (총 2570400행)
2026-03-25 17:18:49 | INFO     |     → ⚙️ Imputation 적용 데이터 분리 중...
2026-03-25 17:18:49 | INFO     |       - 제거된 컬럼: 52개
2026-03-25 17:18:49 | INFO     |       - 적용 대상 컬럼: 42개
2026-03-25 17:18:49 | INFO     |     → ✨ Imputation 적용 중 (transform)...
2026-03-25 17:19:09 | INFO     |     → ✓ 적용 완료 (19.5초)
2026-03-25 17:19:09 | INFO     |     → 🧩 데이터 재조립 중...
2026-03-25 17:19:09 | INFO     |       - key_df 컬럼: 4개 (['geoId', 'geo_lon', 'geo_lat', 'dateTime'])
2026-03-25 17:19:09 | INFO     |       - imputed_df_data_part 컬럼: 42개
2026-03-25 17:19:37 | INFO     |       - final_imputed_df 컬럼: 46개
2026-03-25 17:19:37 | INFO     |     → ✓ 재조립 완료.
2026-03-25 17:19:37 | INFO     |     → 💾 Imputed 데이터 시간별 저장 중...
2026-03-25 17:20:03 | INFO     |     → ✓ 24개 시간별 파일 저장 완료.
2026-03-25 17:20:03 | INFO     | --- 2026-01-12 Imputation 적용 시작 ---
2026-03-25 17:20:03 | INFO     |   → 讀 2026-01-12 데이터 로드 중 (24개 파일)...
2026-03-25 17:20:10 | INFO     |     → ✓ 로드 및 병합 완료 (총 2570400행)
2026-03-25 17:20:12 | INFO     |     → ⚙️ Imputation 적용 데이터 분리 중...
2026-03-25 17:20:12 | INFO     |       - 제거된 컬럼: 52개
2026-03-25 17:20:12 | INFO     |       - 적용 대상 컬럼: 42개
2026-03-25 17:20:12 | INFO     |     → ✨ Imputation 적용 중 (transform)...
2026-03-25 17:20:28 | INFO     |     → ✓ 적용 완료 (15.4초)
2026-03-25 17:20:28 | INFO     |     → 🧩 데이터 재조립 중...
2026-03-25 17:20:28 | INFO     |       - key_df 컬럼: 4개 (['geoId', 'geo_lon', 'geo_lat', 'dateTime'])
2026-03-25 17:20:28 | INFO     |       - imputed_df_data_part 컬럼: 42개
2026-03-25 17:20:56 | INFO     |       - final_imputed_df 컬럼: 46개
2026-03-25 17:20:56 | INFO     |     → ✓ 재조립 완료.
2026-03-25 17:20:56 | INFO     |     → 💾 Imputed 데이터 시간별 저장 중...
2026-03-25 17:21:22 | INFO     |     → ✓ 24개 시간별 파일 저장 완료.
2026-03-25 17:21:22 | INFO     | --- 2026-01-13 Imputation 적용 시작 ---
2026-03-25 17:21:22 | INFO     |   → 讀 2026-01-13 데이터 로드 중 (24개 파일)...
2026-03-25 17:21:28 | INFO     |     → ✓ 로드 및 병합 완료 (총 2570400행)
2026-03-25 17:21:31 | INFO     |     → ⚙️ Imputation 적용 데이터 분리 중...
2026-03-25 17:21:31 | INFO     |       - 제거된 컬럼: 52개
2026-03-25 17:21:31 | INFO     |       - 적용 대상 컬럼: 42개
2026-03-25 17:21:31 | INFO     |     → ✨ Imputation 적용 중 (transform)...
2026-03-25 17:21:49 | INFO     |     → ✓ 적용 완료 (17.9초)
2026-03-25 17:21:49 | INFO     |     → 🧩 데이터 재조립 중...
2026-03-25 17:21:49 | INFO     |       - key_df 컬럼: 4개 (['geoId', 'geo_lon', 'geo_lat', 'dateTime'])
2026-03-25 17:21:49 | INFO     |       - imputed_df_data_part 컬럼: 42개
2026-03-25 17:22:17 | INFO     |       - final_imputed_df 컬럼: 46개
2026-03-25 17:22:17 | INFO     |     → ✓ 재조립 완료.
2026-03-25 17:22:17 | INFO     |     → 💾 Imputed 데이터 시간별 저장 중...
2026-03-25 17:22:44 | INFO     |     → ✓ 24개 시간별 파일 저장 완료.
2026-03-25 17:22:44 | INFO     | --- 2026-01-14 Imputation 적용 시작 ---
2026-03-25 17:22:44 | INFO     |   → 讀 2026-01-14 데이터 로드 중 (24개 파일)...
2026-03-25 17:22:50 | INFO     |     → ✓ 로드 및 병합 완료 (총 2570400행)
2026-03-25 17:22:53 | INFO     |     → ⚙️ Imputation 적용 데이터 분리 중...
2026-03-25 17:22:53 | INFO     |       - 제거된 컬럼: 52개
2026-03-25 17:22:53 | INFO     |       - 적용 대상 컬럼: 42개
2026-03-25 17:22:53 | INFO     |     → ✨ Imputation 적용 중 (transform)...
2026-03-25 17:23:16 | INFO     |     → ✓ 적용 완료 (23.4초)
2026-03-25 17:23:16 | INFO     |     → 🧩 데이터 재조립 중...
2026-03-25 17:23:16 | INFO     |       - key_df 컬럼: 4개 (['geoId', 'geo_lon', 'geo_lat', 'dateTime'])
2026-03-25 17:23:16 | INFO     |       - imputed_df_data_part 컬럼: 42개
2026-03-25 17:23:45 | INFO     |       - final_imputed_df 컬럼: 46개
2026-03-25 17:23:45 | INFO     |     → ✓ 재조립 완료.
2026-03-25 17:23:45 | INFO     |     → 💾 Imputed 데이터 시간별 저장 중...
2026-03-25 17:24:11 | INFO     |     → ✓ 24개 시간별 파일 저장 완료.
2026-03-25 17:24:11 | INFO     | --- 2026-01-15 Imputation 적용 시작 ---
2026-03-25 17:24:11 | INFO     |   → 讀 2026-01-15 데이터 로드 중 (24개 파일)...
2026-03-25 17:24:17 | INFO     |     → ✓ 로드 및 병합 완료 (총 2570400행)
2026-03-25 17:24:20 | INFO     |     → ⚙️ Imputation 적용 데이터 분리 중...
2026-03-25 17:24:20 | INFO     |       - 제거된 컬럼: 52개
2026-03-25 17:24:20 | INFO     |       - 적용 대상 컬럼: 42개
2026-03-25 17:24:20 | INFO     |     → ✨ Imputation 적용 중 (transform)...
2026-03-25 17:24:36 | INFO     |     → ✓ 적용 완료 (16.1초)
2026-03-25 17:24:36 | INFO     |     → 🧩 데이터 재조립 중...
2026-03-25 17:24:36 | INFO     |       - key_df 컬럼: 4개 (['geoId', 'geo_lon', 'geo_lat', 'dateTime'])
2026-03-25 17:24:36 | INFO     |       - imputed_df_data_part 컬럼: 42개
2026-03-25 17:25:04 | INFO     |       - final_imputed_df 컬럼: 46개
2026-03-25 17:25:04 | INFO     |     → ✓ 재조립 완료.
2026-03-25 17:25:04 | INFO     |     → 💾 Imputed 데이터 시간별 저장 중...
2026-03-25 17:25:30 | INFO     |     → ✓ 24개 시간별 파일 저장 완료.
2026-03-25 17:25:30 | INFO     | --- 2026-01-16 Imputation 적용 시작 ---
2026-03-25 17:25:30 | INFO     |   → 讀 2026-01-16 데이터 로드 중 (24개 파일)...
2026-03-25 17:25:37 | INFO     |     → ✓ 로드 및 병합 완료 (총 2570400행)
2026-03-25 17:25:39 | INFO     |     → ⚙️ Imputation 적용 데이터 분리 중...
2026-03-25 17:25:39 | INFO     |       - 제거된 컬럼: 52개
2026-03-25 17:25:39 | INFO     |       - 적용 대상 컬럼: 42개
2026-03-25 17:25:39 | INFO     |     → ✨ Imputation 적용 중 (transform)...
2026-03-25 17:25:53 | INFO     |     → ✓ 적용 완료 (13.2초)
2026-03-25 17:25:53 | INFO     |     → 🧩 데이터 재조립 중...
2026-03-25 17:25:53 | INFO     |       - key_df 컬럼: 4개 (['geoId', 'geo_lon', 'geo_lat', 'dateTime'])
2026-03-25 17:25:53 | INFO     |       - imputed_df_data_part 컬럼: 42개
2026-03-25 17:26:21 | INFO     |       - final_imputed_df 컬럼: 46개
2026-03-25 17:26:21 | INFO     |     → ✓ 재조립 완료.
2026-03-25 17:26:21 | INFO     |     → 💾 Imputed 데이터 시간별 저장 중...
2026-03-25 17:26:46 | INFO     |     → ✓ 24개 시간별 파일 저장 완료.
2026-03-25 17:26:46 | INFO     | --- 2026-01-17 Imputation 적용 시작 ---
2026-03-25 17:26:46 | INFO     |   → 讀 2026-01-17 데이터 로드 중 (24개 파일)...
2026-03-25 17:26:53 | INFO     |     → ✓ 로드 및 병합 완료 (총 2570400행)
2026-03-25 17:26:56 | INFO     |     → ⚙️ Imputation 적용 데이터 분리 중...
2026-03-25 17:26:56 | INFO     |       - 제거된 컬럼: 52개
2026-03-25 17:26:56 | INFO     |       - 적용 대상 컬럼: 42개
2026-03-25 17:26:56 | INFO     |     → ✨ Imputation 적용 중 (transform)...
2026-03-25 17:27:08 | INFO     |     → ✓ 적용 완료 (12.2초)
2026-03-25 17:27:08 | INFO     |     → 🧩 데이터 재조립 중...
2026-03-25 17:27:08 | INFO     |       - key_df 컬럼: 4개 (['geoId', 'geo_lon', 'geo_lat', 'dateTime'])
2026-03-25 17:27:08 | INFO     |       - imputed_df_data_part 컬럼: 42개
2026-03-25 17:27:36 | INFO     |       - final_imputed_df 컬럼: 46개
2026-03-25 17:27:36 | INFO     |     → ✓ 재조립 완료.
2026-03-25 17:27:36 | INFO     |     → 💾 Imputed 데이터 시간별 저장 중...
2026-03-25 17:28:01 | INFO     |     → ✓ 24개 시간별 파일 저장 완료.
2026-03-25 17:28:01 | INFO     | --- 2026-01-18 Imputation 적용 시작 ---
2026-03-25 17:28:01 | INFO     |   → 讀 2026-01-18 데이터 로드 중 (24개 파일)...
2026-03-25 17:28:07 | INFO     |     → ✓ 로드 및 병합 완료 (총 2570400행)
2026-03-25 17:28:10 | INFO     |     → ⚙️ Imputation 적용 데이터 분리 중...
2026-03-25 17:28:10 | INFO     |       - 제거된 컬럼: 52개
2026-03-25 17:28:10 | INFO     |       - 적용 대상 컬럼: 42개
2026-03-25 17:28:10 | INFO     |     → ✨ Imputation 적용 중 (transform)...
2026-03-25 17:28:24 | INFO     |     → ✓ 적용 완료 (14.1초)
2026-03-25 17:28:24 | INFO     |     → 🧩 데이터 재조립 중...
2026-03-25 17:28:24 | INFO     |       - key_df 컬럼: 4개 (['geoId', 'geo_lon', 'geo_lat', 'dateTime'])
2026-03-25 17:28:24 | INFO     |       - imputed_df_data_part 컬럼: 42개
2026-03-25 17:28:53 | INFO     |       - final_imputed_df 컬럼: 46개
2026-03-25 17:28:53 | INFO     |     → ✓ 재조립 완료.
2026-03-25 17:28:53 | INFO     |     → 💾 Imputed 데이터 시간별 저장 중...
2026-03-25 17:29:17 | INFO     |     → ✓ 24개 시간별 파일 저장 완료.
2026-03-25 17:29:17 | INFO     | --- 2026-01-19 Imputation 적용 시작 ---
2026-03-25 17:29:17 | INFO     |   → 讀 2026-01-19 데이터 로드 중 (18개 파일)...
2026-03-25 17:29:22 | INFO     |     → ✓ 로드 및 병합 완료 (총 1927800행)
2026-03-25 17:29:24 | INFO     |     → ⚙️ Imputation 적용 데이터 분리 중...
2026-03-25 17:29:24 | INFO     |       - 제거된 컬럼: 52개
2026-03-25 17:29:24 | INFO     |       - 적용 대상 컬럼: 42개
2026-03-25 17:29:24 | INFO     |     → ✨ Imputation 적용 중 (transform)...
2026-03-25 17:29:40 | INFO     |     → ✓ 적용 완료 (15.4초)
2026-03-25 17:29:40 | INFO     |     → 🧩 데이터 재조립 중...
2026-03-25 17:29:40 | INFO     |       - key_df 컬럼: 4개 (['geoId', 'geo_lon', 'geo_lat', 'dateTime'])
2026-03-25 17:29:40 | INFO     |       - imputed_df_data_part 컬럼: 42개
2026-03-25 17:30:01 | INFO     |       - final_imputed_df 컬럼: 46개
2026-03-25 17:30:01 | INFO     |     → ✓ 재조립 완료.
2026-03-25 17:30:01 | INFO     |     → 💾 Imputed 데이터 시간별 저장 중...
2026-03-25 17:30:20 | INFO     |     → ✓ 18개 시간별 파일 저장 완료.
2026-03-25 17:30:20 | INFO     | --- 2026-01-22 Imputation 적용 시작 ---
2026-03-25 17:30:20 | INFO     |   → 讀 2026-01-22 데이터 로드 중 (8개 파일)...
2026-03-25 17:30:22 | INFO     |     → ✓ 로드 및 병합 완료 (총 856800행)
2026-03-25 17:30:22 | INFO     |     → ⚙️ Imputation 적용 데이터 분리 중...
2026-03-25 17:30:22 | INFO     |       - 제거된 컬럼: 52개
2026-03-25 17:30:22 | INFO     |       - 적용 대상 컬럼: 42개
2026-03-25 17:30:22 | INFO     |     → ✨ Imputation 적용 중 (transform)...
2026-03-25 17:30:29 | INFO     |     → ✓ 적용 완료 (6.7초)
2026-03-25 17:30:29 | INFO     |     → 🧩 데이터 재조립 중...
2026-03-25 17:30:29 | INFO     |       - key_df 컬럼: 4개 (['geoId', 'geo_lon', 'geo_lat', 'dateTime'])
2026-03-25 17:30:29 | INFO     |       - imputed_df_data_part 컬럼: 42개
2026-03-25 17:30:39 | INFO     |       - final_imputed_df 컬럼: 46개
2026-03-25 17:30:39 | INFO     |     → ✓ 재조립 완료.
2026-03-25 17:30:39 | INFO     |     → 💾 Imputed 데이터 시간별 저장 중...
2026-03-25 17:30:47 | INFO     |     → ✓ 8개 시간별 파일 저장 완료.
2026-03-25 17:30:47 | INFO     | --- 2026-01-23 Imputation 적용 시작 ---
2026-03-25 17:30:47 | INFO     |   → 讀 2026-01-23 데이터 로드 중 (24개 파일)...
2026-03-25 17:30:53 | INFO     |     → ✓ 로드 및 병합 완료 (총 2570400행)
2026-03-25 17:30:56 | INFO     |     → ⚙️ Imputation 적용 데이터 분리 중...
2026-03-25 17:30:56 | INFO     |       - 제거된 컬럼: 52개
2026-03-25 17:30:56 | INFO     |       - 적용 대상 컬럼: 42개
2026-03-25 17:30:56 | INFO     |     → ✨ Imputation 적용 중 (transform)...
2026-03-25 17:31:20 | INFO     |     → ✓ 적용 완료 (24.4초)
2026-03-25 17:31:21 | INFO     |     → 🧩 데이터 재조립 중...
2026-03-25 17:31:21 | INFO     |       - key_df 컬럼: 4개 (['geoId', 'geo_lon', 'geo_lat', 'dateTime'])
2026-03-25 17:31:21 | INFO     |       - imputed_df_data_part 컬럼: 42개
2026-03-25 17:31:49 | INFO     |       - final_imputed_df 컬럼: 46개
2026-03-25 17:31:49 | INFO     |     → ✓ 재조립 완료.
2026-03-25 17:31:49 | INFO     |     → 💾 Imputed 데이터 시간별 저장 중...
2026-03-25 17:32:16 | INFO     |     → ✓ 24개 시간별 파일 저장 완료.
2026-03-25 17:32:16 | INFO     | --- 2026-01-24 Imputation 적용 시작 ---
2026-03-25 17:32:16 | INFO     |   → 讀 2026-01-24 데이터 로드 중 (24개 파일)...
2026-03-25 17:32:22 | INFO     |     → ✓ 로드 및 병합 완료 (총 2570400행)
2026-03-25 17:32:25 | INFO     |     → ⚙️ Imputation 적용 데이터 분리 중...
2026-03-25 17:32:25 | INFO     |       - 제거된 컬럼: 52개
2026-03-25 17:32:25 | INFO     |       - 적용 대상 컬럼: 42개
2026-03-25 17:32:25 | INFO     |     → ✨ Imputation 적용 중 (transform)...
2026-03-25 17:32:43 | INFO     |     → ✓ 적용 완료 (18.5초)
2026-03-25 17:32:44 | INFO     |     → 🧩 데이터 재조립 중...
2026-03-25 17:32:44 | INFO     |       - key_df 컬럼: 4개 (['geoId', 'geo_lon', 'geo_lat', 'dateTime'])
2026-03-25 17:32:44 | INFO     |       - imputed_df_data_part 컬럼: 42개
2026-03-25 17:33:12 | INFO     |       - final_imputed_df 컬럼: 46개
2026-03-25 17:33:12 | INFO     |     → ✓ 재조립 완료.
2026-03-25 17:33:12 | INFO     |     → 💾 Imputed 데이터 시간별 저장 중...
2026-03-25 17:33:38 | INFO     |     → ✓ 24개 시간별 파일 저장 완료.
2026-03-25 17:33:38 | INFO     | --- 2026-01-25 Imputation 적용 시작 ---
2026-03-25 17:33:38 | INFO     |   → 讀 2026-01-25 데이터 로드 중 (24개 파일)...
2026-03-25 17:33:45 | INFO     |     → ✓ 로드 및 병합 완료 (총 2570400행)
2026-03-25 17:33:48 | INFO     |     → ⚙️ Imputation 적용 데이터 분리 중...
2026-03-25 17:33:48 | INFO     |       - 제거된 컬럼: 52개
2026-03-25 17:33:48 | INFO     |       - 적용 대상 컬럼: 42개
2026-03-25 17:33:48 | INFO     |     → ✨ Imputation 적용 중 (transform)...
2026-03-25 17:33:59 | INFO     |     → ✓ 적용 완료 (11.0초)
2026-03-25 17:33:59 | INFO     |     → 🧩 데이터 재조립 중...
2026-03-25 17:33:59 | INFO     |       - key_df 컬럼: 4개 (['geoId', 'geo_lon', 'geo_lat', 'dateTime'])
2026-03-25 17:33:59 | INFO     |       - imputed_df_data_part 컬럼: 42개
2026-03-25 17:34:27 | INFO     |       - final_imputed_df 컬럼: 46개
2026-03-25 17:34:27 | INFO     |     → ✓ 재조립 완료.
2026-03-25 17:34:27 | INFO     |     → 💾 Imputed 데이터 시간별 저장 중...
2026-03-25 17:34:51 | INFO     |     → ✓ 24개 시간별 파일 저장 완료.
2026-03-25 17:34:52 | INFO     | --- 2026-01-26 Imputation 적용 시작 ---
2026-03-25 17:34:52 | INFO     |   → 讀 2026-01-26 데이터 로드 중 (23개 파일)...
2026-03-25 17:34:58 | INFO     |     → ✓ 로드 및 병합 완료 (총 2463300행)
2026-03-25 17:35:01 | INFO     |     → ⚙️ Imputation 적용 데이터 분리 중...
2026-03-25 17:35:01 | INFO     |       - 제거된 컬럼: 52개
2026-03-25 17:35:01 | INFO     |       - 적용 대상 컬럼: 42개
2026-03-25 17:35:01 | INFO     |     → ✨ Imputation 적용 중 (transform)...
2026-03-25 17:35:11 | INFO     |     → ✓ 적용 완료 (10.6초)
2026-03-25 17:35:11 | INFO     |     → 🧩 데이터 재조립 중...
2026-03-25 17:35:11 | INFO     |       - key_df 컬럼: 4개 (['geoId', 'geo_lon', 'geo_lat', 'dateTime'])
2026-03-25 17:35:11 | INFO     |       - imputed_df_data_part 컬럼: 42개
2026-03-25 17:35:38 | INFO     |       - final_imputed_df 컬럼: 46개
2026-03-25 17:35:38 | INFO     |     → ✓ 재조립 완료.
2026-03-25 17:35:38 | INFO     |     → 💾 Imputed 데이터 시간별 저장 중...
2026-03-25 17:36:02 | INFO     |     → ✓ 23개 시간별 파일 저장 완료.
2026-03-25 17:36:02 | INFO     | --- 2026-01-27 Imputation 적용 시작 ---
2026-03-25 17:36:02 | INFO     |   → 讀 2026-01-27 데이터 로드 중 (24개 파일)...
2026-03-25 17:36:08 | INFO     |     → ✓ 로드 및 병합 완료 (총 2570400행)
2026-03-25 17:36:11 | INFO     |     → ⚙️ Imputation 적용 데이터 분리 중...
2026-03-25 17:36:11 | INFO     |       - 제거된 컬럼: 52개
2026-03-25 17:36:11 | INFO     |       - 적용 대상 컬럼: 42개
2026-03-25 17:36:11 | INFO     |     → ✨ Imputation 적용 중 (transform)...
2026-03-25 17:36:24 | INFO     |     → ✓ 적용 완료 (12.9초)
2026-03-25 17:36:24 | INFO     |     → 🧩 데이터 재조립 중...
2026-03-25 17:36:24 | INFO     |       - key_df 컬럼: 4개 (['geoId', 'geo_lon', 'geo_lat', 'dateTime'])
2026-03-25 17:36:24 | INFO     |       - imputed_df_data_part 컬럼: 42개
2026-03-25 17:36:52 | INFO     |       - final_imputed_df 컬럼: 46개
2026-03-25 17:36:52 | INFO     |     → ✓ 재조립 완료.
2026-03-25 17:36:52 | INFO     |     → 💾 Imputed 데이터 시간별 저장 중...
2026-03-25 17:37:17 | INFO     |     → ✓ 24개 시간별 파일 저장 완료.
2026-03-25 17:37:17 | INFO     | --- 2026-01-28 Imputation 적용 시작 ---
2026-03-25 17:37:17 | INFO     |   → 讀 2026-01-28 데이터 로드 중 (24개 파일)...
2026-03-25 17:37:24 | INFO     |     → ✓ 로드 및 병합 완료 (총 2570400행)
2026-03-25 17:37:26 | INFO     |     → ⚙️ Imputation 적용 데이터 분리 중...
2026-03-25 17:37:27 | INFO     |       - 제거된 컬럼: 52개
2026-03-25 17:37:27 | INFO     |       - 적용 대상 컬럼: 42개
2026-03-25 17:37:27 | INFO     |     → ✨ Imputation 적용 중 (transform)...
2026-03-25 17:37:42 | INFO     |     → ✓ 적용 완료 (15.8초)
2026-03-25 17:37:42 | INFO     |     → 🧩 데이터 재조립 중...
2026-03-25 17:37:42 | INFO     |       - key_df 컬럼: 4개 (['geoId', 'geo_lon', 'geo_lat', 'dateTime'])
2026-03-25 17:37:42 | INFO     |       - imputed_df_data_part 컬럼: 42개
2026-03-25 17:38:11 | INFO     |       - final_imputed_df 컬럼: 46개
2026-03-25 17:38:11 | INFO     |     → ✓ 재조립 완료.
2026-03-25 17:38:11 | INFO     |     → 💾 Imputed 데이터 시간별 저장 중...
2026-03-25 17:38:36 | INFO     |     → ✓ 24개 시간별 파일 저장 완료.
2026-03-25 17:38:36 | INFO     | --- 2026-01-29 Imputation 적용 시작 ---
2026-03-25 17:38:36 | INFO     |   → 讀 2026-01-29 데이터 로드 중 (24개 파일)...
2026-03-25 17:38:43 | INFO     |     → ✓ 로드 및 병합 완료 (총 2570400행)
2026-03-25 17:38:45 | INFO     |     → ⚙️ Imputation 적용 데이터 분리 중...
2026-03-25 17:38:45 | INFO     |       - 제거된 컬럼: 52개
2026-03-25 17:38:45 | INFO     |       - 적용 대상 컬럼: 42개
2026-03-25 17:38:45 | INFO     |     → ✨ Imputation 적용 중 (transform)...
2026-03-25 17:38:58 | INFO     |     → ✓ 적용 완료 (12.9초)
2026-03-25 17:38:58 | INFO     |     → 🧩 데이터 재조립 중...
2026-03-25 17:38:58 | INFO     |       - key_df 컬럼: 4개 (['geoId', 'geo_lon', 'geo_lat', 'dateTime'])
2026-03-25 17:38:58 | INFO     |       - imputed_df_data_part 컬럼: 42개
2026-03-25 17:39:27 | INFO     |       - final_imputed_df 컬럼: 46개
2026-03-25 17:39:27 | INFO     |     → ✓ 재조립 완료.
2026-03-25 17:39:27 | INFO     |     → 💾 Imputed 데이터 시간별 저장 중...
2026-03-25 17:40:01 | INFO     |     → ✓ 24개 시간별 파일 저장 완료.
2026-03-25 17:40:01 | INFO     | --- 2026-01-30 Imputation 적용 시작 ---
2026-03-25 17:40:01 | INFO     |   → 讀 2026-01-30 데이터 로드 중 (24개 파일)...
2026-03-25 17:40:08 | INFO     |     → ✓ 로드 및 병합 완료 (총 2570400행)
2026-03-25 17:40:11 | INFO     |     → ⚙️ Imputation 적용 데이터 분리 중...
2026-03-25 17:40:11 | INFO     |       - 제거된 컬럼: 52개
2026-03-25 17:40:11 | INFO     |       - 적용 대상 컬럼: 42개
2026-03-25 17:40:11 | INFO     |     → ✨ Imputation 적용 중 (transform)...
2026-03-25 17:40:26 | INFO     |     → ✓ 적용 완료 (15.6초)
2026-03-25 17:40:26 | INFO     |     → 🧩 데이터 재조립 중...
2026-03-25 17:40:26 | INFO     |       - key_df 컬럼: 4개 (['geoId', 'geo_lon', 'geo_lat', 'dateTime'])
2026-03-25 17:40:26 | INFO     |       - imputed_df_data_part 컬럼: 42개
2026-03-25 17:40:55 | INFO     |       - final_imputed_df 컬럼: 46개
2026-03-25 17:40:55 | INFO     |     → ✓ 재조립 완료.
2026-03-25 17:40:55 | INFO     |     → 💾 Imputed 데이터 시간별 저장 중...
2026-03-25 17:41:19 | INFO     |     → ✓ 24개 시간별 파일 저장 완료.
2026-03-25 17:41:19 | INFO     | --- 2026-01-31 Imputation 적용 시작 ---
2026-03-25 17:41:19 | INFO     |   → 讀 2026-01-31 데이터 로드 중 (24개 파일)...
2026-03-25 17:41:26 | INFO     |     → ✓ 로드 및 병합 완료 (총 2570400행)
2026-03-25 17:41:28 | INFO     |     → ⚙️ Imputation 적용 데이터 분리 중...
2026-03-25 17:41:28 | INFO     |       - 제거된 컬럼: 52개
2026-03-25 17:41:28 | INFO     |       - 적용 대상 컬럼: 42개
2026-03-25 17:41:28 | INFO     |     → ✨ Imputation 적용 중 (transform)...
2026-03-25 17:41:44 | INFO     |     → ✓ 적용 완료 (15.8초)
2026-03-25 17:41:44 | INFO     |     → 🧩 데이터 재조립 중...
2026-03-25 17:41:44 | INFO     |       - key_df 컬럼: 4개 (['geoId', 'geo_lon', 'geo_lat', 'dateTime'])
2026-03-25 17:41:44 | INFO     |       - imputed_df_data_part 컬럼: 42개
2026-03-25 17:42:12 | INFO     |       - final_imputed_df 컬럼: 46개
2026-03-25 17:42:12 | INFO     |     → ✓ 재조립 완료.
2026-03-25 17:42:12 | INFO     |     → 💾 Imputed 데이터 시간별 저장 중...
2026-03-25 17:42:37 | INFO     |     → ✓ 24개 시간별 파일 저장 완료.
2026-03-25 17:42:38 | INFO     | --- 2026-02-01 Imputation 적용 시작 ---
2026-03-25 17:42:38 | INFO     |   → 讀 2026-02-01 데이터 로드 중 (24개 파일)...
2026-03-25 17:42:44 | INFO     |     → ✓ 로드 및 병합 완료 (총 2570400행)
2026-03-25 17:42:47 | INFO     |     → ⚙️ Imputation 적용 데이터 분리 중...
2026-03-25 17:42:47 | INFO     |       - 제거된 컬럼: 52개
2026-03-25 17:42:47 | INFO     |       - 적용 대상 컬럼: 42개
2026-03-25 17:42:47 | INFO     |     → ✨ Imputation 적용 중 (transform)...
2026-03-25 17:42:58 | INFO     |     → ✓ 적용 완료 (11.1초)
2026-03-25 17:42:58 | INFO     |     → 🧩 데이터 재조립 중...
2026-03-25 17:42:58 | INFO     |       - key_df 컬럼: 4개 (['geoId', 'geo_lon', 'geo_lat', 'dateTime'])
2026-03-25 17:42:58 | INFO     |       - imputed_df_data_part 컬럼: 42개
2026-03-25 17:43:26 | INFO     |       - final_imputed_df 컬럼: 46개
2026-03-25 17:43:26 | INFO     |     → ✓ 재조립 완료.
2026-03-25 17:43:26 | INFO     |     → 💾 Imputed 데이터 시간별 저장 중...
2026-03-25 17:43:51 | INFO     |     → ✓ 24개 시간별 파일 저장 완료.
2026-03-25 17:43:51 | INFO     | --- 2026-02-02 Imputation 적용 시작 ---
2026-03-25 17:43:51 | INFO     |   → 讀 2026-02-02 데이터 로드 중 (24개 파일)...
2026-03-25 17:43:57 | INFO     |     → ✓ 로드 및 병합 완료 (총 2570400행)
2026-03-25 17:44:00 | INFO     |     → ⚙️ Imputation 적용 데이터 분리 중...
2026-03-25 17:44:00 | INFO     |       - 제거된 컬럼: 52개
2026-03-25 17:44:00 | INFO     |       - 적용 대상 컬럼: 42개
2026-03-25 17:44:00 | INFO     |     → ✨ Imputation 적용 중 (transform)...
2026-03-25 17:44:16 | INFO     |     → ✓ 적용 완료 (15.7초)
2026-03-25 17:44:16 | INFO     |     → 🧩 데이터 재조립 중...
2026-03-25 17:44:16 | INFO     |       - key_df 컬럼: 4개 (['geoId', 'geo_lon', 'geo_lat', 'dateTime'])
2026-03-25 17:44:16 | INFO     |       - imputed_df_data_part 컬럼: 42개
2026-03-25 17:44:44 | INFO     |       - final_imputed_df 컬럼: 46개
2026-03-25 17:44:44 | INFO     |     → ✓ 재조립 완료.
2026-03-25 17:44:44 | INFO     |     → 💾 Imputed 데이터 시간별 저장 중...
2026-03-25 17:45:10 | INFO     |     → ✓ 24개 시간별 파일 저장 완료.
2026-03-25 17:45:10 | INFO     | --- 2026-02-03 Imputation 적용 시작 ---
2026-03-25 17:45:10 | INFO     |   → 讀 2026-02-03 데이터 로드 중 (24개 파일)...
2026-03-25 17:45:16 | INFO     |     → ✓ 로드 및 병합 완료 (총 2570400행)
2026-03-25 17:45:20 | INFO     |     → ⚙️ Imputation 적용 데이터 분리 중...
2026-03-25 17:45:20 | INFO     |       - 제거된 컬럼: 52개
2026-03-25 17:45:20 | INFO     |       - 적용 대상 컬럼: 42개
2026-03-25 17:45:20 | INFO     |     → ✨ Imputation 적용 중 (transform)...
2026-03-25 17:45:49 | INFO     |     → ✓ 적용 완료 (29.4초)
2026-03-25 17:45:49 | INFO     |     → 🧩 데이터 재조립 중...
2026-03-25 17:45:49 | INFO     |       - key_df 컬럼: 4개 (['geoId', 'geo_lon', 'geo_lat', 'dateTime'])
2026-03-25 17:45:49 | INFO     |       - imputed_df_data_part 컬럼: 42개
2026-03-25 17:46:18 | INFO     |       - final_imputed_df 컬럼: 46개
2026-03-25 17:46:18 | INFO     |     → ✓ 재조립 완료.
2026-03-25 17:46:18 | INFO     |     → 💾 Imputed 데이터 시간별 저장 중...
2026-03-25 17:46:45 | INFO     |     → ✓ 24개 시간별 파일 저장 완료.
2026-03-25 17:46:45 | INFO     | --- 2026-02-04 Imputation 적용 시작 ---
2026-03-25 17:46:45 | INFO     |   → 讀 2026-02-04 데이터 로드 중 (24개 파일)...
2026-03-25 17:46:51 | INFO     |     → ✓ 로드 및 병합 완료 (총 2570400행)
2026-03-25 17:46:55 | INFO     |     → ⚙️ Imputation 적용 데이터 분리 중...
2026-03-25 17:46:55 | INFO     |       - 제거된 컬럼: 52개
2026-03-25 17:46:55 | INFO     |       - 적용 대상 컬럼: 42개
2026-03-25 17:46:55 | INFO     |     → ✨ Imputation 적용 중 (transform)...
2026-03-25 17:47:13 | INFO     |     → ✓ 적용 완료 (17.6초)
2026-03-25 17:47:13 | INFO     |     → 🧩 데이터 재조립 중...
2026-03-25 17:47:13 | INFO     |       - key_df 컬럼: 4개 (['geoId', 'geo_lon', 'geo_lat', 'dateTime'])
2026-03-25 17:47:13 | INFO     |       - imputed_df_data_part 컬럼: 42개
2026-03-25 17:47:41 | INFO     |       - final_imputed_df 컬럼: 46개
2026-03-25 17:47:41 | INFO     |     → ✓ 재조립 완료.
2026-03-25 17:47:41 | INFO     |     → 💾 Imputed 데이터 시간별 저장 중...
2026-03-25 17:48:07 | INFO     |     → ✓ 24개 시간별 파일 저장 완료.
2026-03-25 17:48:07 | INFO     | --- 2026-02-05 Imputation 적용 시작 ---
2026-03-25 17:48:07 | INFO     |     → 讀 Imputer 로드 중: gk2a_imputer_2026-02-05.pkl (Pivot: 2026-02-05)
2026-03-25 17:48:07 | INFO     |     → ✓ Pivot 2026-02-05 Imputer 로드 완료.
2026-03-25 17:48:07 | INFO     |   → 讀 2026-02-05 데이터 로드 중 (24개 파일)...
2026-03-25 17:48:13 | INFO     |     → ✓ 로드 및 병합 완료 (총 2570400행)
2026-03-25 17:48:17 | INFO     |     → ⚙️ Imputation 적용 데이터 분리 중...
2026-03-25 17:48:17 | INFO     |       - 제거된 컬럼: 52개
2026-03-25 17:48:17 | INFO     |       - 적용 대상 컬럼: 42개
2026-03-25 17:48:17 | INFO     |     → ✨ Imputation 적용 중 (transform)...
2026-03-25 17:48:47 | INFO     |     → ✓ 적용 완료 (30.2초)
2026-03-25 17:48:47 | INFO     |     → 🧩 데이터 재조립 중...
2026-03-25 17:48:47 | INFO     |       - key_df 컬럼: 4개 (['geoId', 'geo_lon', 'geo_lat', 'dateTime'])
2026-03-25 17:48:47 | INFO     |       - imputed_df_data_part 컬럼: 42개
2026-03-25 17:49:16 | INFO     |       - final_imputed_df 컬럼: 46개
2026-03-25 17:49:16 | INFO     |     → ✓ 재조립 완료.
2026-03-25 17:49:16 | INFO     |     → 💾 Imputed 데이터 시간별 저장 중...
2026-03-25 17:49:42 | INFO     |     → ✓ 24개 시간별 파일 저장 완료.
2026-03-25 17:49:42 | INFO     | --- 2026-02-06 Imputation 적용 시작 ---
2026-03-25 17:49:42 | INFO     |     → 讀 Imputer 로드 중: gk2a_imputer_2026-02-06.pkl (Pivot: 2026-02-06)
2026-03-25 17:49:42 | INFO     |     → ✓ Pivot 2026-02-06 Imputer 로드 완료.
2026-03-25 17:49:42 | INFO     |   → 讀 2026-02-06 데이터 로드 중 (24개 파일)...
2026-03-25 17:49:49 | INFO     |     → ✓ 로드 및 병합 완료 (총 2570400행)
2026-03-25 17:49:52 | INFO     |     → ⚙️ Imputation 적용 데이터 분리 중...
2026-03-25 17:49:52 | INFO     |       - 제거된 컬럼: 52개
2026-03-25 17:49:52 | INFO     |       - 적용 대상 컬럼: 42개
2026-03-25 17:49:52 | INFO     |     → ✨ Imputation 적용 중 (transform)...
2026-03-25 17:50:07 | INFO     |     → ✓ 적용 완료 (14.8초)
2026-03-25 17:50:07 | INFO     |     → 🧩 데이터 재조립 중...
2026-03-25 17:50:07 | INFO     |       - key_df 컬럼: 4개 (['geoId', 'geo_lon', 'geo_lat', 'dateTime'])
2026-03-25 17:50:07 | INFO     |       - imputed_df_data_part 컬럼: 42개
2026-03-25 17:50:35 | INFO     |       - final_imputed_df 컬럼: 46개
2026-03-25 17:50:35 | INFO     |     → ✓ 재조립 완료.
2026-03-25 17:50:35 | INFO     |     → 💾 Imputed 데이터 시간별 저장 중...
2026-03-25 17:51:00 | INFO     |     → ✓ 24개 시간별 파일 저장 완료.
2026-03-25 17:51:00 | INFO     | --- 2026-02-07 Imputation 적용 시작 ---
2026-03-25 17:51:00 | INFO     |     → 讀 Imputer 로드 중: gk2a_imputer_2026-02-07.pkl (Pivot: 2026-02-07)
2026-03-25 17:51:00 | INFO     |     → ✓ Pivot 2026-02-07 Imputer 로드 완료.
2026-03-25 17:51:00 | INFO     |   → 讀 2026-02-07 데이터 로드 중 (24개 파일)...
2026-03-25 17:51:06 | INFO     |     → ✓ 로드 및 병합 완료 (총 2570400행)
2026-03-25 17:51:09 | INFO     |     → ⚙️ Imputation 적용 데이터 분리 중...
2026-03-25 17:51:09 | INFO     |       - 제거된 컬럼: 52개
2026-03-25 17:51:09 | INFO     |       - 적용 대상 컬럼: 42개
2026-03-25 17:51:09 | INFO     |     → ✨ Imputation 적용 중 (transform)...
2026-03-25 17:51:30 | INFO     |     → ✓ 적용 완료 (20.6초)
2026-03-25 17:51:30 | INFO     |     → 🧩 데이터 재조립 중...
2026-03-25 17:51:30 | INFO     |       - key_df 컬럼: 4개 (['geoId', 'geo_lon', 'geo_lat', 'dateTime'])
2026-03-25 17:51:30 | INFO     |       - imputed_df_data_part 컬럼: 42개
2026-03-25 17:51:58 | INFO     |       - final_imputed_df 컬럼: 46개
2026-03-25 17:51:58 | INFO     |     → ✓ 재조립 완료.
2026-03-25 17:51:58 | INFO     |     → 💾 Imputed 데이터 시간별 저장 중...
2026-03-25 17:52:24 | INFO     |     → ✓ 24개 시간별 파일 저장 완료.
2026-03-25 17:52:24 | INFO     | --- 2026-02-08 Imputation 적용 시작 ---
2026-03-25 17:52:24 | INFO     |     → 讀 Imputer 로드 중: gk2a_imputer_2026-02-08.pkl (Pivot: 2026-02-08)
2026-03-25 17:52:24 | INFO     |     → ✓ Pivot 2026-02-08 Imputer 로드 완료.
2026-03-25 17:52:24 | INFO     |   → 讀 2026-02-08 데이터 로드 중 (24개 파일)...
2026-03-25 17:52:31 | INFO     |     → ✓ 로드 및 병합 완료 (총 2570400행)
2026-03-25 17:52:34 | INFO     |     → ⚙️ Imputation 적용 데이터 분리 중...
2026-03-25 17:52:34 | INFO     |       - 제거된 컬럼: 52개
2026-03-25 17:52:34 | INFO     |       - 적용 대상 컬럼: 42개
2026-03-25 17:52:34 | INFO     |     → ✨ Imputation 적용 중 (transform)...
2026-03-25 17:52:47 | INFO     |     → ✓ 적용 완료 (13.3초)
2026-03-25 17:52:47 | INFO     |     → 🧩 데이터 재조립 중...
2026-03-25 17:52:47 | INFO     |       - key_df 컬럼: 4개 (['geoId', 'geo_lon', 'geo_lat', 'dateTime'])
2026-03-25 17:52:47 | INFO     |       - imputed_df_data_part 컬럼: 42개
2026-03-25 17:53:15 | INFO     |       - final_imputed_df 컬럼: 46개
2026-03-25 17:53:15 | INFO     |     → ✓ 재조립 완료.
2026-03-25 17:53:15 | INFO     |     → 💾 Imputed 데이터 시간별 저장 중...
2026-03-25 17:53:41 | INFO     |     → ✓ 24개 시간별 파일 저장 완료.
2026-03-25 17:53:41 | INFO     | --- 2026-02-09 Imputation 적용 시작 ---
2026-03-25 17:53:41 | INFO     |     → 讀 Imputer 로드 중: gk2a_imputer_2026-02-09.pkl (Pivot: 2026-02-09)
2026-03-25 17:53:41 | INFO     |     → ✓ Pivot 2026-02-09 Imputer 로드 완료.
2026-03-25 17:53:41 | INFO     |   → 讀 2026-02-09 데이터 로드 중 (24개 파일)...
2026-03-25 17:53:48 | INFO     |     → ✓ 로드 및 병합 완료 (총 2570400행)
2026-03-25 17:53:51 | INFO     |     → ⚙️ Imputation 적용 데이터 분리 중...
2026-03-25 17:53:51 | INFO     |       - 제거된 컬럼: 52개
2026-03-25 17:53:51 | INFO     |       - 적용 대상 컬럼: 42개
2026-03-25 17:53:51 | INFO     |     → ✨ Imputation 적용 중 (transform)...
2026-03-25 17:54:12 | INFO     |     → ✓ 적용 완료 (21.0초)
2026-03-25 17:54:12 | INFO     |     → 🧩 데이터 재조립 중...
2026-03-25 17:54:12 | INFO     |       - key_df 컬럼: 4개 (['geoId', 'geo_lon', 'geo_lat', 'dateTime'])
2026-03-25 17:54:12 | INFO     |       - imputed_df_data_part 컬럼: 42개
2026-03-25 17:54:41 | INFO     |       - final_imputed_df 컬럼: 46개
2026-03-25 17:54:41 | INFO     |     → ✓ 재조립 완료.
2026-03-25 17:54:41 | INFO     |     → 💾 Imputed 데이터 시간별 저장 중...
2026-03-25 17:55:06 | INFO     |     → ✓ 24개 시간별 파일 저장 완료.
2026-03-25 17:55:06 | INFO     | --- 2026-02-10 Imputation 적용 시작 ---
2026-03-25 17:55:06 | INFO     |     → 讀 Imputer 로드 중: gk2a_imputer_2026-02-10.pkl (Pivot: 2026-02-10)
2026-03-25 17:55:06 | INFO     |     → ✓ Pivot 2026-02-10 Imputer 로드 완료.
2026-03-25 17:55:06 | INFO     |   → 讀 2026-02-10 데이터 로드 중 (24개 파일)...
2026-03-25 17:55:13 | INFO     |     → ✓ 로드 및 병합 완료 (총 2570400행)
2026-03-25 17:55:16 | INFO     |     → ⚙️ Imputation 적용 데이터 분리 중...
2026-03-25 17:55:16 | INFO     |       - 제거된 컬럼: 52개
2026-03-25 17:55:16 | INFO     |       - 적용 대상 컬럼: 42개
2026-03-25 17:55:16 | INFO     |     → ✨ Imputation 적용 중 (transform)...
2026-03-25 17:55:34 | INFO     |     → ✓ 적용 완료 (18.2초)
2026-03-25 17:55:34 | INFO     |     → 🧩 데이터 재조립 중...
2026-03-25 17:55:34 | INFO     |       - key_df 컬럼: 4개 (['geoId', 'geo_lon', 'geo_lat', 'dateTime'])
2026-03-25 17:55:34 | INFO     |       - imputed_df_data_part 컬럼: 42개
2026-03-25 17:56:02 | INFO     |       - final_imputed_df 컬럼: 46개
2026-03-25 17:56:02 | INFO     |     → ✓ 재조립 완료.
2026-03-25 17:56:02 | INFO     |     → 💾 Imputed 데이터 시간별 저장 중...
2026-03-25 17:56:28 | INFO     |     → ✓ 24개 시간별 파일 저장 완료.
2026-03-25 17:56:28 | INFO     | --- 2026-02-11 Imputation 적용 시작 ---
2026-03-25 17:56:28 | INFO     |     → 讀 Imputer 로드 중: gk2a_imputer_2026-02-11.pkl (Pivot: 2026-02-11)
2026-03-25 17:56:28 | INFO     |     → ✓ Pivot 2026-02-11 Imputer 로드 완료.
2026-03-25 17:56:28 | INFO     |   → 讀 2026-02-11 데이터 로드 중 (23개 파일)...
2026-03-25 17:56:34 | INFO     |     → ✓ 로드 및 병합 완료 (총 2463300행)
2026-03-25 17:56:38 | INFO     |     → ⚙️ Imputation 적용 데이터 분리 중...
2026-03-25 17:56:38 | INFO     |       - 제거된 컬럼: 52개
2026-03-25 17:56:38 | INFO     |       - 적용 대상 컬럼: 42개
2026-03-25 17:56:38 | INFO     |     → ✨ Imputation 적용 중 (transform)...
2026-03-25 17:57:03 | INFO     |     → ✓ 적용 완료 (25.1초)
2026-03-25 17:57:03 | INFO     |     → 🧩 데이터 재조립 중...
2026-03-25 17:57:03 | INFO     |       - key_df 컬럼: 4개 (['geoId', 'geo_lon', 'geo_lat', 'dateTime'])
2026-03-25 17:57:03 | INFO     |       - imputed_df_data_part 컬럼: 42개
2026-03-25 17:57:31 | INFO     |       - final_imputed_df 컬럼: 46개
2026-03-25 17:57:31 | INFO     |     → ✓ 재조립 완료.
2026-03-25 17:57:31 | INFO     |     → 💾 Imputed 데이터 시간별 저장 중...
2026-03-25 17:57:56 | INFO     |     → ✓ 23개 시간별 파일 저장 완료.
2026-03-25 17:57:56 | INFO     | ======================================================================
2026-03-25 17:57:56 | INFO     | 🎉 [결측치 채우기] 작업이 완료되었습니다.
2026-03-25 17:57:56 | INFO     |   - 총 1020개의 시간별 파일이 생성/업데이트되었습니다.
2026-03-25 17:57:56 | INFO     |   - 총 0개 날짜를 건너뛰었습니다.
2026-03-25 17:57:56 | INFO     | 최종 Imputed 데이터는 C:\Users\USER\Documents\GitHub\COMS-KMA.AI\Data\2.imputed 에서 확인하세요.
2026-03-25 17:57:56 | INFO     | 상세 로그는 C:\Users\USER\Documents\GitHub\COMS-KMA.AI\Data\2.imputed\logs\impute_data_GK2A_20251214_to_20260211_20260325_170050.log 에서 확인하세요.
2026-03-25 17:57:56 | INFO     | ======================================================================
